Copyright 1986-2019 Xilinx, Inc. All Rights Reserved.
--------------------------------------------------------------------------------------
| Tool Version : Vivado v.2019.2 (win64) Build 2708876 Wed Nov  6 21:40:23 MST 2019
| Date         : Mon Dec  8 21:34:07 2025
| Host         : LAPTOP-JOE running 64-bit major release  (build 9200)
| Command      : report_control_sets -verbose -file music_top_control_sets_placed.rpt
| Design       : music_top
| Device       : xc7a100t
--------------------------------------------------------------------------------------

Control Set Information

Table of Contents
-----------------
1. Summary
2. Histogram
3. Flip-Flop Distribution
4. Detailed Control Set Information

1. Summary
----------

+----------------------------------------------------------+-------+
|                          Status                          | Count |
+----------------------------------------------------------+-------+
| Total control sets                                       |     9 |
|    Minimum number of control sets                        |     9 |
|    Addition due to synthesis replication                 |     0 |
|    Addition due to physical synthesis replication        |     0 |
| Unused register locations in slices containing registers |    43 |
+----------------------------------------------------------+-------+
* Control sets can be merged at opt_design using control_set_merge or merge_equivalent_drivers
** Run report_qor_suggestions for automated merging and remapping suggestions


2. Histogram
------------

+--------------------+-------+
|       Fanout       | Count |
+--------------------+-------+
| Total control sets |     9 |
| >= 0 to < 4        |     3 |
| >= 4 to < 6        |     0 |
| >= 6 to < 8        |     1 |
| >= 8 to < 10       |     1 |
| >= 10 to < 12      |     3 |
| >= 12 to < 14      |     0 |
| >= 14 to < 16      |     0 |
| >= 16              |     1 |
+--------------------+-------+
* Control sets can be remapped at either synth_design or opt_design


3. Flip-Flop Distribution
-------------------------

+--------------+-----------------------+------------------------+-----------------+--------------+
| Clock Enable | Synchronous Set/Reset | Asynchronous Set/Reset | Total Registers | Total Slices |
+--------------+-----------------------+------------------------+-----------------+--------------+
| No           | No                    | No                     |              22 |           11 |
| No           | No                    | Yes                    |               2 |            1 |
| No           | Yes                   | No                     |              17 |            6 |
| Yes          | No                    | No                     |               1 |            1 |
| Yes          | No                    | Yes                    |               0 |            0 |
| Yes          | Yes                   | No                     |              27 |            8 |
+--------------+-----------------------+------------------------+-----------------+--------------+


4. Detailed Control Set Information
-----------------------------------

+-------------------------+------------------------+------------------------+------------------+----------------+
|       Clock Signal      |      Enable Signal     |    Set/Reset Signal    | Slice Load Count | Bel Load Count |
+-------------------------+------------------------+------------------------+------------------+----------------+
|  M1/C2/clk2048kHz_reg_0 | M1/address[16]_i_2_n_0 |                        |                1 |              1 |
|  C1/out[0]              |                        |                        |                2 |              2 |
|  CLK100MHZ_IBUF_BUFG    |                        | BTND_IBUF              |                1 |              2 |
|  CLK100MHZ_IBUF_BUFG    |                        | M1/C2/count[5]_i_1_n_0 |                2 |              6 |
|  M1/C2/clk2048kHz_reg_0 |                        |                        |                4 |              9 |
|  C1/out[0]              |                        | V1/hMaxed              |                4 |             11 |
|  C1/out[0]              | V1/hMaxed              | V1/yPixel[10]_i_1_n_0  |                4 |             11 |
|  CLK100MHZ_IBUF_BUFG    |                        |                        |                5 |             11 |
|  M1/C2/clk2048kHz_reg_0 | M1/address[16]_i_2_n_0 | M1/address[16]_i_1_n_0 |                4 |             16 |
+-------------------------+------------------------+------------------------+------------------+----------------+


