
*** Running vivado
    with args -log mul_top.vds -m64 -product Vivado -mode batch -messageDb vivado.pb -notrace -source mul_top.tcl


****** Vivado v2019.2 (64-bit)
  **** SW Build 2708876 on Wed Nov  6 21:40:23 MST 2019
  **** IP Build 2700528 on Thu Nov  7 00:09:20 MST 2019
    ** Copyright 1986-2019 Xilinx, Inc. All Rights Reserved.

source mul_top.tcl -notrace
Command: synth_design -top mul_top -part xc7a100tcsg324-1
Starting synth_design
Attempting to get a license for feature 'Synthesis' and/or device 'xc7a100t'
INFO: [Common 17-349] Got license for feature 'Synthesis' and/or device 'xc7a100t'
INFO: [Device 21-403] Loading part xc7a100tcsg324-1
INFO: Launching helper process for spawning children vivado processes
INFO: Helper process launched with PID 36160 
---------------------------------------------------------------------------------
Starting RTL Elaboration : Time (s): cpu = 00:00:02 ; elapsed = 00:00:02 . Memory (MB): peak = 935.199 ; gain = 236.031
---------------------------------------------------------------------------------
INFO: [Synth 8-6157] synthesizing module 'mul_top' [E:/FDu/second1/DL/lab/mul99/mul99.srcs/sources_1/new/mul_top.sv:23]
INFO: [Synth 8-6157] synthesizing module 'mult_gen_0' [E:/FDu/second1/DL/lab/mul99/mul99.runs/synth_1/.Xil/Vivado-23916-LAPTOP-JOE/realtime/mult_gen_0_stub.v:6]
INFO: [Synth 8-6155] done synthesizing module 'mult_gen_0' (1#1) [E:/FDu/second1/DL/lab/mul99/mul99.runs/synth_1/.Xil/Vivado-23916-LAPTOP-JOE/realtime/mult_gen_0_stub.v:6]
INFO: [Synth 8-6157] synthesizing module 'to_Decimal' [E:/FDu/second1/DL/lab/mul99/mul99.srcs/sources_1/new/to_Decimal.sv:23]
INFO: [Synth 8-6155] done synthesizing module 'to_Decimal' (2#1) [E:/FDu/second1/DL/lab/mul99/mul99.srcs/sources_1/new/to_Decimal.sv:23]
INFO: [Synth 8-6157] synthesizing module 'X7seg' [E:/FDu/second1/DL/lab/mul99/mul99.srcs/sources_1/new/X7seg.sv:23]
INFO: [Synth 8-226] default block is never used [E:/FDu/second1/DL/lab/mul99/mul99.srcs/sources_1/new/X7seg.sv:38]
INFO: [Synth 8-226] default block is never used [E:/FDu/second1/DL/lab/mul99/mul99.srcs/sources_1/new/X7seg.sv:51]
INFO: [Synth 8-6157] synthesizing module 'Hex7seg' [E:/FDu/second1/DL/lab/mul99/mul99.srcs/sources_1/new/Hex7seg.sv:23]
INFO: [Synth 8-6155] done synthesizing module 'Hex7seg' (3#1) [E:/FDu/second1/DL/lab/mul99/mul99.srcs/sources_1/new/Hex7seg.sv:23]
INFO: [Synth 8-6155] done synthesizing module 'X7seg' (4#1) [E:/FDu/second1/DL/lab/mul99/mul99.srcs/sources_1/new/X7seg.sv:23]
INFO: [Synth 8-6155] done synthesizing module 'mul_top' (5#1) [E:/FDu/second1/DL/lab/mul99/mul99.srcs/sources_1/new/mul_top.sv:23]
---------------------------------------------------------------------------------
Finished RTL Elaboration : Time (s): cpu = 00:00:02 ; elapsed = 00:00:03 . Memory (MB): peak = 1007.105 ; gain = 307.938
---------------------------------------------------------------------------------

Report Check Netlist: 
+------+------------------+-------+---------+-------+------------------+
|      |Item              |Errors |Warnings |Status |Description       |
+------+------------------+-------+---------+-------+------------------+
|1     |multi_driven_nets |      0|        0|Passed |Multi driven nets |
+------+------------------+-------+---------+-------+------------------+
---------------------------------------------------------------------------------
Start Handling Custom Attributes
---------------------------------------------------------------------------------
---------------------------------------------------------------------------------
Finished Handling Custom Attributes : Time (s): cpu = 00:00:02 ; elapsed = 00:00:03 . Memory (MB): peak = 1007.105 ; gain = 307.938
---------------------------------------------------------------------------------
---------------------------------------------------------------------------------
Finished RTL Optimization Phase 1 : Time (s): cpu = 00:00:02 ; elapsed = 00:00:03 . Memory (MB): peak = 1007.105 ; gain = 307.938
---------------------------------------------------------------------------------
Netlist sorting complete. Time (s): cpu = 00:00:00 ; elapsed = 00:00:00.001 . Memory (MB): peak = 1007.105 ; gain = 0.000
INFO: [Project 1-570] Preparing netlist for logic optimization

Processing XDC Constraints
Initializing timing engine
Parsing XDC File [e:/FDu/second1/DL/lab/mul99/mul99.srcs/sources_1/ip/mult_gen_0/mult_gen_0/mult_gen_0_in_context.xdc] for cell 'mult'
Finished Parsing XDC File [e:/FDu/second1/DL/lab/mul99/mul99.srcs/sources_1/ip/mult_gen_0/mult_gen_0/mult_gen_0_in_context.xdc] for cell 'mult'
Parsing XDC File [E:/FDu/second1/DL/lab/mul99/mul99.srcs/constrs_1/imports/mul99/Nexys4DDR_Master.xdc]
Finished Parsing XDC File [E:/FDu/second1/DL/lab/mul99/mul99.srcs/constrs_1/imports/mul99/Nexys4DDR_Master.xdc]
INFO: [Project 1-236] Implementation specific constraints were found while reading constraint file [E:/FDu/second1/DL/lab/mul99/mul99.srcs/constrs_1/imports/mul99/Nexys4DDR_Master.xdc]. These constraints will be ignored for synthesis but will be used in implementation. Impacted constraints are listed in the file [.Xil/mul_top_propImpl.xdc].
Resolution: To avoid this warning, move constraints listed in [.Xil/mul_top_propImpl.xdc] to another XDC file and exclude this new file from synthesis with the used_in_synthesis property (File Properties dialog in GUI) and re-run elaboration/synthesis.
Completed Processing XDC Constraints

Netlist sorting complete. Time (s): cpu = 00:00:00 ; elapsed = 00:00:00 . Memory (MB): peak = 1129.387 ; gain = 0.000
INFO: [Project 1-111] Unisim Transformation Summary:
No Unisim elements were transformed.

Constraint Validation Runtime : Time (s): cpu = 00:00:00 ; elapsed = 00:00:00.001 . Memory (MB): peak = 1129.387 ; gain = 0.000
WARNING: [Timing 38-316] Clock period '100.000' specified during out-of-context synthesis of instance 'mult' at clock pin 'CLK' is different from the actual clock period '10.000', this can lead to different synthesis results.
---------------------------------------------------------------------------------
Finished Constraint Validation : Time (s): cpu = 00:00:06 ; elapsed = 00:00:06 . Memory (MB): peak = 1133.598 ; gain = 434.430
---------------------------------------------------------------------------------
---------------------------------------------------------------------------------
Start Loading Part and Timing Information
---------------------------------------------------------------------------------
Loading part: xc7a100tcsg324-1
---------------------------------------------------------------------------------
Finished Loading Part and Timing Information : Time (s): cpu = 00:00:06 ; elapsed = 00:00:06 . Memory (MB): peak = 1133.598 ; gain = 434.430
---------------------------------------------------------------------------------
---------------------------------------------------------------------------------
Start Applying 'set_property' XDC Constraints
---------------------------------------------------------------------------------
Applied set_property DONT_TOUCH = true for mult. (constraint file  auto generated constraint, line ).
---------------------------------------------------------------------------------
Finished applying 'set_property' XDC Constraints : Time (s): cpu = 00:00:06 ; elapsed = 00:00:06 . Memory (MB): peak = 1133.598 ; gain = 434.430
---------------------------------------------------------------------------------
---------------------------------------------------------------------------------
Finished RTL Optimization Phase 2 : Time (s): cpu = 00:00:06 ; elapsed = 00:00:07 . Memory (MB): peak = 1133.598 ; gain = 434.430
---------------------------------------------------------------------------------

Report RTL Partitions: 
+-+--------------+------------+----------+
| |RTL Partition |Replication |Instances |
+-+--------------+------------+----------+
+-+--------------+------------+----------+
---------------------------------------------------------------------------------
Start RTL Component Statistics 
---------------------------------------------------------------------------------
Detailed RTL Component Info : 
+---Adders : 
	   2 Input      4 Bit       Adders := 12    
+---Muxes : 
	   8 Input      8 Bit        Muxes := 1     
	   2 Input      4 Bit        Muxes := 7     
---------------------------------------------------------------------------------
Finished RTL Component Statistics 
---------------------------------------------------------------------------------
---------------------------------------------------------------------------------
Start RTL Hierarchical Component Statistics 
---------------------------------------------------------------------------------
Hierarchical RTL Component report 
Module to_Decimal 
Detailed RTL Component Info : 
+---Adders : 
	   2 Input      4 Bit       Adders := 12    
+---Muxes : 
	   2 Input      4 Bit        Muxes := 7     
Module X7seg 
Detailed RTL Component Info : 
+---Muxes : 
	   8 Input      8 Bit        Muxes := 1     
---------------------------------------------------------------------------------
Finished RTL Hierarchical Component Statistics
---------------------------------------------------------------------------------
---------------------------------------------------------------------------------
Start Part Resource Summary
---------------------------------------------------------------------------------
Part Resources:
DSPs: 240 (col length:80)
BRAMs: 270 (col length: RAMB18 80 RAMB36 40)
---------------------------------------------------------------------------------
Finished Part Resource Summary
---------------------------------------------------------------------------------
---------------------------------------------------------------------------------
Start Cross Boundary and Area Optimization
---------------------------------------------------------------------------------
Warning: Parallel synthesis criteria is not met 
WARNING: [Synth 8-3917] design mul_top has port DP driven by constant 1
---------------------------------------------------------------------------------
Finished Cross Boundary and Area Optimization : Time (s): cpu = 00:00:06 ; elapsed = 00:00:07 . Memory (MB): peak = 1133.598 ; gain = 434.430
---------------------------------------------------------------------------------

Report RTL Partitions: 
+-+--------------+------------+----------+
| |RTL Partition |Replication |Instances |
+-+--------------+------------+----------+
+-+--------------+------------+----------+
---------------------------------------------------------------------------------
Start Applying XDC Timing Constraints
---------------------------------------------------------------------------------
---------------------------------------------------------------------------------
Finished Applying XDC Timing Constraints : Time (s): cpu = 00:00:10 ; elapsed = 00:00:11 . Memory (MB): peak = 1133.598 ; gain = 434.430
---------------------------------------------------------------------------------
---------------------------------------------------------------------------------
Start Timing Optimization
---------------------------------------------------------------------------------
---------------------------------------------------------------------------------
Finished Timing Optimization : Time (s): cpu = 00:00:10 ; elapsed = 00:00:11 . Memory (MB): peak = 1133.598 ; gain = 434.430
---------------------------------------------------------------------------------

Report RTL Partitions: 
+-+--------------+------------+----------+
| |RTL Partition |Replication |Instances |
+-+--------------+------------+----------+
+-+--------------+------------+----------+
---------------------------------------------------------------------------------
Start Technology Mapping
---------------------------------------------------------------------------------
---------------------------------------------------------------------------------
Finished Technology Mapping : Time (s): cpu = 00:00:10 ; elapsed = 00:00:11 . Memory (MB): peak = 1133.598 ; gain = 434.430
---------------------------------------------------------------------------------

Report RTL Partitions: 
+-+--------------+------------+----------+
| |RTL Partition |Replication |Instances |
+-+--------------+------------+----------+
+-+--------------+------------+----------+
---------------------------------------------------------------------------------
Start IO Insertion
---------------------------------------------------------------------------------
---------------------------------------------------------------------------------
Start Flattening Before IO Insertion
---------------------------------------------------------------------------------
---------------------------------------------------------------------------------
Finished Flattening Before IO Insertion
---------------------------------------------------------------------------------
---------------------------------------------------------------------------------
Start Final Netlist Cleanup
---------------------------------------------------------------------------------
---------------------------------------------------------------------------------
Finished Final Netlist Cleanup
---------------------------------------------------------------------------------
---------------------------------------------------------------------------------
Finished IO Insertion : Time (s): cpu = 00:00:12 ; elapsed = 00:00:13 . Memory (MB): peak = 1133.598 ; gain = 434.430
---------------------------------------------------------------------------------
---------------------------------------------------------------------------------
Start Renaming Generated Instances
---------------------------------------------------------------------------------
---------------------------------------------------------------------------------
Finished Renaming Generated Instances : Time (s): cpu = 00:00:12 ; elapsed = 00:00:13 . Memory (MB): peak = 1133.598 ; gain = 434.430
---------------------------------------------------------------------------------

Report RTL Partitions: 
+-+--------------+------------+----------+
| |RTL Partition |Replication |Instances |
+-+--------------+------------+----------+
+-+--------------+------------+----------+

Report Check Netlist: 
+------+------------------+-------+---------+-------+------------------+
|      |Item              |Errors |Warnings |Status |Description       |
+------+------------------+-------+---------+-------+------------------+
|1     |multi_driven_nets |      0|        0|Passed |Multi driven nets |
+------+------------------+-------+---------+-------+------------------+
---------------------------------------------------------------------------------
Start Rebuilding User Hierarchy
---------------------------------------------------------------------------------
---------------------------------------------------------------------------------
Finished Rebuilding User Hierarchy : Time (s): cpu = 00:00:12 ; elapsed = 00:00:13 . Memory (MB): peak = 1133.598 ; gain = 434.430
---------------------------------------------------------------------------------
---------------------------------------------------------------------------------
Start Renaming Generated Ports
---------------------------------------------------------------------------------
---------------------------------------------------------------------------------
Finished Renaming Generated Ports : Time (s): cpu = 00:00:12 ; elapsed = 00:00:13 . Memory (MB): peak = 1133.598 ; gain = 434.430
---------------------------------------------------------------------------------
---------------------------------------------------------------------------------
Start Handling Custom Attributes
---------------------------------------------------------------------------------
---------------------------------------------------------------------------------
Finished Handling Custom Attributes : Time (s): cpu = 00:00:12 ; elapsed = 00:00:13 . Memory (MB): peak = 1133.598 ; gain = 434.430
---------------------------------------------------------------------------------
---------------------------------------------------------------------------------
Start Renaming Generated Nets
---------------------------------------------------------------------------------
---------------------------------------------------------------------------------
Finished Renaming Generated Nets : Time (s): cpu = 00:00:12 ; elapsed = 00:00:13 . Memory (MB): peak = 1133.598 ; gain = 434.430
---------------------------------------------------------------------------------
---------------------------------------------------------------------------------
Start Writing Synthesis Report
---------------------------------------------------------------------------------

Report BlackBoxes: 
+------+--------------+----------+
|      |BlackBox name |Instances |
+------+--------------+----------+
|1     |mult_gen_0    |         1|
+------+--------------+----------+

Report Cell Usage: 
+------+-----------+------+
|      |Cell       |Count |
+------+-----------+------+
|1     |mult_gen_0 |     1|
|2     |BUFG       |     1|
|3     |CARRY4     |     5|
|4     |LUT1       |     1|
|5     |LUT2       |     1|
|6     |LUT3       |     9|
|7     |LUT4       |     7|
|8     |LUT5       |     4|
|9     |LUT6       |    10|
|10    |MUXF7      |     4|
|11    |FDRE       |    20|
|12    |IBUF       |    17|
|13    |OBUF       |    32|
+------+-----------+------+

Report Instance Areas: 
+------+---------+-------+------+
|      |Instance |Module |Cells |
+------+---------+-------+------+
|1     |top      |       |   119|
|2     |  x7     |X7seg  |    55|
+------+---------+-------+------+
---------------------------------------------------------------------------------
Finished Writing Synthesis Report : Time (s): cpu = 00:00:12 ; elapsed = 00:00:13 . Memory (MB): peak = 1133.598 ; gain = 434.430
---------------------------------------------------------------------------------
Synthesis finished with 0 errors, 0 critical warnings and 1 warnings.
Synthesis Optimization Runtime : Time (s): cpu = 00:00:08 ; elapsed = 00:00:12 . Memory (MB): peak = 1133.598 ; gain = 307.938
Synthesis Optimization Complete : Time (s): cpu = 00:00:12 ; elapsed = 00:00:13 . Memory (MB): peak = 1133.598 ; gain = 434.430
INFO: [Project 1-571] Translating synthesized netlist
Netlist sorting complete. Time (s): cpu = 00:00:00 ; elapsed = 00:00:00.001 . Memory (MB): peak = 1133.598 ; gain = 0.000
INFO: [Netlist 29-17] Analyzing 9 Unisim elements for replacement
INFO: [Netlist 29-28] Unisim Transformation completed in 0 CPU seconds
INFO: [Project 1-570] Preparing netlist for logic optimization
INFO: [Opt 31-138] Pushed 0 inverter(s) to 0 load pin(s).
Netlist sorting complete. Time (s): cpu = 00:00:00 ; elapsed = 00:00:00 . Memory (MB): peak = 1133.598 ; gain = 0.000
INFO: [Project 1-111] Unisim Transformation Summary:
No Unisim elements were transformed.

INFO: [Common 17-83] Releasing license: Synthesis
24 Infos, 2 Warnings, 0 Critical Warnings and 0 Errors encountered.
synth_design completed successfully
synth_design: Time (s): cpu = 00:00:14 ; elapsed = 00:00:17 . Memory (MB): peak = 1133.598 ; gain = 721.840
Netlist sorting complete. Time (s): cpu = 00:00:00 ; elapsed = 00:00:00 . Memory (MB): peak = 1133.598 ; gain = 0.000
WARNING: [Constraints 18-5210] No constraints selected for write.
Resolution: This message can indicate that there are no constraints for the design, or it can indicate that the used_in flags are set such that the constraints are ignored. This later case is used when running synth_design to not write synthesis constraints to the resulting checkpoint. Instead, project constraints are read when the synthesized design is opened.
INFO: [Common 17-1381] The checkpoint 'E:/FDu/second1/DL/lab/mul99/mul99.runs/synth_1/mul_top.dcp' has been generated.
INFO: [runtcl-4] Executing : report_utilization -file mul_top_utilization_synth.rpt -pb mul_top_utilization_synth.pb
INFO: [Common 17-206] Exiting Vivado at Mon Oct 27 11:20:43 2025...
