Copyright 1986-2019 Xilinx, Inc. All Rights Reserved.
-----------------------------------------------------------------------------------------------------------------------------------------------------------------------------------------------------------------------
| Tool Version : Vivado v.2019.2 (win64) Build 2708876 Wed Nov  6 21:40:23 MST 2019
| Date         : Mon Nov  3 19:40:38 2025
| Host         : LAPTOP-JOE running 64-bit major release  (build 9200)
| Command      : report_timing_summary -max_paths 10 -file rotatingLED1_top_timing_summary_routed.rpt -pb rotatingLED1_top_timing_summary_routed.pb -rpx rotatingLED1_top_timing_summary_routed.rpx -warn_on_violation
| Design       : rotatingLED1_top
| Device       : 7a100t-csg324
| Speed File   : -1  PRODUCTION 1.23 2018-06-13
-----------------------------------------------------------------------------------------------------------------------------------------------------------------------------------------------------------------------

Timing Summary Report

------------------------------------------------------------------------------------------------
| Timer Settings
| --------------
------------------------------------------------------------------------------------------------

  Enable Multi Corner Analysis               :  Yes
  Enable Pessimism Removal                   :  Yes
  Pessimism Removal Resolution               :  Nearest Common Node
  Enable Input Delay Default Clock           :  No
  Enable Preset / Clear Arcs                 :  No
  Disable Flight Delays                      :  No
  Ignore I/O Paths                           :  No
  Timing Early Launch at Borrowing Latches   :  No
  Borrow Time for Max Delay Exceptions       :  Yes
  Merge Timing Exceptions                    :  Yes

  Corner  Analyze    Analyze    
  Name    Max Paths  Min Paths  
  ------  ---------  ---------  
  Slow    Yes        Yes        
  Fast    Yes        Yes        



check_timing report

Table of Contents
-----------------
1. checking no_clock
2. checking constant_clock
3. checking pulse_width_clock
4. checking unconstrained_internal_endpoints
5. checking no_input_delay
6. checking no_output_delay
7. checking multiple_clock
8. checking generated_clocks
9. checking loops
10. checking partial_input_delay
11. checking partial_output_delay
12. checking latch_loops

1. checking no_clock
--------------------
 There is 1 register/latch pin with no clock driven by root clock pin: nolabel_line34/clk3Hz_reg/Q (HIGH)


2. checking constant_clock
--------------------------
 There are 0 register/latch pins with constant_clock.


3. checking pulse_width_clock
-----------------------------
 There are 0 register/latch pins which need pulse_width check


4. checking unconstrained_internal_endpoints
--------------------------------------------
 There is 1 pin that is not constrained for maximum delay. (HIGH)

 There are 0 pins that are not constrained for maximum delay due to constant clock.


5. checking no_input_delay
--------------------------
 There are 2 input ports with no input delay specified. (HIGH)

 There are 0 input ports with no input delay but user has a false path constraint.


6. checking no_output_delay
---------------------------
 There are 16 ports with no output delay specified. (HIGH)

 There are 0 ports with no output delay but user has a false path constraint

 There are 0 ports with no output delay but with a timing clock defined on it or propagating through it


7. checking multiple_clock
--------------------------
 There are 0 register/latch pins with multiple clocks.


8. checking generated_clocks
----------------------------
 There are 0 generated clocks that are not connected to a clock source.


9. checking loops
-----------------
 There are 0 combinational loops in the design.


10. checking partial_input_delay
--------------------------------
 There are 0 input ports with partial input delay specified.


11. checking partial_output_delay
---------------------------------
 There are 0 ports with partial output delay specified.


12. checking latch_loops
------------------------
 There are 0 combinational latch loops in the design through latch input



------------------------------------------------------------------------------------------------
| Design Timing Summary
| ---------------------
------------------------------------------------------------------------------------------------

    WNS(ns)      TNS(ns)  TNS Failing Endpoints  TNS Total Endpoints      WHS(ns)      THS(ns)  THS Failing Endpoints  THS Total Endpoints     WPWS(ns)     TPWS(ns)  TPWS Failing Endpoints  TPWS Total Endpoints  
    -------      -------  ---------------------  -------------------      -------      -------  ---------------------  -------------------     --------     --------  ----------------------  --------------------  
      6.365        0.000                      0                   48        0.245        0.000                      0                   48        4.500        0.000                       0                    26  


All user specified timing constraints are met.


------------------------------------------------------------------------------------------------
| Clock Summary
| -------------
------------------------------------------------------------------------------------------------

Clock        Waveform(ns)       Period(ns)      Frequency(MHz)
-----        ------------       ----------      --------------
sys_clk_pin  {0.000 5.000}      10.000          100.000         


------------------------------------------------------------------------------------------------
| Intra Clock Table
| -----------------
------------------------------------------------------------------------------------------------

Clock             WNS(ns)      TNS(ns)  TNS Failing Endpoints  TNS Total Endpoints      WHS(ns)      THS(ns)  THS Failing Endpoints  THS Total Endpoints     WPWS(ns)     TPWS(ns)  TPWS Failing Endpoints  TPWS Total Endpoints  
-----             -------      -------  ---------------------  -------------------      -------      -------  ---------------------  -------------------     --------     --------  ----------------------  --------------------  
sys_clk_pin         6.365        0.000                      0                   48        0.245        0.000                      0                   48        4.500        0.000                       0                    26  


------------------------------------------------------------------------------------------------
| Inter Clock Table
| -----------------
------------------------------------------------------------------------------------------------

From Clock    To Clock          WNS(ns)      TNS(ns)  TNS Failing Endpoints  TNS Total Endpoints      WHS(ns)      THS(ns)  THS Failing Endpoints  THS Total Endpoints  
----------    --------          -------      -------  ---------------------  -------------------      -------      -------  ---------------------  -------------------  


------------------------------------------------------------------------------------------------
| Other Path Groups Table
| -----------------------
------------------------------------------------------------------------------------------------

Path Group    From Clock    To Clock          WNS(ns)      TNS(ns)  TNS Failing Endpoints  TNS Total Endpoints      WHS(ns)      THS(ns)  THS Failing Endpoints  THS Total Endpoints  
----------    ----------    --------          -------      -------  ---------------------  -------------------      -------      -------  ---------------------  -------------------  


------------------------------------------------------------------------------------------------
| Timing Details
| --------------
------------------------------------------------------------------------------------------------


---------------------------------------------------------------------------------------------------
From Clock:  sys_clk_pin
  To Clock:  sys_clk_pin

Setup :            0  Failing Endpoints,  Worst Slack        6.365ns,  Total Violation        0.000ns
Hold  :            0  Failing Endpoints,  Worst Slack        0.245ns,  Total Violation        0.000ns
PW    :            0  Failing Endpoints,  Worst Slack        4.500ns,  Total Violation        0.000ns
---------------------------------------------------------------------------------------------------


Max Delay Paths
--------------------------------------------------------------------------------------
Slack (MET) :             6.365ns  (required time - arrival time)
  Source:                 nolabel_line34/count_reg[16]/C
                            (rising edge-triggered cell FDRE clocked by sys_clk_pin  {rise@0.000ns fall@5.000ns period=10.000ns})
  Destination:            nolabel_line34/count_reg[10]/R
                            (rising edge-triggered cell FDRE clocked by sys_clk_pin  {rise@0.000ns fall@5.000ns period=10.000ns})
  Path Group:             sys_clk_pin
  Path Type:              Setup (Max at Slow Process Corner)
  Requirement:            10.000ns  (sys_clk_pin rise@10.000ns - sys_clk_pin rise@0.000ns)
  Data Path Delay:        3.151ns  (logic 0.704ns (22.343%)  route 2.447ns (77.657%))
  Logic Levels:           2  (LUT4=1 LUT6=1)
  Clock Path Skew:        -0.020ns (DCD - SCD + CPR)
    Destination Clock Delay (DCD):    5.013ns = ( 15.013 - 10.000 ) 
    Source Clock Delay      (SCD):    5.308ns
    Clock Pessimism Removal (CPR):    0.275ns
  Clock Uncertainty:      0.035ns  ((TSJ^2 + TIJ^2)^1/2 + DJ) / 2 + PE
    Total System Jitter     (TSJ):    0.071ns
    Total Input Jitter      (TIJ):    0.000ns
    Discrete Jitter          (DJ):    0.000ns
    Phase Error              (PE):    0.000ns

    Location             Delay type                Incr(ns)  Path(ns)    Netlist Resource(s)
  -------------------------------------------------------------------    -------------------
                         (clock sys_clk_pin rise edge)
                                                      0.000     0.000 r  
    E3                                                0.000     0.000 r  CLK100MHZ (IN)
                         net (fo=0)                   0.000     0.000    CLK100MHZ
    E3                   IBUF (Prop_ibuf_I_O)         1.482     1.482 r  CLK100MHZ_IBUF_inst/O
                         net (fo=1, routed)           2.025     3.506    CLK100MHZ_IBUF
    BUFGCTRL_X0Y16       BUFG (Prop_bufg_I_O)         0.096     3.602 r  CLK100MHZ_IBUF_BUFG_inst/O
                         net (fo=25, routed)          1.705     5.308    nolabel_line34/CLK100MHZ_IBUF_BUFG
    SLICE_X0Y74          FDRE                                         r  nolabel_line34/count_reg[16]/C
  -------------------------------------------------------------------    -------------------
    SLICE_X0Y74          FDRE (Prop_fdre_C_Q)         0.456     5.764 f  nolabel_line34/count_reg[16]/Q
                         net (fo=2, routed)           0.840     6.604    nolabel_line34/count[16]
    SLICE_X1Y75          LUT4 (Prop_lut4_I1_O)        0.124     6.728 f  nolabel_line34/count[23]_i_3/O
                         net (fo=1, routed)           0.842     7.570    nolabel_line34/count[23]_i_3_n_0
    SLICE_X1Y74          LUT6 (Prop_lut6_I0_O)        0.124     7.694 r  nolabel_line34/count[23]_i_2/O
                         net (fo=24, routed)          0.765     8.459    nolabel_line34/clk3Hz
    SLICE_X0Y73          FDRE                                         r  nolabel_line34/count_reg[10]/R
  -------------------------------------------------------------------    -------------------

                         (clock sys_clk_pin rise edge)
                                                     10.000    10.000 r  
    E3                                                0.000    10.000 r  CLK100MHZ (IN)
                         net (fo=0)                   0.000    10.000    CLK100MHZ
    E3                   IBUF (Prop_ibuf_I_O)         1.411    11.411 r  CLK100MHZ_IBUF_inst/O
                         net (fo=1, routed)           1.920    13.331    CLK100MHZ_IBUF
    BUFGCTRL_X0Y16       BUFG (Prop_bufg_I_O)         0.091    13.422 r  CLK100MHZ_IBUF_BUFG_inst/O
                         net (fo=25, routed)          1.590    15.013    nolabel_line34/CLK100MHZ_IBUF_BUFG
    SLICE_X0Y73          FDRE                                         r  nolabel_line34/count_reg[10]/C
                         clock pessimism              0.275    15.288    
                         clock uncertainty           -0.035    15.252    
    SLICE_X0Y73          FDRE (Setup_fdre_C_R)       -0.429    14.823    nolabel_line34/count_reg[10]
  -------------------------------------------------------------------
                         required time                         14.823    
                         arrival time                          -8.459    
  -------------------------------------------------------------------
                         slack                                  6.365    

Slack (MET) :             6.365ns  (required time - arrival time)
  Source:                 nolabel_line34/count_reg[16]/C
                            (rising edge-triggered cell FDRE clocked by sys_clk_pin  {rise@0.000ns fall@5.000ns period=10.000ns})
  Destination:            nolabel_line34/count_reg[11]/R
                            (rising edge-triggered cell FDRE clocked by sys_clk_pin  {rise@0.000ns fall@5.000ns period=10.000ns})
  Path Group:             sys_clk_pin
  Path Type:              Setup (Max at Slow Process Corner)
  Requirement:            10.000ns  (sys_clk_pin rise@10.000ns - sys_clk_pin rise@0.000ns)
  Data Path Delay:        3.151ns  (logic 0.704ns (22.343%)  route 2.447ns (77.657%))
  Logic Levels:           2  (LUT4=1 LUT6=1)
  Clock Path Skew:        -0.020ns (DCD - SCD + CPR)
    Destination Clock Delay (DCD):    5.013ns = ( 15.013 - 10.000 ) 
    Source Clock Delay      (SCD):    5.308ns
    Clock Pessimism Removal (CPR):    0.275ns
  Clock Uncertainty:      0.035ns  ((TSJ^2 + TIJ^2)^1/2 + DJ) / 2 + PE
    Total System Jitter     (TSJ):    0.071ns
    Total Input Jitter      (TIJ):    0.000ns
    Discrete Jitter          (DJ):    0.000ns
    Phase Error              (PE):    0.000ns

    Location             Delay type                Incr(ns)  Path(ns)    Netlist Resource(s)
  -------------------------------------------------------------------    -------------------
                         (clock sys_clk_pin rise edge)
                                                      0.000     0.000 r  
    E3                                                0.000     0.000 r  CLK100MHZ (IN)
                         net (fo=0)                   0.000     0.000    CLK100MHZ
    E3                   IBUF (Prop_ibuf_I_O)         1.482     1.482 r  CLK100MHZ_IBUF_inst/O
                         net (fo=1, routed)           2.025     3.506    CLK100MHZ_IBUF
    BUFGCTRL_X0Y16       BUFG (Prop_bufg_I_O)         0.096     3.602 r  CLK100MHZ_IBUF_BUFG_inst/O
                         net (fo=25, routed)          1.705     5.308    nolabel_line34/CLK100MHZ_IBUF_BUFG
    SLICE_X0Y74          FDRE                                         r  nolabel_line34/count_reg[16]/C
  -------------------------------------------------------------------    -------------------
    SLICE_X0Y74          FDRE (Prop_fdre_C_Q)         0.456     5.764 f  nolabel_line34/count_reg[16]/Q
                         net (fo=2, routed)           0.840     6.604    nolabel_line34/count[16]
    SLICE_X1Y75          LUT4 (Prop_lut4_I1_O)        0.124     6.728 f  nolabel_line34/count[23]_i_3/O
                         net (fo=1, routed)           0.842     7.570    nolabel_line34/count[23]_i_3_n_0
    SLICE_X1Y74          LUT6 (Prop_lut6_I0_O)        0.124     7.694 r  nolabel_line34/count[23]_i_2/O
                         net (fo=24, routed)          0.765     8.459    nolabel_line34/clk3Hz
    SLICE_X0Y73          FDRE                                         r  nolabel_line34/count_reg[11]/R
  -------------------------------------------------------------------    -------------------

                         (clock sys_clk_pin rise edge)
                                                     10.000    10.000 r  
    E3                                                0.000    10.000 r  CLK100MHZ (IN)
                         net (fo=0)                   0.000    10.000    CLK100MHZ
    E3                   IBUF (Prop_ibuf_I_O)         1.411    11.411 r  CLK100MHZ_IBUF_inst/O
                         net (fo=1, routed)           1.920    13.331    CLK100MHZ_IBUF
    BUFGCTRL_X0Y16       BUFG (Prop_bufg_I_O)         0.091    13.422 r  CLK100MHZ_IBUF_BUFG_inst/O
                         net (fo=25, routed)          1.590    15.013    nolabel_line34/CLK100MHZ_IBUF_BUFG
    SLICE_X0Y73          FDRE                                         r  nolabel_line34/count_reg[11]/C
                         clock pessimism              0.275    15.288    
                         clock uncertainty           -0.035    15.252    
    SLICE_X0Y73          FDRE (Setup_fdre_C_R)       -0.429    14.823    nolabel_line34/count_reg[11]
  -------------------------------------------------------------------
                         required time                         14.823    
                         arrival time                          -8.459    
  -------------------------------------------------------------------
                         slack                                  6.365    

Slack (MET) :             6.365ns  (required time - arrival time)
  Source:                 nolabel_line34/count_reg[16]/C
                            (rising edge-triggered cell FDRE clocked by sys_clk_pin  {rise@0.000ns fall@5.000ns period=10.000ns})
  Destination:            nolabel_line34/count_reg[12]/R
                            (rising edge-triggered cell FDRE clocked by sys_clk_pin  {rise@0.000ns fall@5.000ns period=10.000ns})
  Path Group:             sys_clk_pin
  Path Type:              Setup (Max at Slow Process Corner)
  Requirement:            10.000ns  (sys_clk_pin rise@10.000ns - sys_clk_pin rise@0.000ns)
  Data Path Delay:        3.151ns  (logic 0.704ns (22.343%)  route 2.447ns (77.657%))
  Logic Levels:           2  (LUT4=1 LUT6=1)
  Clock Path Skew:        -0.020ns (DCD - SCD + CPR)
    Destination Clock Delay (DCD):    5.013ns = ( 15.013 - 10.000 ) 
    Source Clock Delay      (SCD):    5.308ns
    Clock Pessimism Removal (CPR):    0.275ns
  Clock Uncertainty:      0.035ns  ((TSJ^2 + TIJ^2)^1/2 + DJ) / 2 + PE
    Total System Jitter     (TSJ):    0.071ns
    Total Input Jitter      (TIJ):    0.000ns
    Discrete Jitter          (DJ):    0.000ns
    Phase Error              (PE):    0.000ns

    Location             Delay type                Incr(ns)  Path(ns)    Netlist Resource(s)
  -------------------------------------------------------------------    -------------------
                         (clock sys_clk_pin rise edge)
                                                      0.000     0.000 r  
    E3                                                0.000     0.000 r  CLK100MHZ (IN)
                         net (fo=0)                   0.000     0.000    CLK100MHZ
    E3                   IBUF (Prop_ibuf_I_O)         1.482     1.482 r  CLK100MHZ_IBUF_inst/O
                         net (fo=1, routed)           2.025     3.506    CLK100MHZ_IBUF
    BUFGCTRL_X0Y16       BUFG (Prop_bufg_I_O)         0.096     3.602 r  CLK100MHZ_IBUF_BUFG_inst/O
                         net (fo=25, routed)          1.705     5.308    nolabel_line34/CLK100MHZ_IBUF_BUFG
    SLICE_X0Y74          FDRE                                         r  nolabel_line34/count_reg[16]/C
  -------------------------------------------------------------------    -------------------
    SLICE_X0Y74          FDRE (Prop_fdre_C_Q)         0.456     5.764 f  nolabel_line34/count_reg[16]/Q
                         net (fo=2, routed)           0.840     6.604    nolabel_line34/count[16]
    SLICE_X1Y75          LUT4 (Prop_lut4_I1_O)        0.124     6.728 f  nolabel_line34/count[23]_i_3/O
                         net (fo=1, routed)           0.842     7.570    nolabel_line34/count[23]_i_3_n_0
    SLICE_X1Y74          LUT6 (Prop_lut6_I0_O)        0.124     7.694 r  nolabel_line34/count[23]_i_2/O
                         net (fo=24, routed)          0.765     8.459    nolabel_line34/clk3Hz
    SLICE_X0Y73          FDRE                                         r  nolabel_line34/count_reg[12]/R
  -------------------------------------------------------------------    -------------------

                         (clock sys_clk_pin rise edge)
                                                     10.000    10.000 r  
    E3                                                0.000    10.000 r  CLK100MHZ (IN)
                         net (fo=0)                   0.000    10.000    CLK100MHZ
    E3                   IBUF (Prop_ibuf_I_O)         1.411    11.411 r  CLK100MHZ_IBUF_inst/O
                         net (fo=1, routed)           1.920    13.331    CLK100MHZ_IBUF
    BUFGCTRL_X0Y16       BUFG (Prop_bufg_I_O)         0.091    13.422 r  CLK100MHZ_IBUF_BUFG_inst/O
                         net (fo=25, routed)          1.590    15.013    nolabel_line34/CLK100MHZ_IBUF_BUFG
    SLICE_X0Y73          FDRE                                         r  nolabel_line34/count_reg[12]/C
                         clock pessimism              0.275    15.288    
                         clock uncertainty           -0.035    15.252    
    SLICE_X0Y73          FDRE (Setup_fdre_C_R)       -0.429    14.823    nolabel_line34/count_reg[12]
  -------------------------------------------------------------------
                         required time                         14.823    
                         arrival time                          -8.459    
  -------------------------------------------------------------------
                         slack                                  6.365    

Slack (MET) :             6.365ns  (required time - arrival time)
  Source:                 nolabel_line34/count_reg[16]/C
                            (rising edge-triggered cell FDRE clocked by sys_clk_pin  {rise@0.000ns fall@5.000ns period=10.000ns})
  Destination:            nolabel_line34/count_reg[9]/R
                            (rising edge-triggered cell FDRE clocked by sys_clk_pin  {rise@0.000ns fall@5.000ns period=10.000ns})
  Path Group:             sys_clk_pin
  Path Type:              Setup (Max at Slow Process Corner)
  Requirement:            10.000ns  (sys_clk_pin rise@10.000ns - sys_clk_pin rise@0.000ns)
  Data Path Delay:        3.151ns  (logic 0.704ns (22.343%)  route 2.447ns (77.657%))
  Logic Levels:           2  (LUT4=1 LUT6=1)
  Clock Path Skew:        -0.020ns (DCD - SCD + CPR)
    Destination Clock Delay (DCD):    5.013ns = ( 15.013 - 10.000 ) 
    Source Clock Delay      (SCD):    5.308ns
    Clock Pessimism Removal (CPR):    0.275ns
  Clock Uncertainty:      0.035ns  ((TSJ^2 + TIJ^2)^1/2 + DJ) / 2 + PE
    Total System Jitter     (TSJ):    0.071ns
    Total Input Jitter      (TIJ):    0.000ns
    Discrete Jitter          (DJ):    0.000ns
    Phase Error              (PE):    0.000ns

    Location             Delay type                Incr(ns)  Path(ns)    Netlist Resource(s)
  -------------------------------------------------------------------    -------------------
                         (clock sys_clk_pin rise edge)
                                                      0.000     0.000 r  
    E3                                                0.000     0.000 r  CLK100MHZ (IN)
                         net (fo=0)                   0.000     0.000    CLK100MHZ
    E3                   IBUF (Prop_ibuf_I_O)         1.482     1.482 r  CLK100MHZ_IBUF_inst/O
                         net (fo=1, routed)           2.025     3.506    CLK100MHZ_IBUF
    BUFGCTRL_X0Y16       BUFG (Prop_bufg_I_O)         0.096     3.602 r  CLK100MHZ_IBUF_BUFG_inst/O
                         net (fo=25, routed)          1.705     5.308    nolabel_line34/CLK100MHZ_IBUF_BUFG
    SLICE_X0Y74          FDRE                                         r  nolabel_line34/count_reg[16]/C
  -------------------------------------------------------------------    -------------------
    SLICE_X0Y74          FDRE (Prop_fdre_C_Q)         0.456     5.764 f  nolabel_line34/count_reg[16]/Q
                         net (fo=2, routed)           0.840     6.604    nolabel_line34/count[16]
    SLICE_X1Y75          LUT4 (Prop_lut4_I1_O)        0.124     6.728 f  nolabel_line34/count[23]_i_3/O
                         net (fo=1, routed)           0.842     7.570    nolabel_line34/count[23]_i_3_n_0
    SLICE_X1Y74          LUT6 (Prop_lut6_I0_O)        0.124     7.694 r  nolabel_line34/count[23]_i_2/O
                         net (fo=24, routed)          0.765     8.459    nolabel_line34/clk3Hz
    SLICE_X0Y73          FDRE                                         r  nolabel_line34/count_reg[9]/R
  -------------------------------------------------------------------    -------------------

                         (clock sys_clk_pin rise edge)
                                                     10.000    10.000 r  
    E3                                                0.000    10.000 r  CLK100MHZ (IN)
                         net (fo=0)                   0.000    10.000    CLK100MHZ
    E3                   IBUF (Prop_ibuf_I_O)         1.411    11.411 r  CLK100MHZ_IBUF_inst/O
                         net (fo=1, routed)           1.920    13.331    CLK100MHZ_IBUF
    BUFGCTRL_X0Y16       BUFG (Prop_bufg_I_O)         0.091    13.422 r  CLK100MHZ_IBUF_BUFG_inst/O
                         net (fo=25, routed)          1.590    15.013    nolabel_line34/CLK100MHZ_IBUF_BUFG
    SLICE_X0Y73          FDRE                                         r  nolabel_line34/count_reg[9]/C
                         clock pessimism              0.275    15.288    
                         clock uncertainty           -0.035    15.252    
    SLICE_X0Y73          FDRE (Setup_fdre_C_R)       -0.429    14.823    nolabel_line34/count_reg[9]
  -------------------------------------------------------------------
                         required time                         14.823    
                         arrival time                          -8.459    
  -------------------------------------------------------------------
                         slack                                  6.365    

Slack (MET) :             6.377ns  (required time - arrival time)
  Source:                 nolabel_line34/count_reg[16]/C
                            (rising edge-triggered cell FDRE clocked by sys_clk_pin  {rise@0.000ns fall@5.000ns period=10.000ns})
  Destination:            nolabel_line34/count_reg[21]/R
                            (rising edge-triggered cell FDRE clocked by sys_clk_pin  {rise@0.000ns fall@5.000ns period=10.000ns})
  Path Group:             sys_clk_pin
  Path Type:              Setup (Max at Slow Process Corner)
  Requirement:            10.000ns  (sys_clk_pin rise@10.000ns - sys_clk_pin rise@0.000ns)
  Data Path Delay:        3.123ns  (logic 0.704ns (22.544%)  route 2.419ns (77.456%))
  Logic Levels:           2  (LUT4=1 LUT6=1)
  Clock Path Skew:        -0.036ns (DCD - SCD + CPR)
    Destination Clock Delay (DCD):    5.013ns = ( 15.013 - 10.000 ) 
    Source Clock Delay      (SCD):    5.308ns
    Clock Pessimism Removal (CPR):    0.259ns
  Clock Uncertainty:      0.035ns  ((TSJ^2 + TIJ^2)^1/2 + DJ) / 2 + PE
    Total System Jitter     (TSJ):    0.071ns
    Total Input Jitter      (TIJ):    0.000ns
    Discrete Jitter          (DJ):    0.000ns
    Phase Error              (PE):    0.000ns

    Location             Delay type                Incr(ns)  Path(ns)    Netlist Resource(s)
  -------------------------------------------------------------------    -------------------
                         (clock sys_clk_pin rise edge)
                                                      0.000     0.000 r  
    E3                                                0.000     0.000 r  CLK100MHZ (IN)
                         net (fo=0)                   0.000     0.000    CLK100MHZ
    E3                   IBUF (Prop_ibuf_I_O)         1.482     1.482 r  CLK100MHZ_IBUF_inst/O
                         net (fo=1, routed)           2.025     3.506    CLK100MHZ_IBUF
    BUFGCTRL_X0Y16       BUFG (Prop_bufg_I_O)         0.096     3.602 r  CLK100MHZ_IBUF_BUFG_inst/O
                         net (fo=25, routed)          1.705     5.308    nolabel_line34/CLK100MHZ_IBUF_BUFG
    SLICE_X0Y74          FDRE                                         r  nolabel_line34/count_reg[16]/C
  -------------------------------------------------------------------    -------------------
    SLICE_X0Y74          FDRE (Prop_fdre_C_Q)         0.456     5.764 f  nolabel_line34/count_reg[16]/Q
                         net (fo=2, routed)           0.840     6.604    nolabel_line34/count[16]
    SLICE_X1Y75          LUT4 (Prop_lut4_I1_O)        0.124     6.728 f  nolabel_line34/count[23]_i_3/O
                         net (fo=1, routed)           0.842     7.570    nolabel_line34/count[23]_i_3_n_0
    SLICE_X1Y74          LUT6 (Prop_lut6_I0_O)        0.124     7.694 r  nolabel_line34/count[23]_i_2/O
                         net (fo=24, routed)          0.736     8.430    nolabel_line34/clk3Hz
    SLICE_X0Y76          FDRE                                         r  nolabel_line34/count_reg[21]/R
  -------------------------------------------------------------------    -------------------

                         (clock sys_clk_pin rise edge)
                                                     10.000    10.000 r  
    E3                                                0.000    10.000 r  CLK100MHZ (IN)
                         net (fo=0)                   0.000    10.000    CLK100MHZ
    E3                   IBUF (Prop_ibuf_I_O)         1.411    11.411 r  CLK100MHZ_IBUF_inst/O
                         net (fo=1, routed)           1.920    13.331    CLK100MHZ_IBUF
    BUFGCTRL_X0Y16       BUFG (Prop_bufg_I_O)         0.091    13.422 r  CLK100MHZ_IBUF_BUFG_inst/O
                         net (fo=25, routed)          1.590    15.013    nolabel_line34/CLK100MHZ_IBUF_BUFG
    SLICE_X0Y76          FDRE                                         r  nolabel_line34/count_reg[21]/C
                         clock pessimism              0.259    15.272    
                         clock uncertainty           -0.035    15.236    
    SLICE_X0Y76          FDRE (Setup_fdre_C_R)       -0.429    14.807    nolabel_line34/count_reg[21]
  -------------------------------------------------------------------
                         required time                         14.807    
                         arrival time                          -8.430    
  -------------------------------------------------------------------
                         slack                                  6.377    

Slack (MET) :             6.377ns  (required time - arrival time)
  Source:                 nolabel_line34/count_reg[16]/C
                            (rising edge-triggered cell FDRE clocked by sys_clk_pin  {rise@0.000ns fall@5.000ns period=10.000ns})
  Destination:            nolabel_line34/count_reg[22]/R
                            (rising edge-triggered cell FDRE clocked by sys_clk_pin  {rise@0.000ns fall@5.000ns period=10.000ns})
  Path Group:             sys_clk_pin
  Path Type:              Setup (Max at Slow Process Corner)
  Requirement:            10.000ns  (sys_clk_pin rise@10.000ns - sys_clk_pin rise@0.000ns)
  Data Path Delay:        3.123ns  (logic 0.704ns (22.544%)  route 2.419ns (77.456%))
  Logic Levels:           2  (LUT4=1 LUT6=1)
  Clock Path Skew:        -0.036ns (DCD - SCD + CPR)
    Destination Clock Delay (DCD):    5.013ns = ( 15.013 - 10.000 ) 
    Source Clock Delay      (SCD):    5.308ns
    Clock Pessimism Removal (CPR):    0.259ns
  Clock Uncertainty:      0.035ns  ((TSJ^2 + TIJ^2)^1/2 + DJ) / 2 + PE
    Total System Jitter     (TSJ):    0.071ns
    Total Input Jitter      (TIJ):    0.000ns
    Discrete Jitter          (DJ):    0.000ns
    Phase Error              (PE):    0.000ns

    Location             Delay type                Incr(ns)  Path(ns)    Netlist Resource(s)
  -------------------------------------------------------------------    -------------------
                         (clock sys_clk_pin rise edge)
                                                      0.000     0.000 r  
    E3                                                0.000     0.000 r  CLK100MHZ (IN)
                         net (fo=0)                   0.000     0.000    CLK100MHZ
    E3                   IBUF (Prop_ibuf_I_O)         1.482     1.482 r  CLK100MHZ_IBUF_inst/O
                         net (fo=1, routed)           2.025     3.506    CLK100MHZ_IBUF
    BUFGCTRL_X0Y16       BUFG (Prop_bufg_I_O)         0.096     3.602 r  CLK100MHZ_IBUF_BUFG_inst/O
                         net (fo=25, routed)          1.705     5.308    nolabel_line34/CLK100MHZ_IBUF_BUFG
    SLICE_X0Y74          FDRE                                         r  nolabel_line34/count_reg[16]/C
  -------------------------------------------------------------------    -------------------
    SLICE_X0Y74          FDRE (Prop_fdre_C_Q)         0.456     5.764 f  nolabel_line34/count_reg[16]/Q
                         net (fo=2, routed)           0.840     6.604    nolabel_line34/count[16]
    SLICE_X1Y75          LUT4 (Prop_lut4_I1_O)        0.124     6.728 f  nolabel_line34/count[23]_i_3/O
                         net (fo=1, routed)           0.842     7.570    nolabel_line34/count[23]_i_3_n_0
    SLICE_X1Y74          LUT6 (Prop_lut6_I0_O)        0.124     7.694 r  nolabel_line34/count[23]_i_2/O
                         net (fo=24, routed)          0.736     8.430    nolabel_line34/clk3Hz
    SLICE_X0Y76          FDRE                                         r  nolabel_line34/count_reg[22]/R
  -------------------------------------------------------------------    -------------------

                         (clock sys_clk_pin rise edge)
                                                     10.000    10.000 r  
    E3                                                0.000    10.000 r  CLK100MHZ (IN)
                         net (fo=0)                   0.000    10.000    CLK100MHZ
    E3                   IBUF (Prop_ibuf_I_O)         1.411    11.411 r  CLK100MHZ_IBUF_inst/O
                         net (fo=1, routed)           1.920    13.331    CLK100MHZ_IBUF
    BUFGCTRL_X0Y16       BUFG (Prop_bufg_I_O)         0.091    13.422 r  CLK100MHZ_IBUF_BUFG_inst/O
                         net (fo=25, routed)          1.590    15.013    nolabel_line34/CLK100MHZ_IBUF_BUFG
    SLICE_X0Y76          FDRE                                         r  nolabel_line34/count_reg[22]/C
                         clock pessimism              0.259    15.272    
                         clock uncertainty           -0.035    15.236    
    SLICE_X0Y76          FDRE (Setup_fdre_C_R)       -0.429    14.807    nolabel_line34/count_reg[22]
  -------------------------------------------------------------------
                         required time                         14.807    
                         arrival time                          -8.430    
  -------------------------------------------------------------------
                         slack                                  6.377    

Slack (MET) :             6.377ns  (required time - arrival time)
  Source:                 nolabel_line34/count_reg[16]/C
                            (rising edge-triggered cell FDRE clocked by sys_clk_pin  {rise@0.000ns fall@5.000ns period=10.000ns})
  Destination:            nolabel_line34/count_reg[23]/R
                            (rising edge-triggered cell FDRE clocked by sys_clk_pin  {rise@0.000ns fall@5.000ns period=10.000ns})
  Path Group:             sys_clk_pin
  Path Type:              Setup (Max at Slow Process Corner)
  Requirement:            10.000ns  (sys_clk_pin rise@10.000ns - sys_clk_pin rise@0.000ns)
  Data Path Delay:        3.123ns  (logic 0.704ns (22.544%)  route 2.419ns (77.456%))
  Logic Levels:           2  (LUT4=1 LUT6=1)
  Clock Path Skew:        -0.036ns (DCD - SCD + CPR)
    Destination Clock Delay (DCD):    5.013ns = ( 15.013 - 10.000 ) 
    Source Clock Delay      (SCD):    5.308ns
    Clock Pessimism Removal (CPR):    0.259ns
  Clock Uncertainty:      0.035ns  ((TSJ^2 + TIJ^2)^1/2 + DJ) / 2 + PE
    Total System Jitter     (TSJ):    0.071ns
    Total Input Jitter      (TIJ):    0.000ns
    Discrete Jitter          (DJ):    0.000ns
    Phase Error              (PE):    0.000ns

    Location             Delay type                Incr(ns)  Path(ns)    Netlist Resource(s)
  -------------------------------------------------------------------    -------------------
                         (clock sys_clk_pin rise edge)
                                                      0.000     0.000 r  
    E3                                                0.000     0.000 r  CLK100MHZ (IN)
                         net (fo=0)                   0.000     0.000    CLK100MHZ
    E3                   IBUF (Prop_ibuf_I_O)         1.482     1.482 r  CLK100MHZ_IBUF_inst/O
                         net (fo=1, routed)           2.025     3.506    CLK100MHZ_IBUF
    BUFGCTRL_X0Y16       BUFG (Prop_bufg_I_O)         0.096     3.602 r  CLK100MHZ_IBUF_BUFG_inst/O
                         net (fo=25, routed)          1.705     5.308    nolabel_line34/CLK100MHZ_IBUF_BUFG
    SLICE_X0Y74          FDRE                                         r  nolabel_line34/count_reg[16]/C
  -------------------------------------------------------------------    -------------------
    SLICE_X0Y74          FDRE (Prop_fdre_C_Q)         0.456     5.764 f  nolabel_line34/count_reg[16]/Q
                         net (fo=2, routed)           0.840     6.604    nolabel_line34/count[16]
    SLICE_X1Y75          LUT4 (Prop_lut4_I1_O)        0.124     6.728 f  nolabel_line34/count[23]_i_3/O
                         net (fo=1, routed)           0.842     7.570    nolabel_line34/count[23]_i_3_n_0
    SLICE_X1Y74          LUT6 (Prop_lut6_I0_O)        0.124     7.694 r  nolabel_line34/count[23]_i_2/O
                         net (fo=24, routed)          0.736     8.430    nolabel_line34/clk3Hz
    SLICE_X0Y76          FDRE                                         r  nolabel_line34/count_reg[23]/R
  -------------------------------------------------------------------    -------------------

                         (clock sys_clk_pin rise edge)
                                                     10.000    10.000 r  
    E3                                                0.000    10.000 r  CLK100MHZ (IN)
                         net (fo=0)                   0.000    10.000    CLK100MHZ
    E3                   IBUF (Prop_ibuf_I_O)         1.411    11.411 r  CLK100MHZ_IBUF_inst/O
                         net (fo=1, routed)           1.920    13.331    CLK100MHZ_IBUF
    BUFGCTRL_X0Y16       BUFG (Prop_bufg_I_O)         0.091    13.422 r  CLK100MHZ_IBUF_BUFG_inst/O
                         net (fo=25, routed)          1.590    15.013    nolabel_line34/CLK100MHZ_IBUF_BUFG
    SLICE_X0Y76          FDRE                                         r  nolabel_line34/count_reg[23]/C
                         clock pessimism              0.259    15.272    
                         clock uncertainty           -0.035    15.236    
    SLICE_X0Y76          FDRE (Setup_fdre_C_R)       -0.429    14.807    nolabel_line34/count_reg[23]
  -------------------------------------------------------------------
                         required time                         14.807    
                         arrival time                          -8.430    
  -------------------------------------------------------------------
                         slack                                  6.377    

Slack (MET) :             6.456ns  (required time - arrival time)
  Source:                 nolabel_line34/count_reg[16]/C
                            (rising edge-triggered cell FDRE clocked by sys_clk_pin  {rise@0.000ns fall@5.000ns period=10.000ns})
  Destination:            nolabel_line34/count_reg[1]/R
                            (rising edge-triggered cell FDRE clocked by sys_clk_pin  {rise@0.000ns fall@5.000ns period=10.000ns})
  Path Group:             sys_clk_pin
  Path Type:              Setup (Max at Slow Process Corner)
  Requirement:            10.000ns  (sys_clk_pin rise@10.000ns - sys_clk_pin rise@0.000ns)
  Data Path Delay:        3.062ns  (logic 0.704ns (22.988%)  route 2.358ns (77.012%))
  Logic Levels:           2  (LUT4=1 LUT6=1)
  Clock Path Skew:        -0.017ns (DCD - SCD + CPR)
    Destination Clock Delay (DCD):    5.016ns = ( 15.016 - 10.000 ) 
    Source Clock Delay      (SCD):    5.308ns
    Clock Pessimism Removal (CPR):    0.275ns
  Clock Uncertainty:      0.035ns  ((TSJ^2 + TIJ^2)^1/2 + DJ) / 2 + PE
    Total System Jitter     (TSJ):    0.071ns
    Total Input Jitter      (TIJ):    0.000ns
    Discrete Jitter          (DJ):    0.000ns
    Phase Error              (PE):    0.000ns

    Location             Delay type                Incr(ns)  Path(ns)    Netlist Resource(s)
  -------------------------------------------------------------------    -------------------
                         (clock sys_clk_pin rise edge)
                                                      0.000     0.000 r  
    E3                                                0.000     0.000 r  CLK100MHZ (IN)
                         net (fo=0)                   0.000     0.000    CLK100MHZ
    E3                   IBUF (Prop_ibuf_I_O)         1.482     1.482 r  CLK100MHZ_IBUF_inst/O
                         net (fo=1, routed)           2.025     3.506    CLK100MHZ_IBUF
    BUFGCTRL_X0Y16       BUFG (Prop_bufg_I_O)         0.096     3.602 r  CLK100MHZ_IBUF_BUFG_inst/O
                         net (fo=25, routed)          1.705     5.308    nolabel_line34/CLK100MHZ_IBUF_BUFG
    SLICE_X0Y74          FDRE                                         r  nolabel_line34/count_reg[16]/C
  -------------------------------------------------------------------    -------------------
    SLICE_X0Y74          FDRE (Prop_fdre_C_Q)         0.456     5.764 f  nolabel_line34/count_reg[16]/Q
                         net (fo=2, routed)           0.840     6.604    nolabel_line34/count[16]
    SLICE_X1Y75          LUT4 (Prop_lut4_I1_O)        0.124     6.728 f  nolabel_line34/count[23]_i_3/O
                         net (fo=1, routed)           0.842     7.570    nolabel_line34/count[23]_i_3_n_0
    SLICE_X1Y74          LUT6 (Prop_lut6_I0_O)        0.124     7.694 r  nolabel_line34/count[23]_i_2/O
                         net (fo=24, routed)          0.676     8.370    nolabel_line34/clk3Hz
    SLICE_X0Y71          FDRE                                         r  nolabel_line34/count_reg[1]/R
  -------------------------------------------------------------------    -------------------

                         (clock sys_clk_pin rise edge)
                                                     10.000    10.000 r  
    E3                                                0.000    10.000 r  CLK100MHZ (IN)
                         net (fo=0)                   0.000    10.000    CLK100MHZ
    E3                   IBUF (Prop_ibuf_I_O)         1.411    11.411 r  CLK100MHZ_IBUF_inst/O
                         net (fo=1, routed)           1.920    13.331    CLK100MHZ_IBUF
    BUFGCTRL_X0Y16       BUFG (Prop_bufg_I_O)         0.091    13.422 r  CLK100MHZ_IBUF_BUFG_inst/O
                         net (fo=25, routed)          1.593    15.016    nolabel_line34/CLK100MHZ_IBUF_BUFG
    SLICE_X0Y71          FDRE                                         r  nolabel_line34/count_reg[1]/C
                         clock pessimism              0.275    15.291    
                         clock uncertainty           -0.035    15.255    
    SLICE_X0Y71          FDRE (Setup_fdre_C_R)       -0.429    14.826    nolabel_line34/count_reg[1]
  -------------------------------------------------------------------
                         required time                         14.826    
                         arrival time                          -8.370    
  -------------------------------------------------------------------
                         slack                                  6.456    

Slack (MET) :             6.456ns  (required time - arrival time)
  Source:                 nolabel_line34/count_reg[16]/C
                            (rising edge-triggered cell FDRE clocked by sys_clk_pin  {rise@0.000ns fall@5.000ns period=10.000ns})
  Destination:            nolabel_line34/count_reg[2]/R
                            (rising edge-triggered cell FDRE clocked by sys_clk_pin  {rise@0.000ns fall@5.000ns period=10.000ns})
  Path Group:             sys_clk_pin
  Path Type:              Setup (Max at Slow Process Corner)
  Requirement:            10.000ns  (sys_clk_pin rise@10.000ns - sys_clk_pin rise@0.000ns)
  Data Path Delay:        3.062ns  (logic 0.704ns (22.988%)  route 2.358ns (77.012%))
  Logic Levels:           2  (LUT4=1 LUT6=1)
  Clock Path Skew:        -0.017ns (DCD - SCD + CPR)
    Destination Clock Delay (DCD):    5.016ns = ( 15.016 - 10.000 ) 
    Source Clock Delay      (SCD):    5.308ns
    Clock Pessimism Removal (CPR):    0.275ns
  Clock Uncertainty:      0.035ns  ((TSJ^2 + TIJ^2)^1/2 + DJ) / 2 + PE
    Total System Jitter     (TSJ):    0.071ns
    Total Input Jitter      (TIJ):    0.000ns
    Discrete Jitter          (DJ):    0.000ns
    Phase Error              (PE):    0.000ns

    Location             Delay type                Incr(ns)  Path(ns)    Netlist Resource(s)
  -------------------------------------------------------------------    -------------------
                         (clock sys_clk_pin rise edge)
                                                      0.000     0.000 r  
    E3                                                0.000     0.000 r  CLK100MHZ (IN)
                         net (fo=0)                   0.000     0.000    CLK100MHZ
    E3                   IBUF (Prop_ibuf_I_O)         1.482     1.482 r  CLK100MHZ_IBUF_inst/O
                         net (fo=1, routed)           2.025     3.506    CLK100MHZ_IBUF
    BUFGCTRL_X0Y16       BUFG (Prop_bufg_I_O)         0.096     3.602 r  CLK100MHZ_IBUF_BUFG_inst/O
                         net (fo=25, routed)          1.705     5.308    nolabel_line34/CLK100MHZ_IBUF_BUFG
    SLICE_X0Y74          FDRE                                         r  nolabel_line34/count_reg[16]/C
  -------------------------------------------------------------------    -------------------
    SLICE_X0Y74          FDRE (Prop_fdre_C_Q)         0.456     5.764 f  nolabel_line34/count_reg[16]/Q
                         net (fo=2, routed)           0.840     6.604    nolabel_line34/count[16]
    SLICE_X1Y75          LUT4 (Prop_lut4_I1_O)        0.124     6.728 f  nolabel_line34/count[23]_i_3/O
                         net (fo=1, routed)           0.842     7.570    nolabel_line34/count[23]_i_3_n_0
    SLICE_X1Y74          LUT6 (Prop_lut6_I0_O)        0.124     7.694 r  nolabel_line34/count[23]_i_2/O
                         net (fo=24, routed)          0.676     8.370    nolabel_line34/clk3Hz
    SLICE_X0Y71          FDRE                                         r  nolabel_line34/count_reg[2]/R
  -------------------------------------------------------------------    -------------------

                         (clock sys_clk_pin rise edge)
                                                     10.000    10.000 r  
    E3                                                0.000    10.000 r  CLK100MHZ (IN)
                         net (fo=0)                   0.000    10.000    CLK100MHZ
    E3                   IBUF (Prop_ibuf_I_O)         1.411    11.411 r  CLK100MHZ_IBUF_inst/O
                         net (fo=1, routed)           1.920    13.331    CLK100MHZ_IBUF
    BUFGCTRL_X0Y16       BUFG (Prop_bufg_I_O)         0.091    13.422 r  CLK100MHZ_IBUF_BUFG_inst/O
                         net (fo=25, routed)          1.593    15.016    nolabel_line34/CLK100MHZ_IBUF_BUFG
    SLICE_X0Y71          FDRE                                         r  nolabel_line34/count_reg[2]/C
                         clock pessimism              0.275    15.291    
                         clock uncertainty           -0.035    15.255    
    SLICE_X0Y71          FDRE (Setup_fdre_C_R)       -0.429    14.826    nolabel_line34/count_reg[2]
  -------------------------------------------------------------------
                         required time                         14.826    
                         arrival time                          -8.370    
  -------------------------------------------------------------------
                         slack                                  6.456    

Slack (MET) :             6.456ns  (required time - arrival time)
  Source:                 nolabel_line34/count_reg[16]/C
                            (rising edge-triggered cell FDRE clocked by sys_clk_pin  {rise@0.000ns fall@5.000ns period=10.000ns})
  Destination:            nolabel_line34/count_reg[3]/R
                            (rising edge-triggered cell FDRE clocked by sys_clk_pin  {rise@0.000ns fall@5.000ns period=10.000ns})
  Path Group:             sys_clk_pin
  Path Type:              Setup (Max at Slow Process Corner)
  Requirement:            10.000ns  (sys_clk_pin rise@10.000ns - sys_clk_pin rise@0.000ns)
  Data Path Delay:        3.062ns  (logic 0.704ns (22.988%)  route 2.358ns (77.012%))
  Logic Levels:           2  (LUT4=1 LUT6=1)
  Clock Path Skew:        -0.017ns (DCD - SCD + CPR)
    Destination Clock Delay (DCD):    5.016ns = ( 15.016 - 10.000 ) 
    Source Clock Delay      (SCD):    5.308ns
    Clock Pessimism Removal (CPR):    0.275ns
  Clock Uncertainty:      0.035ns  ((TSJ^2 + TIJ^2)^1/2 + DJ) / 2 + PE
    Total System Jitter     (TSJ):    0.071ns
    Total Input Jitter      (TIJ):    0.000ns
    Discrete Jitter          (DJ):    0.000ns
    Phase Error              (PE):    0.000ns

    Location             Delay type                Incr(ns)  Path(ns)    Netlist Resource(s)
  -------------------------------------------------------------------    -------------------
                         (clock sys_clk_pin rise edge)
                                                      0.000     0.000 r  
    E3                                                0.000     0.000 r  CLK100MHZ (IN)
                         net (fo=0)                   0.000     0.000    CLK100MHZ
    E3                   IBUF (Prop_ibuf_I_O)         1.482     1.482 r  CLK100MHZ_IBUF_inst/O
                         net (fo=1, routed)           2.025     3.506    CLK100MHZ_IBUF
    BUFGCTRL_X0Y16       BUFG (Prop_bufg_I_O)         0.096     3.602 r  CLK100MHZ_IBUF_BUFG_inst/O
                         net (fo=25, routed)          1.705     5.308    nolabel_line34/CLK100MHZ_IBUF_BUFG
    SLICE_X0Y74          FDRE                                         r  nolabel_line34/count_reg[16]/C
  -------------------------------------------------------------------    -------------------
    SLICE_X0Y74          FDRE (Prop_fdre_C_Q)         0.456     5.764 f  nolabel_line34/count_reg[16]/Q
                         net (fo=2, routed)           0.840     6.604    nolabel_line34/count[16]
    SLICE_X1Y75          LUT4 (Prop_lut4_I1_O)        0.124     6.728 f  nolabel_line34/count[23]_i_3/O
                         net (fo=1, routed)           0.842     7.570    nolabel_line34/count[23]_i_3_n_0
    SLICE_X1Y74          LUT6 (Prop_lut6_I0_O)        0.124     7.694 r  nolabel_line34/count[23]_i_2/O
                         net (fo=24, routed)          0.676     8.370    nolabel_line34/clk3Hz
    SLICE_X0Y71          FDRE                                         r  nolabel_line34/count_reg[3]/R
  -------------------------------------------------------------------    -------------------

                         (clock sys_clk_pin rise edge)
                                                     10.000    10.000 r  
    E3                                                0.000    10.000 r  CLK100MHZ (IN)
                         net (fo=0)                   0.000    10.000    CLK100MHZ
    E3                   IBUF (Prop_ibuf_I_O)         1.411    11.411 r  CLK100MHZ_IBUF_inst/O
                         net (fo=1, routed)           1.920    13.331    CLK100MHZ_IBUF
    BUFGCTRL_X0Y16       BUFG (Prop_bufg_I_O)         0.091    13.422 r  CLK100MHZ_IBUF_BUFG_inst/O
                         net (fo=25, routed)          1.593    15.016    nolabel_line34/CLK100MHZ_IBUF_BUFG
    SLICE_X0Y71          FDRE                                         r  nolabel_line34/count_reg[3]/C
                         clock pessimism              0.275    15.291    
                         clock uncertainty           -0.035    15.255    
    SLICE_X0Y71          FDRE (Setup_fdre_C_R)       -0.429    14.826    nolabel_line34/count_reg[3]
  -------------------------------------------------------------------
                         required time                         14.826    
                         arrival time                          -8.370    
  -------------------------------------------------------------------
                         slack                                  6.456    





Min Delay Paths
--------------------------------------------------------------------------------------
Slack (MET) :             0.245ns  (arrival time - required time)
  Source:                 nolabel_line34/count_reg[0]/C
                            (rising edge-triggered cell FDRE clocked by sys_clk_pin  {rise@0.000ns fall@5.000ns period=10.000ns})
  Destination:            nolabel_line34/count_reg[0]/D
                            (rising edge-triggered cell FDRE clocked by sys_clk_pin  {rise@0.000ns fall@5.000ns period=10.000ns})
  Path Group:             sys_clk_pin
  Path Type:              Hold (Min at Fast Process Corner)
  Requirement:            0.000ns  (sys_clk_pin rise@0.000ns - sys_clk_pin rise@0.000ns)
  Data Path Delay:        0.350ns  (logic 0.183ns (52.285%)  route 0.167ns (47.715%))
  Logic Levels:           1  (LUT1=1)
  Clock Path Skew:        0.000ns (DCD - SCD - CPR)
    Destination Clock Delay (DCD):    2.030ns
    Source Clock Delay      (SCD):    1.513ns
    Clock Pessimism Removal (CPR):    0.516ns

    Location             Delay type                Incr(ns)  Path(ns)    Netlist Resource(s)
  -------------------------------------------------------------------    -------------------
                         (clock sys_clk_pin rise edge)
                                                      0.000     0.000 r  
    E3                                                0.000     0.000 r  CLK100MHZ (IN)
                         net (fo=0)                   0.000     0.000    CLK100MHZ
    E3                   IBUF (Prop_ibuf_I_O)         0.250     0.250 r  CLK100MHZ_IBUF_inst/O
                         net (fo=1, routed)           0.644     0.894    CLK100MHZ_IBUF
    BUFGCTRL_X0Y16       BUFG (Prop_bufg_I_O)         0.026     0.920 r  CLK100MHZ_IBUF_BUFG_inst/O
                         net (fo=25, routed)          0.594     1.513    nolabel_line34/CLK100MHZ_IBUF_BUFG
    SLICE_X1Y71          FDRE                                         r  nolabel_line34/count_reg[0]/C
  -------------------------------------------------------------------    -------------------
    SLICE_X1Y71          FDRE (Prop_fdre_C_Q)         0.141     1.654 f  nolabel_line34/count_reg[0]/Q
                         net (fo=3, routed)           0.167     1.821    nolabel_line34/count[0]
    SLICE_X1Y71          LUT1 (Prop_lut1_I0_O)        0.042     1.863 r  nolabel_line34/count[0]_i_1/O
                         net (fo=1, routed)           0.000     1.863    nolabel_line34/count_0[0]
    SLICE_X1Y71          FDRE                                         r  nolabel_line34/count_reg[0]/D
  -------------------------------------------------------------------    -------------------

                         (clock sys_clk_pin rise edge)
                                                      0.000     0.000 r  
    E3                                                0.000     0.000 r  CLK100MHZ (IN)
                         net (fo=0)                   0.000     0.000    CLK100MHZ
    E3                   IBUF (Prop_ibuf_I_O)         0.438     0.438 r  CLK100MHZ_IBUF_inst/O
                         net (fo=1, routed)           0.699     1.136    CLK100MHZ_IBUF
    BUFGCTRL_X0Y16       BUFG (Prop_bufg_I_O)         0.029     1.165 r  CLK100MHZ_IBUF_BUFG_inst/O
                         net (fo=25, routed)          0.865     2.030    nolabel_line34/CLK100MHZ_IBUF_BUFG
    SLICE_X1Y71          FDRE                                         r  nolabel_line34/count_reg[0]/C
                         clock pessimism             -0.516     1.513    
    SLICE_X1Y71          FDRE (Hold_fdre_C_D)         0.105     1.618    nolabel_line34/count_reg[0]
  -------------------------------------------------------------------
                         required time                         -1.618    
                         arrival time                           1.863    
  -------------------------------------------------------------------
                         slack                                  0.245    

Slack (MET) :             0.263ns  (arrival time - required time)
  Source:                 nolabel_line34/clk3Hz_reg/C
                            (rising edge-triggered cell FDRE clocked by sys_clk_pin  {rise@0.000ns fall@5.000ns period=10.000ns})
  Destination:            nolabel_line34/clk3Hz_reg/D
                            (rising edge-triggered cell FDRE clocked by sys_clk_pin  {rise@0.000ns fall@5.000ns period=10.000ns})
  Path Group:             sys_clk_pin
  Path Type:              Hold (Min at Fast Process Corner)
  Requirement:            0.000ns  (sys_clk_pin rise@0.000ns - sys_clk_pin rise@0.000ns)
  Data Path Delay:        0.354ns  (logic 0.186ns (52.507%)  route 0.168ns (47.493%))
  Logic Levels:           1  (LUT2=1)
  Clock Path Skew:        0.000ns (DCD - SCD - CPR)
    Destination Clock Delay (DCD):    2.027ns
    Source Clock Delay      (SCD):    1.511ns
    Clock Pessimism Removal (CPR):    0.515ns

    Location             Delay type                Incr(ns)  Path(ns)    Netlist Resource(s)
  -------------------------------------------------------------------    -------------------
                         (clock sys_clk_pin rise edge)
                                                      0.000     0.000 r  
    E3                                                0.000     0.000 r  CLK100MHZ (IN)
                         net (fo=0)                   0.000     0.000    CLK100MHZ
    E3                   IBUF (Prop_ibuf_I_O)         0.250     0.250 r  CLK100MHZ_IBUF_inst/O
                         net (fo=1, routed)           0.644     0.894    CLK100MHZ_IBUF
    BUFGCTRL_X0Y16       BUFG (Prop_bufg_I_O)         0.026     0.920 r  CLK100MHZ_IBUF_BUFG_inst/O
                         net (fo=25, routed)          0.592     1.511    nolabel_line34/CLK100MHZ_IBUF_BUFG
    SLICE_X1Y76          FDRE                                         r  nolabel_line34/clk3Hz_reg/C
  -------------------------------------------------------------------    -------------------
    SLICE_X1Y76          FDRE (Prop_fdre_C_Q)         0.141     1.652 r  nolabel_line34/clk3Hz_reg/Q
                         net (fo=2, routed)           0.168     1.821    nolabel_line34/clk
    SLICE_X1Y76          LUT2 (Prop_lut2_I1_O)        0.045     1.866 r  nolabel_line34/clk3Hz_i_1/O
                         net (fo=1, routed)           0.000     1.866    nolabel_line34/clk3Hz_i_1_n_0
    SLICE_X1Y76          FDRE                                         r  nolabel_line34/clk3Hz_reg/D
  -------------------------------------------------------------------    -------------------

                         (clock sys_clk_pin rise edge)
                                                      0.000     0.000 r  
    E3                                                0.000     0.000 r  CLK100MHZ (IN)
                         net (fo=0)                   0.000     0.000    CLK100MHZ
    E3                   IBUF (Prop_ibuf_I_O)         0.438     0.438 r  CLK100MHZ_IBUF_inst/O
                         net (fo=1, routed)           0.699     1.136    CLK100MHZ_IBUF
    BUFGCTRL_X0Y16       BUFG (Prop_bufg_I_O)         0.029     1.165 r  CLK100MHZ_IBUF_BUFG_inst/O
                         net (fo=25, routed)          0.862     2.027    nolabel_line34/CLK100MHZ_IBUF_BUFG
    SLICE_X1Y76          FDRE                                         r  nolabel_line34/clk3Hz_reg/C
                         clock pessimism             -0.515     1.511    
    SLICE_X1Y76          FDRE (Hold_fdre_C_D)         0.091     1.602    nolabel_line34/clk3Hz_reg
  -------------------------------------------------------------------
                         required time                         -1.602    
                         arrival time                           1.866    
  -------------------------------------------------------------------
                         slack                                  0.263    

Slack (MET) :             0.280ns  (arrival time - required time)
  Source:                 nolabel_line34/count_reg[15]/C
                            (rising edge-triggered cell FDRE clocked by sys_clk_pin  {rise@0.000ns fall@5.000ns period=10.000ns})
  Destination:            nolabel_line34/count_reg[15]/D
                            (rising edge-triggered cell FDRE clocked by sys_clk_pin  {rise@0.000ns fall@5.000ns period=10.000ns})
  Path Group:             sys_clk_pin
  Path Type:              Hold (Min at Fast Process Corner)
  Requirement:            0.000ns  (sys_clk_pin rise@0.000ns - sys_clk_pin rise@0.000ns)
  Data Path Delay:        0.385ns  (logic 0.252ns (65.529%)  route 0.133ns (34.471%))
  Logic Levels:           1  (CARRY4=1)
  Clock Path Skew:        0.000ns (DCD - SCD - CPR)
    Destination Clock Delay (DCD):    2.026ns
    Source Clock Delay      (SCD):    1.510ns
    Clock Pessimism Removal (CPR):    0.515ns

    Location             Delay type                Incr(ns)  Path(ns)    Netlist Resource(s)
  -------------------------------------------------------------------    -------------------
                         (clock sys_clk_pin rise edge)
                                                      0.000     0.000 r  
    E3                                                0.000     0.000 r  CLK100MHZ (IN)
                         net (fo=0)                   0.000     0.000    CLK100MHZ
    E3                   IBUF (Prop_ibuf_I_O)         0.250     0.250 r  CLK100MHZ_IBUF_inst/O
                         net (fo=1, routed)           0.644     0.894    CLK100MHZ_IBUF
    BUFGCTRL_X0Y16       BUFG (Prop_bufg_I_O)         0.026     0.920 r  CLK100MHZ_IBUF_BUFG_inst/O
                         net (fo=25, routed)          0.591     1.510    nolabel_line34/CLK100MHZ_IBUF_BUFG
    SLICE_X0Y74          FDRE                                         r  nolabel_line34/count_reg[15]/C
  -------------------------------------------------------------------    -------------------
    SLICE_X0Y74          FDRE (Prop_fdre_C_Q)         0.141     1.651 r  nolabel_line34/count_reg[15]/Q
                         net (fo=2, routed)           0.133     1.784    nolabel_line34/count[15]
    SLICE_X0Y74          CARRY4 (Prop_carry4_S[2]_O[2])
                                                      0.111     1.895 r  nolabel_line34/count0_carry__2/O[2]
                         net (fo=1, routed)           0.000     1.895    nolabel_line34/data0[15]
    SLICE_X0Y74          FDRE                                         r  nolabel_line34/count_reg[15]/D
  -------------------------------------------------------------------    -------------------

                         (clock sys_clk_pin rise edge)
                                                      0.000     0.000 r  
    E3                                                0.000     0.000 r  CLK100MHZ (IN)
                         net (fo=0)                   0.000     0.000    CLK100MHZ
    E3                   IBUF (Prop_ibuf_I_O)         0.438     0.438 r  CLK100MHZ_IBUF_inst/O
                         net (fo=1, routed)           0.699     1.136    CLK100MHZ_IBUF
    BUFGCTRL_X0Y16       BUFG (Prop_bufg_I_O)         0.029     1.165 r  CLK100MHZ_IBUF_BUFG_inst/O
                         net (fo=25, routed)          0.861     2.026    nolabel_line34/CLK100MHZ_IBUF_BUFG
    SLICE_X0Y74          FDRE                                         r  nolabel_line34/count_reg[15]/C
                         clock pessimism             -0.515     1.510    
    SLICE_X0Y74          FDRE (Hold_fdre_C_D)         0.105     1.615    nolabel_line34/count_reg[15]
  -------------------------------------------------------------------
                         required time                         -1.615    
                         arrival time                           1.895    
  -------------------------------------------------------------------
                         slack                                  0.280    

Slack (MET) :             0.280ns  (arrival time - required time)
  Source:                 nolabel_line34/count_reg[19]/C
                            (rising edge-triggered cell FDRE clocked by sys_clk_pin  {rise@0.000ns fall@5.000ns period=10.000ns})
  Destination:            nolabel_line34/count_reg[19]/D
                            (rising edge-triggered cell FDRE clocked by sys_clk_pin  {rise@0.000ns fall@5.000ns period=10.000ns})
  Path Group:             sys_clk_pin
  Path Type:              Hold (Min at Fast Process Corner)
  Requirement:            0.000ns  (sys_clk_pin rise@0.000ns - sys_clk_pin rise@0.000ns)
  Data Path Delay:        0.385ns  (logic 0.252ns (65.529%)  route 0.133ns (34.471%))
  Logic Levels:           1  (CARRY4=1)
  Clock Path Skew:        0.000ns (DCD - SCD - CPR)
    Destination Clock Delay (DCD):    2.026ns
    Source Clock Delay      (SCD):    1.510ns
    Clock Pessimism Removal (CPR):    0.515ns

    Location             Delay type                Incr(ns)  Path(ns)    Netlist Resource(s)
  -------------------------------------------------------------------    -------------------
                         (clock sys_clk_pin rise edge)
                                                      0.000     0.000 r  
    E3                                                0.000     0.000 r  CLK100MHZ (IN)
                         net (fo=0)                   0.000     0.000    CLK100MHZ
    E3                   IBUF (Prop_ibuf_I_O)         0.250     0.250 r  CLK100MHZ_IBUF_inst/O
                         net (fo=1, routed)           0.644     0.894    CLK100MHZ_IBUF
    BUFGCTRL_X0Y16       BUFG (Prop_bufg_I_O)         0.026     0.920 r  CLK100MHZ_IBUF_BUFG_inst/O
                         net (fo=25, routed)          0.591     1.510    nolabel_line34/CLK100MHZ_IBUF_BUFG
    SLICE_X0Y75          FDRE                                         r  nolabel_line34/count_reg[19]/C
  -------------------------------------------------------------------    -------------------
    SLICE_X0Y75          FDRE (Prop_fdre_C_Q)         0.141     1.651 r  nolabel_line34/count_reg[19]/Q
                         net (fo=2, routed)           0.133     1.784    nolabel_line34/count[19]
    SLICE_X0Y75          CARRY4 (Prop_carry4_S[2]_O[2])
                                                      0.111     1.895 r  nolabel_line34/count0_carry__3/O[2]
                         net (fo=1, routed)           0.000     1.895    nolabel_line34/data0[19]
    SLICE_X0Y75          FDRE                                         r  nolabel_line34/count_reg[19]/D
  -------------------------------------------------------------------    -------------------

                         (clock sys_clk_pin rise edge)
                                                      0.000     0.000 r  
    E3                                                0.000     0.000 r  CLK100MHZ (IN)
                         net (fo=0)                   0.000     0.000    CLK100MHZ
    E3                   IBUF (Prop_ibuf_I_O)         0.438     0.438 r  CLK100MHZ_IBUF_inst/O
                         net (fo=1, routed)           0.699     1.136    CLK100MHZ_IBUF
    BUFGCTRL_X0Y16       BUFG (Prop_bufg_I_O)         0.029     1.165 r  CLK100MHZ_IBUF_BUFG_inst/O
                         net (fo=25, routed)          0.861     2.026    nolabel_line34/CLK100MHZ_IBUF_BUFG
    SLICE_X0Y75          FDRE                                         r  nolabel_line34/count_reg[19]/C
                         clock pessimism             -0.515     1.510    
    SLICE_X0Y75          FDRE (Hold_fdre_C_D)         0.105     1.615    nolabel_line34/count_reg[19]
  -------------------------------------------------------------------
                         required time                         -1.615    
                         arrival time                           1.895    
  -------------------------------------------------------------------
                         slack                                  0.280    

Slack (MET) :             0.280ns  (arrival time - required time)
  Source:                 nolabel_line34/count_reg[7]/C
                            (rising edge-triggered cell FDRE clocked by sys_clk_pin  {rise@0.000ns fall@5.000ns period=10.000ns})
  Destination:            nolabel_line34/count_reg[7]/D
                            (rising edge-triggered cell FDRE clocked by sys_clk_pin  {rise@0.000ns fall@5.000ns period=10.000ns})
  Path Group:             sys_clk_pin
  Path Type:              Hold (Min at Fast Process Corner)
  Requirement:            0.000ns  (sys_clk_pin rise@0.000ns - sys_clk_pin rise@0.000ns)
  Data Path Delay:        0.385ns  (logic 0.252ns (65.529%)  route 0.133ns (34.471%))
  Logic Levels:           1  (CARRY4=1)
  Clock Path Skew:        0.000ns (DCD - SCD - CPR)
    Destination Clock Delay (DCD):    2.029ns
    Source Clock Delay      (SCD):    1.513ns
    Clock Pessimism Removal (CPR):    0.515ns

    Location             Delay type                Incr(ns)  Path(ns)    Netlist Resource(s)
  -------------------------------------------------------------------    -------------------
                         (clock sys_clk_pin rise edge)
                                                      0.000     0.000 r  
    E3                                                0.000     0.000 r  CLK100MHZ (IN)
                         net (fo=0)                   0.000     0.000    CLK100MHZ
    E3                   IBUF (Prop_ibuf_I_O)         0.250     0.250 r  CLK100MHZ_IBUF_inst/O
                         net (fo=1, routed)           0.644     0.894    CLK100MHZ_IBUF
    BUFGCTRL_X0Y16       BUFG (Prop_bufg_I_O)         0.026     0.920 r  CLK100MHZ_IBUF_BUFG_inst/O
                         net (fo=25, routed)          0.594     1.513    nolabel_line34/CLK100MHZ_IBUF_BUFG
    SLICE_X0Y72          FDRE                                         r  nolabel_line34/count_reg[7]/C
  -------------------------------------------------------------------    -------------------
    SLICE_X0Y72          FDRE (Prop_fdre_C_Q)         0.141     1.654 r  nolabel_line34/count_reg[7]/Q
                         net (fo=2, routed)           0.133     1.787    nolabel_line34/count[7]
    SLICE_X0Y72          CARRY4 (Prop_carry4_S[2]_O[2])
                                                      0.111     1.898 r  nolabel_line34/count0_carry__0/O[2]
                         net (fo=1, routed)           0.000     1.898    nolabel_line34/data0[7]
    SLICE_X0Y72          FDRE                                         r  nolabel_line34/count_reg[7]/D
  -------------------------------------------------------------------    -------------------

                         (clock sys_clk_pin rise edge)
                                                      0.000     0.000 r  
    E3                                                0.000     0.000 r  CLK100MHZ (IN)
                         net (fo=0)                   0.000     0.000    CLK100MHZ
    E3                   IBUF (Prop_ibuf_I_O)         0.438     0.438 r  CLK100MHZ_IBUF_inst/O
                         net (fo=1, routed)           0.699     1.136    CLK100MHZ_IBUF
    BUFGCTRL_X0Y16       BUFG (Prop_bufg_I_O)         0.029     1.165 r  CLK100MHZ_IBUF_BUFG_inst/O
                         net (fo=25, routed)          0.864     2.029    nolabel_line34/CLK100MHZ_IBUF_BUFG
    SLICE_X0Y72          FDRE                                         r  nolabel_line34/count_reg[7]/C
                         clock pessimism             -0.515     1.513    
    SLICE_X0Y72          FDRE (Hold_fdre_C_D)         0.105     1.618    nolabel_line34/count_reg[7]
  -------------------------------------------------------------------
                         required time                         -1.618    
                         arrival time                           1.898    
  -------------------------------------------------------------------
                         slack                                  0.280    

Slack (MET) :             0.280ns  (arrival time - required time)
  Source:                 nolabel_line34/count_reg[11]/C
                            (rising edge-triggered cell FDRE clocked by sys_clk_pin  {rise@0.000ns fall@5.000ns period=10.000ns})
  Destination:            nolabel_line34/count_reg[11]/D
                            (rising edge-triggered cell FDRE clocked by sys_clk_pin  {rise@0.000ns fall@5.000ns period=10.000ns})
  Path Group:             sys_clk_pin
  Path Type:              Hold (Min at Fast Process Corner)
  Requirement:            0.000ns  (sys_clk_pin rise@0.000ns - sys_clk_pin rise@0.000ns)
  Data Path Delay:        0.385ns  (logic 0.252ns (65.529%)  route 0.133ns (34.471%))
  Logic Levels:           1  (CARRY4=1)
  Clock Path Skew:        0.000ns (DCD - SCD - CPR)
    Destination Clock Delay (DCD):    2.027ns
    Source Clock Delay      (SCD):    1.511ns
    Clock Pessimism Removal (CPR):    0.515ns

    Location             Delay type                Incr(ns)  Path(ns)    Netlist Resource(s)
  -------------------------------------------------------------------    -------------------
                         (clock sys_clk_pin rise edge)
                                                      0.000     0.000 r  
    E3                                                0.000     0.000 r  CLK100MHZ (IN)
                         net (fo=0)                   0.000     0.000    CLK100MHZ
    E3                   IBUF (Prop_ibuf_I_O)         0.250     0.250 r  CLK100MHZ_IBUF_inst/O
                         net (fo=1, routed)           0.644     0.894    CLK100MHZ_IBUF
    BUFGCTRL_X0Y16       BUFG (Prop_bufg_I_O)         0.026     0.920 r  CLK100MHZ_IBUF_BUFG_inst/O
                         net (fo=25, routed)          0.592     1.511    nolabel_line34/CLK100MHZ_IBUF_BUFG
    SLICE_X0Y73          FDRE                                         r  nolabel_line34/count_reg[11]/C
  -------------------------------------------------------------------    -------------------
    SLICE_X0Y73          FDRE (Prop_fdre_C_Q)         0.141     1.652 r  nolabel_line34/count_reg[11]/Q
                         net (fo=2, routed)           0.133     1.785    nolabel_line34/count[11]
    SLICE_X0Y73          CARRY4 (Prop_carry4_S[2]_O[2])
                                                      0.111     1.896 r  nolabel_line34/count0_carry__1/O[2]
                         net (fo=1, routed)           0.000     1.896    nolabel_line34/data0[11]
    SLICE_X0Y73          FDRE                                         r  nolabel_line34/count_reg[11]/D
  -------------------------------------------------------------------    -------------------

                         (clock sys_clk_pin rise edge)
                                                      0.000     0.000 r  
    E3                                                0.000     0.000 r  CLK100MHZ (IN)
                         net (fo=0)                   0.000     0.000    CLK100MHZ
    E3                   IBUF (Prop_ibuf_I_O)         0.438     0.438 r  CLK100MHZ_IBUF_inst/O
                         net (fo=1, routed)           0.699     1.136    CLK100MHZ_IBUF
    BUFGCTRL_X0Y16       BUFG (Prop_bufg_I_O)         0.029     1.165 r  CLK100MHZ_IBUF_BUFG_inst/O
                         net (fo=25, routed)          0.862     2.027    nolabel_line34/CLK100MHZ_IBUF_BUFG
    SLICE_X0Y73          FDRE                                         r  nolabel_line34/count_reg[11]/C
                         clock pessimism             -0.515     1.511    
    SLICE_X0Y73          FDRE (Hold_fdre_C_D)         0.105     1.616    nolabel_line34/count_reg[11]
  -------------------------------------------------------------------
                         required time                         -1.616    
                         arrival time                           1.896    
  -------------------------------------------------------------------
                         slack                                  0.280    

Slack (MET) :             0.280ns  (arrival time - required time)
  Source:                 nolabel_line34/count_reg[23]/C
                            (rising edge-triggered cell FDRE clocked by sys_clk_pin  {rise@0.000ns fall@5.000ns period=10.000ns})
  Destination:            nolabel_line34/count_reg[23]/D
                            (rising edge-triggered cell FDRE clocked by sys_clk_pin  {rise@0.000ns fall@5.000ns period=10.000ns})
  Path Group:             sys_clk_pin
  Path Type:              Hold (Min at Fast Process Corner)
  Requirement:            0.000ns  (sys_clk_pin rise@0.000ns - sys_clk_pin rise@0.000ns)
  Data Path Delay:        0.385ns  (logic 0.252ns (65.529%)  route 0.133ns (34.471%))
  Logic Levels:           1  (CARRY4=1)
  Clock Path Skew:        0.000ns (DCD - SCD - CPR)
    Destination Clock Delay (DCD):    2.027ns
    Source Clock Delay      (SCD):    1.511ns
    Clock Pessimism Removal (CPR):    0.515ns

    Location             Delay type                Incr(ns)  Path(ns)    Netlist Resource(s)
  -------------------------------------------------------------------    -------------------
                         (clock sys_clk_pin rise edge)
                                                      0.000     0.000 r  
    E3                                                0.000     0.000 r  CLK100MHZ (IN)
                         net (fo=0)                   0.000     0.000    CLK100MHZ
    E3                   IBUF (Prop_ibuf_I_O)         0.250     0.250 r  CLK100MHZ_IBUF_inst/O
                         net (fo=1, routed)           0.644     0.894    CLK100MHZ_IBUF
    BUFGCTRL_X0Y16       BUFG (Prop_bufg_I_O)         0.026     0.920 r  CLK100MHZ_IBUF_BUFG_inst/O
                         net (fo=25, routed)          0.592     1.511    nolabel_line34/CLK100MHZ_IBUF_BUFG
    SLICE_X0Y76          FDRE                                         r  nolabel_line34/count_reg[23]/C
  -------------------------------------------------------------------    -------------------
    SLICE_X0Y76          FDRE (Prop_fdre_C_Q)         0.141     1.652 r  nolabel_line34/count_reg[23]/Q
                         net (fo=2, routed)           0.133     1.785    nolabel_line34/count[23]
    SLICE_X0Y76          CARRY4 (Prop_carry4_S[2]_O[2])
                                                      0.111     1.896 r  nolabel_line34/count0_carry__4/O[2]
                         net (fo=1, routed)           0.000     1.896    nolabel_line34/data0[23]
    SLICE_X0Y76          FDRE                                         r  nolabel_line34/count_reg[23]/D
  -------------------------------------------------------------------    -------------------

                         (clock sys_clk_pin rise edge)
                                                      0.000     0.000 r  
    E3                                                0.000     0.000 r  CLK100MHZ (IN)
                         net (fo=0)                   0.000     0.000    CLK100MHZ
    E3                   IBUF (Prop_ibuf_I_O)         0.438     0.438 r  CLK100MHZ_IBUF_inst/O
                         net (fo=1, routed)           0.699     1.136    CLK100MHZ_IBUF
    BUFGCTRL_X0Y16       BUFG (Prop_bufg_I_O)         0.029     1.165 r  CLK100MHZ_IBUF_BUFG_inst/O
                         net (fo=25, routed)          0.862     2.027    nolabel_line34/CLK100MHZ_IBUF_BUFG
    SLICE_X0Y76          FDRE                                         r  nolabel_line34/count_reg[23]/C
                         clock pessimism             -0.515     1.511    
    SLICE_X0Y76          FDRE (Hold_fdre_C_D)         0.105     1.616    nolabel_line34/count_reg[23]
  -------------------------------------------------------------------
                         required time                         -1.616    
                         arrival time                           1.896    
  -------------------------------------------------------------------
                         slack                                  0.280    

Slack (MET) :             0.280ns  (arrival time - required time)
  Source:                 nolabel_line34/count_reg[3]/C
                            (rising edge-triggered cell FDRE clocked by sys_clk_pin  {rise@0.000ns fall@5.000ns period=10.000ns})
  Destination:            nolabel_line34/count_reg[3]/D
                            (rising edge-triggered cell FDRE clocked by sys_clk_pin  {rise@0.000ns fall@5.000ns period=10.000ns})
  Path Group:             sys_clk_pin
  Path Type:              Hold (Min at Fast Process Corner)
  Requirement:            0.000ns  (sys_clk_pin rise@0.000ns - sys_clk_pin rise@0.000ns)
  Data Path Delay:        0.385ns  (logic 0.252ns (65.465%)  route 0.133ns (34.535%))
  Logic Levels:           1  (CARRY4=1)
  Clock Path Skew:        0.000ns (DCD - SCD - CPR)
    Destination Clock Delay (DCD):    2.030ns
    Source Clock Delay      (SCD):    1.513ns
    Clock Pessimism Removal (CPR):    0.516ns

    Location             Delay type                Incr(ns)  Path(ns)    Netlist Resource(s)
  -------------------------------------------------------------------    -------------------
                         (clock sys_clk_pin rise edge)
                                                      0.000     0.000 r  
    E3                                                0.000     0.000 r  CLK100MHZ (IN)
                         net (fo=0)                   0.000     0.000    CLK100MHZ
    E3                   IBUF (Prop_ibuf_I_O)         0.250     0.250 r  CLK100MHZ_IBUF_inst/O
                         net (fo=1, routed)           0.644     0.894    CLK100MHZ_IBUF
    BUFGCTRL_X0Y16       BUFG (Prop_bufg_I_O)         0.026     0.920 r  CLK100MHZ_IBUF_BUFG_inst/O
                         net (fo=25, routed)          0.594     1.513    nolabel_line34/CLK100MHZ_IBUF_BUFG
    SLICE_X0Y71          FDRE                                         r  nolabel_line34/count_reg[3]/C
  -------------------------------------------------------------------    -------------------
    SLICE_X0Y71          FDRE (Prop_fdre_C_Q)         0.141     1.654 r  nolabel_line34/count_reg[3]/Q
                         net (fo=2, routed)           0.133     1.787    nolabel_line34/count[3]
    SLICE_X0Y71          CARRY4 (Prop_carry4_S[2]_O[2])
                                                      0.111     1.898 r  nolabel_line34/count0_carry/O[2]
                         net (fo=1, routed)           0.000     1.898    nolabel_line34/data0[3]
    SLICE_X0Y71          FDRE                                         r  nolabel_line34/count_reg[3]/D
  -------------------------------------------------------------------    -------------------

                         (clock sys_clk_pin rise edge)
                                                      0.000     0.000 r  
    E3                                                0.000     0.000 r  CLK100MHZ (IN)
                         net (fo=0)                   0.000     0.000    CLK100MHZ
    E3                   IBUF (Prop_ibuf_I_O)         0.438     0.438 r  CLK100MHZ_IBUF_inst/O
                         net (fo=1, routed)           0.699     1.136    CLK100MHZ_IBUF
    BUFGCTRL_X0Y16       BUFG (Prop_bufg_I_O)         0.029     1.165 r  CLK100MHZ_IBUF_BUFG_inst/O
                         net (fo=25, routed)          0.865     2.030    nolabel_line34/CLK100MHZ_IBUF_BUFG
    SLICE_X0Y71          FDRE                                         r  nolabel_line34/count_reg[3]/C
                         clock pessimism             -0.516     1.513    
    SLICE_X0Y71          FDRE (Hold_fdre_C_D)         0.105     1.618    nolabel_line34/count_reg[3]
  -------------------------------------------------------------------
                         required time                         -1.618    
                         arrival time                           1.898    
  -------------------------------------------------------------------
                         slack                                  0.280    

Slack (MET) :             0.303ns  (arrival time - required time)
  Source:                 nolabel_line34/count_reg[0]/C
                            (rising edge-triggered cell FDRE clocked by sys_clk_pin  {rise@0.000ns fall@5.000ns period=10.000ns})
  Destination:            nolabel_line34/count_reg[1]/D
                            (rising edge-triggered cell FDRE clocked by sys_clk_pin  {rise@0.000ns fall@5.000ns period=10.000ns})
  Path Group:             sys_clk_pin
  Path Type:              Hold (Min at Fast Process Corner)
  Requirement:            0.000ns  (sys_clk_pin rise@0.000ns - sys_clk_pin rise@0.000ns)
  Data Path Delay:        0.421ns  (logic 0.288ns (68.388%)  route 0.133ns (31.612%))
  Logic Levels:           1  (CARRY4=1)
  Clock Path Skew:        0.013ns (DCD - SCD - CPR)
    Destination Clock Delay (DCD):    2.030ns
    Source Clock Delay      (SCD):    1.513ns
    Clock Pessimism Removal (CPR):    0.503ns

    Location             Delay type                Incr(ns)  Path(ns)    Netlist Resource(s)
  -------------------------------------------------------------------    -------------------
                         (clock sys_clk_pin rise edge)
                                                      0.000     0.000 r  
    E3                                                0.000     0.000 r  CLK100MHZ (IN)
                         net (fo=0)                   0.000     0.000    CLK100MHZ
    E3                   IBUF (Prop_ibuf_I_O)         0.250     0.250 r  CLK100MHZ_IBUF_inst/O
                         net (fo=1, routed)           0.644     0.894    CLK100MHZ_IBUF
    BUFGCTRL_X0Y16       BUFG (Prop_bufg_I_O)         0.026     0.920 r  CLK100MHZ_IBUF_BUFG_inst/O
                         net (fo=25, routed)          0.594     1.513    nolabel_line34/CLK100MHZ_IBUF_BUFG
    SLICE_X1Y71          FDRE                                         r  nolabel_line34/count_reg[0]/C
  -------------------------------------------------------------------    -------------------
    SLICE_X1Y71          FDRE (Prop_fdre_C_Q)         0.141     1.654 r  nolabel_line34/count_reg[0]/Q
                         net (fo=3, routed)           0.133     1.787    nolabel_line34/count[0]
    SLICE_X0Y71          CARRY4 (Prop_carry4_CYINIT_O[0])
                                                      0.147     1.934 r  nolabel_line34/count0_carry/O[0]
                         net (fo=1, routed)           0.000     1.934    nolabel_line34/data0[1]
    SLICE_X0Y71          FDRE                                         r  nolabel_line34/count_reg[1]/D
  -------------------------------------------------------------------    -------------------

                         (clock sys_clk_pin rise edge)
                                                      0.000     0.000 r  
    E3                                                0.000     0.000 r  CLK100MHZ (IN)
                         net (fo=0)                   0.000     0.000    CLK100MHZ
    E3                   IBUF (Prop_ibuf_I_O)         0.438     0.438 r  CLK100MHZ_IBUF_inst/O
                         net (fo=1, routed)           0.699     1.136    CLK100MHZ_IBUF
    BUFGCTRL_X0Y16       BUFG (Prop_bufg_I_O)         0.029     1.165 r  CLK100MHZ_IBUF_BUFG_inst/O
                         net (fo=25, routed)          0.865     2.030    nolabel_line34/CLK100MHZ_IBUF_BUFG
    SLICE_X0Y71          FDRE                                         r  nolabel_line34/count_reg[1]/C
                         clock pessimism             -0.503     1.526    
    SLICE_X0Y71          FDRE (Hold_fdre_C_D)         0.105     1.631    nolabel_line34/count_reg[1]
  -------------------------------------------------------------------
                         required time                         -1.631    
                         arrival time                           1.934    
  -------------------------------------------------------------------
                         slack                                  0.303    

Slack (MET) :             0.313ns  (arrival time - required time)
  Source:                 nolabel_line34/count_reg[15]/C
                            (rising edge-triggered cell FDRE clocked by sys_clk_pin  {rise@0.000ns fall@5.000ns period=10.000ns})
  Destination:            nolabel_line34/count_reg[16]/D
                            (rising edge-triggered cell FDRE clocked by sys_clk_pin  {rise@0.000ns fall@5.000ns period=10.000ns})
  Path Group:             sys_clk_pin
  Path Type:              Hold (Min at Fast Process Corner)
  Requirement:            0.000ns  (sys_clk_pin rise@0.000ns - sys_clk_pin rise@0.000ns)
  Data Path Delay:        0.418ns  (logic 0.285ns (68.253%)  route 0.133ns (31.747%))
  Logic Levels:           1  (CARRY4=1)
  Clock Path Skew:        0.000ns (DCD - SCD - CPR)
    Destination Clock Delay (DCD):    2.026ns
    Source Clock Delay      (SCD):    1.510ns
    Clock Pessimism Removal (CPR):    0.515ns

    Location             Delay type                Incr(ns)  Path(ns)    Netlist Resource(s)
  -------------------------------------------------------------------    -------------------
                         (clock sys_clk_pin rise edge)
                                                      0.000     0.000 r  
    E3                                                0.000     0.000 r  CLK100MHZ (IN)
                         net (fo=0)                   0.000     0.000    CLK100MHZ
    E3                   IBUF (Prop_ibuf_I_O)         0.250     0.250 r  CLK100MHZ_IBUF_inst/O
                         net (fo=1, routed)           0.644     0.894    CLK100MHZ_IBUF
    BUFGCTRL_X0Y16       BUFG (Prop_bufg_I_O)         0.026     0.920 r  CLK100MHZ_IBUF_BUFG_inst/O
                         net (fo=25, routed)          0.591     1.510    nolabel_line34/CLK100MHZ_IBUF_BUFG
    SLICE_X0Y74          FDRE                                         r  nolabel_line34/count_reg[15]/C
  -------------------------------------------------------------------    -------------------
    SLICE_X0Y74          FDRE (Prop_fdre_C_Q)         0.141     1.651 r  nolabel_line34/count_reg[15]/Q
                         net (fo=2, routed)           0.133     1.784    nolabel_line34/count[15]
    SLICE_X0Y74          CARRY4 (Prop_carry4_S[2]_O[3])
                                                      0.144     1.928 r  nolabel_line34/count0_carry__2/O[3]
                         net (fo=1, routed)           0.000     1.928    nolabel_line34/data0[16]
    SLICE_X0Y74          FDRE                                         r  nolabel_line34/count_reg[16]/D
  -------------------------------------------------------------------    -------------------

                         (clock sys_clk_pin rise edge)
                                                      0.000     0.000 r  
    E3                                                0.000     0.000 r  CLK100MHZ (IN)
                         net (fo=0)                   0.000     0.000    CLK100MHZ
    E3                   IBUF (Prop_ibuf_I_O)         0.438     0.438 r  CLK100MHZ_IBUF_inst/O
                         net (fo=1, routed)           0.699     1.136    CLK100MHZ_IBUF
    BUFGCTRL_X0Y16       BUFG (Prop_bufg_I_O)         0.029     1.165 r  CLK100MHZ_IBUF_BUFG_inst/O
                         net (fo=25, routed)          0.861     2.026    nolabel_line34/CLK100MHZ_IBUF_BUFG
    SLICE_X0Y74          FDRE                                         r  nolabel_line34/count_reg[16]/C
                         clock pessimism             -0.515     1.510    
    SLICE_X0Y74          FDRE (Hold_fdre_C_D)         0.105     1.615    nolabel_line34/count_reg[16]
  -------------------------------------------------------------------
                         required time                         -1.615    
                         arrival time                           1.928    
  -------------------------------------------------------------------
                         slack                                  0.313    





Pulse Width Checks
--------------------------------------------------------------------------------------
Clock Name:         sys_clk_pin
Waveform(ns):       { 0.000 5.000 }
Period(ns):         10.000
Sources:            { CLK100MHZ }

Check Type        Corner  Lib Pin  Reference Pin  Required(ns)  Actual(ns)  Slack(ns)  Location        Pin
Min Period        n/a     BUFG/I   n/a            2.155         10.000      7.845      BUFGCTRL_X0Y16  CLK100MHZ_IBUF_BUFG_inst/I
Min Period        n/a     FDRE/C   n/a            1.000         10.000      9.000      SLICE_X1Y76     nolabel_line34/clk3Hz_reg/C
Min Period        n/a     FDRE/C   n/a            1.000         10.000      9.000      SLICE_X1Y71     nolabel_line34/count_reg[0]/C
Min Period        n/a     FDRE/C   n/a            1.000         10.000      9.000      SLICE_X0Y73     nolabel_line34/count_reg[10]/C
Min Period        n/a     FDRE/C   n/a            1.000         10.000      9.000      SLICE_X0Y73     nolabel_line34/count_reg[11]/C
Min Period        n/a     FDRE/C   n/a            1.000         10.000      9.000      SLICE_X0Y73     nolabel_line34/count_reg[12]/C
Min Period        n/a     FDRE/C   n/a            1.000         10.000      9.000      SLICE_X0Y74     nolabel_line34/count_reg[13]/C
Min Period        n/a     FDRE/C   n/a            1.000         10.000      9.000      SLICE_X0Y74     nolabel_line34/count_reg[14]/C
Min Period        n/a     FDRE/C   n/a            1.000         10.000      9.000      SLICE_X0Y74     nolabel_line34/count_reg[15]/C
Min Period        n/a     FDRE/C   n/a            1.000         10.000      9.000      SLICE_X0Y74     nolabel_line34/count_reg[16]/C
Low Pulse Width   Slow    FDRE/C   n/a            0.500         5.000       4.500      SLICE_X1Y76     nolabel_line34/clk3Hz_reg/C
Low Pulse Width   Slow    FDRE/C   n/a            0.500         5.000       4.500      SLICE_X0Y73     nolabel_line34/count_reg[10]/C
Low Pulse Width   Slow    FDRE/C   n/a            0.500         5.000       4.500      SLICE_X0Y73     nolabel_line34/count_reg[11]/C
Low Pulse Width   Slow    FDRE/C   n/a            0.500         5.000       4.500      SLICE_X0Y73     nolabel_line34/count_reg[12]/C
Low Pulse Width   Slow    FDRE/C   n/a            0.500         5.000       4.500      SLICE_X0Y74     nolabel_line34/count_reg[13]/C
Low Pulse Width   Slow    FDRE/C   n/a            0.500         5.000       4.500      SLICE_X0Y74     nolabel_line34/count_reg[14]/C
Low Pulse Width   Slow    FDRE/C   n/a            0.500         5.000       4.500      SLICE_X0Y74     nolabel_line34/count_reg[15]/C
Low Pulse Width   Slow    FDRE/C   n/a            0.500         5.000       4.500      SLICE_X0Y74     nolabel_line34/count_reg[16]/C
Low Pulse Width   Slow    FDRE/C   n/a            0.500         5.000       4.500      SLICE_X0Y75     nolabel_line34/count_reg[17]/C
Low Pulse Width   Slow    FDRE/C   n/a            0.500         5.000       4.500      SLICE_X0Y75     nolabel_line34/count_reg[18]/C
High Pulse Width  Fast    FDRE/C   n/a            0.500         5.000       4.500      SLICE_X1Y76     nolabel_line34/clk3Hz_reg/C
High Pulse Width  Slow    FDRE/C   n/a            0.500         5.000       4.500      SLICE_X1Y71     nolabel_line34/count_reg[0]/C
High Pulse Width  Fast    FDRE/C   n/a            0.500         5.000       4.500      SLICE_X1Y71     nolabel_line34/count_reg[0]/C
High Pulse Width  Fast    FDRE/C   n/a            0.500         5.000       4.500      SLICE_X0Y73     nolabel_line34/count_reg[10]/C
High Pulse Width  Fast    FDRE/C   n/a            0.500         5.000       4.500      SLICE_X0Y73     nolabel_line34/count_reg[11]/C
High Pulse Width  Fast    FDRE/C   n/a            0.500         5.000       4.500      SLICE_X0Y73     nolabel_line34/count_reg[12]/C
High Pulse Width  Slow    FDRE/C   n/a            0.500         5.000       4.500      SLICE_X0Y74     nolabel_line34/count_reg[13]/C
High Pulse Width  Fast    FDRE/C   n/a            0.500         5.000       4.500      SLICE_X0Y74     nolabel_line34/count_reg[13]/C
High Pulse Width  Slow    FDRE/C   n/a            0.500         5.000       4.500      SLICE_X0Y74     nolabel_line34/count_reg[14]/C
High Pulse Width  Fast    FDRE/C   n/a            0.500         5.000       4.500      SLICE_X0Y74     nolabel_line34/count_reg[14]/C



