Copyright 1986-2019 Xilinx, Inc. All Rights Reserved.
---------------------------------------------------------------------------------------------
| Tool Version : Vivado v.2019.2 (win64) Build 2708876 Wed Nov  6 21:40:23 MST 2019
| Date         : Mon Dec  1 17:39:16 2025
| Host         : LAPTOP-JOE running 64-bit major release  (build 9200)
| Command      : report_control_sets -verbose -file SVGA_Stripes_Top_control_sets_placed.rpt
| Design       : SVGA_Stripes_Top
| Device       : xc7a100t
---------------------------------------------------------------------------------------------

Control Set Information

Table of Contents
-----------------
1. Summary
2. Histogram
3. Flip-Flop Distribution
4. Detailed Control Set Information

1. Summary
----------

+----------------------------------------------------------+-------+
|                          Status                          | Count |
+----------------------------------------------------------+-------+
| Total control sets                                       |     5 |
|    Minimum number of control sets                        |     5 |
|    Addition due to synthesis replication                 |     0 |
|    Addition due to physical synthesis replication        |     0 |
| Unused register locations in slices containing registers |    23 |
+----------------------------------------------------------+-------+
* Control sets can be merged at opt_design using control_set_merge or merge_equivalent_drivers
** Run report_qor_suggestions for automated merging and remapping suggestions


2. Histogram
------------

+--------------------+-------+
|       Fanout       | Count |
+--------------------+-------+
| Total control sets |     5 |
| >= 0 to < 4        |     3 |
| >= 4 to < 6        |     0 |
| >= 6 to < 8        |     0 |
| >= 8 to < 10       |     1 |
| >= 10 to < 12      |     1 |
| >= 12 to < 14      |     0 |
| >= 14 to < 16      |     0 |
| >= 16              |     0 |
+--------------------+-------+
* Control sets can be remapped at either synth_design or opt_design


3. Flip-Flop Distribution
-------------------------

+--------------+-----------------------+------------------------+-----------------+--------------+
| Clock Enable | Synchronous Set/Reset | Asynchronous Set/Reset | Total Registers | Total Slices |
+--------------+-----------------------+------------------------+-----------------+--------------+
| No           | No                    | No                     |               2 |            2 |
| No           | No                    | Yes                    |               1 |            1 |
| No           | Yes                   | No                     |              11 |            4 |
| Yes          | No                    | No                     |               3 |            2 |
| Yes          | No                    | Yes                    |               0 |            0 |
| Yes          | Yes                   | No                     |               8 |            3 |
+--------------+-----------------------+------------------------+-----------------+--------------+


4. Detailed Control Set Information
-----------------------------------

+----------------------+---------------+-----------------------+------------------+----------------+
|     Clock Signal     | Enable Signal |    Set/Reset Signal   | Slice Load Count | Bel Load Count |
+----------------------+---------------+-----------------------+------------------+----------------+
|  CLK100MHZ_IBUF_BUFG |               | BTNC_IBUF             |                1 |              1 |
|  C1/CLK              |               |                       |                2 |              2 |
|  C1/CLK              | V1/hMaxed     |                       |                2 |              3 |
|  C1/CLK              | V1/hMaxed     | V1/yPixel[10]_i_1_n_0 |                3 |              8 |
|  C1/CLK              |               | V1/hMaxed             |                4 |             11 |
+----------------------+---------------+-----------------------+------------------+----------------+


