Copyright 1986-2019 Xilinx, Inc. All Rights Reserved.
--------------------------------------------------------------------------------------------------------------------------------------------------------------------------------
| Tool Version : Vivado v.2019.2 (win64) Build 2708876 Wed Nov  6 21:40:23 MST 2019
| Date         : Wed Nov 19 23:31:34 2025
| Host         : LAPTOP-JOE running 64-bit major release  (build 9200)
| Command      : report_timing_summary -max_paths 10 -file Top_timing_summary_routed.rpt -pb Top_timing_summary_routed.pb -rpx Top_timing_summary_routed.rpx -warn_on_violation
| Design       : Top
| Device       : 7a100t-csg324
| Speed File   : -1  PRODUCTION 1.23 2018-06-13
--------------------------------------------------------------------------------------------------------------------------------------------------------------------------------

Timing Summary Report

------------------------------------------------------------------------------------------------
| Timer Settings
| --------------
------------------------------------------------------------------------------------------------

  Enable Multi Corner Analysis               :  Yes
  Enable Pessimism Removal                   :  Yes
  Pessimism Removal Resolution               :  Nearest Common Node
  Enable Input Delay Default Clock           :  No
  Enable Preset / Clear Arcs                 :  No
  Disable Flight Delays                      :  No
  Ignore I/O Paths                           :  No
  Timing Early Launch at Borrowing Latches   :  No
  Borrow Time for Max Delay Exceptions       :  Yes
  Merge Timing Exceptions                    :  Yes

  Corner  Analyze    Analyze    
  Name    Max Paths  Min Paths  
  ------  ---------  ---------  
  Slow    Yes        Yes        
  Fast    Yes        Yes        



check_timing report

Table of Contents
-----------------
1. checking no_clock
2. checking constant_clock
3. checking pulse_width_clock
4. checking unconstrained_internal_endpoints
5. checking no_input_delay
6. checking no_output_delay
7. checking multiple_clock
8. checking generated_clocks
9. checking loops
10. checking partial_input_delay
11. checking partial_output_delay
12. checking latch_loops

1. checking no_clock
--------------------
 There are 8 register/latch pins with no clock driven by root clock pin: U1/OneSecond_reg/Q (HIGH)


2. checking constant_clock
--------------------------
 There are 0 register/latch pins with constant_clock.


3. checking pulse_width_clock
-----------------------------
 There are 0 register/latch pins which need pulse_width check


4. checking unconstrained_internal_endpoints
--------------------------------------------
 There are 16 pins that are not constrained for maximum delay. (HIGH)

 There are 0 pins that are not constrained for maximum delay due to constant clock.


5. checking no_input_delay
--------------------------
 There is 1 input port with no input delay specified. (HIGH)

 There are 0 input ports with no input delay but user has a false path constraint.


6. checking no_output_delay
---------------------------
 There are 15 ports with no output delay specified. (HIGH)

 There are 0 ports with no output delay but user has a false path constraint

 There are 0 ports with no output delay but with a timing clock defined on it or propagating through it


7. checking multiple_clock
--------------------------
 There are 0 register/latch pins with multiple clocks.


8. checking generated_clocks
----------------------------
 There are 0 generated clocks that are not connected to a clock source.


9. checking loops
-----------------
 There are 0 combinational loops in the design.


10. checking partial_input_delay
--------------------------------
 There are 0 input ports with partial input delay specified.


11. checking partial_output_delay
---------------------------------
 There are 0 ports with partial output delay specified.


12. checking latch_loops
------------------------
 There are 0 combinational latch loops in the design through latch input



------------------------------------------------------------------------------------------------
| Design Timing Summary
| ---------------------
------------------------------------------------------------------------------------------------

    WNS(ns)      TNS(ns)  TNS Failing Endpoints  TNS Total Endpoints      WHS(ns)      THS(ns)  THS Failing Endpoints  THS Total Endpoints     WPWS(ns)     TPWS(ns)  TPWS Failing Endpoints  TPWS Total Endpoints  
    -------      -------  ---------------------  -------------------      -------      -------  ---------------------  -------------------     --------     --------  ----------------------  --------------------  
      4.270        0.000                      0                   48        0.252        0.000                      0                   48        4.500        0.000                       0                    49  


All user specified timing constraints are met.


------------------------------------------------------------------------------------------------
| Clock Summary
| -------------
------------------------------------------------------------------------------------------------

Clock        Waveform(ns)       Period(ns)      Frequency(MHz)
-----        ------------       ----------      --------------
sys_clk_pin  {0.000 5.000}      10.000          100.000         


------------------------------------------------------------------------------------------------
| Intra Clock Table
| -----------------
------------------------------------------------------------------------------------------------

Clock             WNS(ns)      TNS(ns)  TNS Failing Endpoints  TNS Total Endpoints      WHS(ns)      THS(ns)  THS Failing Endpoints  THS Total Endpoints     WPWS(ns)     TPWS(ns)  TPWS Failing Endpoints  TPWS Total Endpoints  
-----             -------      -------  ---------------------  -------------------      -------      -------  ---------------------  -------------------     --------     --------  ----------------------  --------------------  
sys_clk_pin         4.270        0.000                      0                   48        0.252        0.000                      0                   48        4.500        0.000                       0                    49  


------------------------------------------------------------------------------------------------
| Inter Clock Table
| -----------------
------------------------------------------------------------------------------------------------

From Clock    To Clock          WNS(ns)      TNS(ns)  TNS Failing Endpoints  TNS Total Endpoints      WHS(ns)      THS(ns)  THS Failing Endpoints  THS Total Endpoints  
----------    --------          -------      -------  ---------------------  -------------------      -------      -------  ---------------------  -------------------  


------------------------------------------------------------------------------------------------
| Other Path Groups Table
| -----------------------
------------------------------------------------------------------------------------------------

Path Group    From Clock    To Clock          WNS(ns)      TNS(ns)  TNS Failing Endpoints  TNS Total Endpoints      WHS(ns)      THS(ns)  THS Failing Endpoints  THS Total Endpoints  
----------    ----------    --------          -------      -------  ---------------------  -------------------      -------      -------  ---------------------  -------------------  


------------------------------------------------------------------------------------------------
| Timing Details
| --------------
------------------------------------------------------------------------------------------------


---------------------------------------------------------------------------------------------------
From Clock:  sys_clk_pin
  To Clock:  sys_clk_pin

Setup :            0  Failing Endpoints,  Worst Slack        4.270ns,  Total Violation        0.000ns
Hold  :            0  Failing Endpoints,  Worst Slack        0.252ns,  Total Violation        0.000ns
PW    :            0  Failing Endpoints,  Worst Slack        4.500ns,  Total Violation        0.000ns
---------------------------------------------------------------------------------------------------


Max Delay Paths
--------------------------------------------------------------------------------------
Slack (MET) :             4.270ns  (required time - arrival time)
  Source:                 U1/count_reg[3]/C
                            (rising edge-triggered cell FDCE clocked by sys_clk_pin  {rise@0.000ns fall@5.000ns period=10.000ns})
  Destination:            U1/count_reg[0]/D
                            (rising edge-triggered cell FDCE clocked by sys_clk_pin  {rise@0.000ns fall@5.000ns period=10.000ns})
  Path Group:             sys_clk_pin
  Path Type:              Setup (Max at Slow Process Corner)
  Requirement:            10.000ns  (sys_clk_pin rise@10.000ns - sys_clk_pin rise@0.000ns)
  Data Path Delay:        5.359ns  (logic 1.118ns (20.861%)  route 4.241ns (79.139%))
  Logic Levels:           4  (LUT2=1 LUT4=1 LUT5=1 LUT6=1)
  Clock Path Skew:        -0.022ns (DCD - SCD + CPR)
    Destination Clock Delay (DCD):    5.020ns = ( 15.020 - 10.000 ) 
    Source Clock Delay      (SCD):    5.320ns
    Clock Pessimism Removal (CPR):    0.278ns
  Clock Uncertainty:      0.035ns  ((TSJ^2 + TIJ^2)^1/2 + DJ) / 2 + PE
    Total System Jitter     (TSJ):    0.071ns
    Total Input Jitter      (TIJ):    0.000ns
    Discrete Jitter          (DJ):    0.000ns
    Phase Error              (PE):    0.000ns

    Location             Delay type                Incr(ns)  Path(ns)    Netlist Resource(s)
  -------------------------------------------------------------------    -------------------
                         (clock sys_clk_pin rise edge)
                                                      0.000     0.000 r  
    E3                                                0.000     0.000 r  CLK100MHZ (IN)
                         net (fo=0)                   0.000     0.000    CLK100MHZ
    E3                   IBUF (Prop_ibuf_I_O)         1.482     1.482 r  CLK100MHZ_IBUF_inst/O
                         net (fo=1, routed)           2.025     3.506    CLK100MHZ_IBUF
    BUFGCTRL_X0Y16       BUFG (Prop_bufg_I_O)         0.096     3.602 r  CLK100MHZ_IBUF_BUFG_inst/O
                         net (fo=48, routed)          1.717     5.320    U1/CLK100MHZ_IBUF_BUFG
    SLICE_X5Y84          FDCE                                         r  U1/count_reg[3]/C
  -------------------------------------------------------------------    -------------------
    SLICE_X5Y84          FDCE (Prop_fdce_C_Q)         0.419     5.739 f  U1/count_reg[3]/Q
                         net (fo=2, routed)           0.859     6.598    U1/count[3]
    SLICE_X5Y84          LUT4 (Prop_lut4_I1_O)        0.299     6.897 f  U1/count[26]_i_7/O
                         net (fo=1, routed)           0.775     7.672    U1/count[26]_i_7_n_0
    SLICE_X5Y87          LUT6 (Prop_lut6_I3_O)        0.124     7.796 f  U1/count[26]_i_5/O
                         net (fo=1, routed)           0.480     8.276    U1/count[26]_i_5_n_0
    SLICE_X5Y89          LUT5 (Prop_lut5_I3_O)        0.124     8.400 f  U1/count[26]_i_3/O
                         net (fo=28, routed)          1.323     9.722    U1/p_1_in
    SLICE_X5Y84          LUT2 (Prop_lut2_I1_O)        0.152     9.874 r  U1/count[0]_i_1/O
                         net (fo=1, routed)           0.805    10.679    U1/p_0_in[0]
    SLICE_X4Y84          FDCE                                         r  U1/count_reg[0]/D
  -------------------------------------------------------------------    -------------------

                         (clock sys_clk_pin rise edge)
                                                     10.000    10.000 r  
    E3                                                0.000    10.000 r  CLK100MHZ (IN)
                         net (fo=0)                   0.000    10.000    CLK100MHZ
    E3                   IBUF (Prop_ibuf_I_O)         1.411    11.411 r  CLK100MHZ_IBUF_inst/O
                         net (fo=1, routed)           1.920    13.331    CLK100MHZ_IBUF
    BUFGCTRL_X0Y16       BUFG (Prop_bufg_I_O)         0.091    13.422 r  CLK100MHZ_IBUF_BUFG_inst/O
                         net (fo=48, routed)          1.597    15.020    U1/CLK100MHZ_IBUF_BUFG
    SLICE_X4Y84          FDCE                                         r  U1/count_reg[0]/C
                         clock pessimism              0.278    15.298    
                         clock uncertainty           -0.035    15.262    
    SLICE_X4Y84          FDCE (Setup_fdce_C_D)       -0.313    14.949    U1/count_reg[0]
  -------------------------------------------------------------------
                         required time                         14.949    
                         arrival time                         -10.679    
  -------------------------------------------------------------------
                         slack                                  4.270    

Slack (MET) :             5.412ns  (required time - arrival time)
  Source:                 U1/count_reg[3]/C
                            (rising edge-triggered cell FDCE clocked by sys_clk_pin  {rise@0.000ns fall@5.000ns period=10.000ns})
  Destination:            U1/count_reg[12]/D
                            (rising edge-triggered cell FDCE clocked by sys_clk_pin  {rise@0.000ns fall@5.000ns period=10.000ns})
  Path Group:             sys_clk_pin
  Path Type:              Setup (Max at Slow Process Corner)
  Requirement:            10.000ns  (sys_clk_pin rise@10.000ns - sys_clk_pin rise@0.000ns)
  Data Path Delay:        4.558ns  (logic 1.090ns (23.912%)  route 3.468ns (76.088%))
  Logic Levels:           4  (LUT2=1 LUT4=1 LUT5=1 LUT6=1)
  Clock Path Skew:        -0.023ns (DCD - SCD + CPR)
    Destination Clock Delay (DCD):    5.021ns = ( 15.021 - 10.000 ) 
    Source Clock Delay      (SCD):    5.320ns
    Clock Pessimism Removal (CPR):    0.276ns
  Clock Uncertainty:      0.035ns  ((TSJ^2 + TIJ^2)^1/2 + DJ) / 2 + PE
    Total System Jitter     (TSJ):    0.071ns
    Total Input Jitter      (TIJ):    0.000ns
    Discrete Jitter          (DJ):    0.000ns
    Phase Error              (PE):    0.000ns

    Location             Delay type                Incr(ns)  Path(ns)    Netlist Resource(s)
  -------------------------------------------------------------------    -------------------
                         (clock sys_clk_pin rise edge)
                                                      0.000     0.000 r  
    E3                                                0.000     0.000 r  CLK100MHZ (IN)
                         net (fo=0)                   0.000     0.000    CLK100MHZ
    E3                   IBUF (Prop_ibuf_I_O)         1.482     1.482 r  CLK100MHZ_IBUF_inst/O
                         net (fo=1, routed)           2.025     3.506    CLK100MHZ_IBUF
    BUFGCTRL_X0Y16       BUFG (Prop_bufg_I_O)         0.096     3.602 r  CLK100MHZ_IBUF_BUFG_inst/O
                         net (fo=48, routed)          1.717     5.320    U1/CLK100MHZ_IBUF_BUFG
    SLICE_X5Y84          FDCE                                         r  U1/count_reg[3]/C
  -------------------------------------------------------------------    -------------------
    SLICE_X5Y84          FDCE (Prop_fdce_C_Q)         0.419     5.739 f  U1/count_reg[3]/Q
                         net (fo=2, routed)           0.859     6.598    U1/count[3]
    SLICE_X5Y84          LUT4 (Prop_lut4_I1_O)        0.299     6.897 f  U1/count[26]_i_7/O
                         net (fo=1, routed)           0.775     7.672    U1/count[26]_i_7_n_0
    SLICE_X5Y87          LUT6 (Prop_lut6_I3_O)        0.124     7.796 f  U1/count[26]_i_5/O
                         net (fo=1, routed)           0.480     8.276    U1/count[26]_i_5_n_0
    SLICE_X5Y89          LUT5 (Prop_lut5_I3_O)        0.124     8.400 f  U1/count[26]_i_3/O
                         net (fo=28, routed)          1.354     9.754    U1/p_1_in
    SLICE_X5Y85          LUT2 (Prop_lut2_I1_O)        0.124     9.878 r  U1/count[12]_i_1/O
                         net (fo=1, routed)           0.000     9.878    U1/p_0_in[12]
    SLICE_X5Y85          FDCE                                         r  U1/count_reg[12]/D
  -------------------------------------------------------------------    -------------------

                         (clock sys_clk_pin rise edge)
                                                     10.000    10.000 r  
    E3                                                0.000    10.000 r  CLK100MHZ (IN)
                         net (fo=0)                   0.000    10.000    CLK100MHZ
    E3                   IBUF (Prop_ibuf_I_O)         1.411    11.411 r  CLK100MHZ_IBUF_inst/O
                         net (fo=1, routed)           1.920    13.331    CLK100MHZ_IBUF
    BUFGCTRL_X0Y16       BUFG (Prop_bufg_I_O)         0.091    13.422 r  CLK100MHZ_IBUF_BUFG_inst/O
                         net (fo=48, routed)          1.598    15.021    U1/CLK100MHZ_IBUF_BUFG
    SLICE_X5Y85          FDCE                                         r  U1/count_reg[12]/C
                         clock pessimism              0.276    15.297    
                         clock uncertainty           -0.035    15.261    
    SLICE_X5Y85          FDCE (Setup_fdce_C_D)        0.029    15.290    U1/count_reg[12]
  -------------------------------------------------------------------
                         required time                         15.290    
                         arrival time                          -9.878    
  -------------------------------------------------------------------
                         slack                                  5.412    

Slack (MET) :             5.415ns  (required time - arrival time)
  Source:                 U1/count_reg[3]/C
                            (rising edge-triggered cell FDCE clocked by sys_clk_pin  {rise@0.000ns fall@5.000ns period=10.000ns})
  Destination:            U1/count_reg[5]/D
                            (rising edge-triggered cell FDCE clocked by sys_clk_pin  {rise@0.000ns fall@5.000ns period=10.000ns})
  Path Group:             sys_clk_pin
  Path Type:              Setup (Max at Slow Process Corner)
  Requirement:            10.000ns  (sys_clk_pin rise@10.000ns - sys_clk_pin rise@0.000ns)
  Data Path Delay:        4.557ns  (logic 1.090ns (23.917%)  route 3.467ns (76.083%))
  Logic Levels:           4  (LUT2=1 LUT4=1 LUT5=1 LUT6=1)
  Clock Path Skew:        -0.023ns (DCD - SCD + CPR)
    Destination Clock Delay (DCD):    5.021ns = ( 15.021 - 10.000 ) 
    Source Clock Delay      (SCD):    5.320ns
    Clock Pessimism Removal (CPR):    0.276ns
  Clock Uncertainty:      0.035ns  ((TSJ^2 + TIJ^2)^1/2 + DJ) / 2 + PE
    Total System Jitter     (TSJ):    0.071ns
    Total Input Jitter      (TIJ):    0.000ns
    Discrete Jitter          (DJ):    0.000ns
    Phase Error              (PE):    0.000ns

    Location             Delay type                Incr(ns)  Path(ns)    Netlist Resource(s)
  -------------------------------------------------------------------    -------------------
                         (clock sys_clk_pin rise edge)
                                                      0.000     0.000 r  
    E3                                                0.000     0.000 r  CLK100MHZ (IN)
                         net (fo=0)                   0.000     0.000    CLK100MHZ
    E3                   IBUF (Prop_ibuf_I_O)         1.482     1.482 r  CLK100MHZ_IBUF_inst/O
                         net (fo=1, routed)           2.025     3.506    CLK100MHZ_IBUF
    BUFGCTRL_X0Y16       BUFG (Prop_bufg_I_O)         0.096     3.602 r  CLK100MHZ_IBUF_BUFG_inst/O
                         net (fo=48, routed)          1.717     5.320    U1/CLK100MHZ_IBUF_BUFG
    SLICE_X5Y84          FDCE                                         r  U1/count_reg[3]/C
  -------------------------------------------------------------------    -------------------
    SLICE_X5Y84          FDCE (Prop_fdce_C_Q)         0.419     5.739 f  U1/count_reg[3]/Q
                         net (fo=2, routed)           0.859     6.598    U1/count[3]
    SLICE_X5Y84          LUT4 (Prop_lut4_I1_O)        0.299     6.897 f  U1/count[26]_i_7/O
                         net (fo=1, routed)           0.775     7.672    U1/count[26]_i_7_n_0
    SLICE_X5Y87          LUT6 (Prop_lut6_I3_O)        0.124     7.796 f  U1/count[26]_i_5/O
                         net (fo=1, routed)           0.480     8.276    U1/count[26]_i_5_n_0
    SLICE_X5Y89          LUT5 (Prop_lut5_I3_O)        0.124     8.400 f  U1/count[26]_i_3/O
                         net (fo=28, routed)          1.353     9.753    U1/p_1_in
    SLICE_X5Y85          LUT2 (Prop_lut2_I1_O)        0.124     9.877 r  U1/count[5]_i_1/O
                         net (fo=1, routed)           0.000     9.877    U1/p_0_in[5]
    SLICE_X5Y85          FDCE                                         r  U1/count_reg[5]/D
  -------------------------------------------------------------------    -------------------

                         (clock sys_clk_pin rise edge)
                                                     10.000    10.000 r  
    E3                                                0.000    10.000 r  CLK100MHZ (IN)
                         net (fo=0)                   0.000    10.000    CLK100MHZ
    E3                   IBUF (Prop_ibuf_I_O)         1.411    11.411 r  CLK100MHZ_IBUF_inst/O
                         net (fo=1, routed)           1.920    13.331    CLK100MHZ_IBUF
    BUFGCTRL_X0Y16       BUFG (Prop_bufg_I_O)         0.091    13.422 r  CLK100MHZ_IBUF_BUFG_inst/O
                         net (fo=48, routed)          1.598    15.021    U1/CLK100MHZ_IBUF_BUFG
    SLICE_X5Y85          FDCE                                         r  U1/count_reg[5]/C
                         clock pessimism              0.276    15.297    
                         clock uncertainty           -0.035    15.261    
    SLICE_X5Y85          FDCE (Setup_fdce_C_D)        0.031    15.292    U1/count_reg[5]
  -------------------------------------------------------------------
                         required time                         15.292    
                         arrival time                          -9.877    
  -------------------------------------------------------------------
                         slack                                  5.415    

Slack (MET) :             5.430ns  (required time - arrival time)
  Source:                 U1/count_reg[3]/C
                            (rising edge-triggered cell FDCE clocked by sys_clk_pin  {rise@0.000ns fall@5.000ns period=10.000ns})
  Destination:            U1/count_reg[6]/D
                            (rising edge-triggered cell FDCE clocked by sys_clk_pin  {rise@0.000ns fall@5.000ns period=10.000ns})
  Path Group:             sys_clk_pin
  Path Type:              Setup (Max at Slow Process Corner)
  Requirement:            10.000ns  (sys_clk_pin rise@10.000ns - sys_clk_pin rise@0.000ns)
  Data Path Delay:        4.586ns  (logic 1.118ns (24.376%)  route 3.468ns (75.624%))
  Logic Levels:           4  (LUT2=1 LUT4=1 LUT5=1 LUT6=1)
  Clock Path Skew:        -0.023ns (DCD - SCD + CPR)
    Destination Clock Delay (DCD):    5.021ns = ( 15.021 - 10.000 ) 
    Source Clock Delay      (SCD):    5.320ns
    Clock Pessimism Removal (CPR):    0.276ns
  Clock Uncertainty:      0.035ns  ((TSJ^2 + TIJ^2)^1/2 + DJ) / 2 + PE
    Total System Jitter     (TSJ):    0.071ns
    Total Input Jitter      (TIJ):    0.000ns
    Discrete Jitter          (DJ):    0.000ns
    Phase Error              (PE):    0.000ns

    Location             Delay type                Incr(ns)  Path(ns)    Netlist Resource(s)
  -------------------------------------------------------------------    -------------------
                         (clock sys_clk_pin rise edge)
                                                      0.000     0.000 r  
    E3                                                0.000     0.000 r  CLK100MHZ (IN)
                         net (fo=0)                   0.000     0.000    CLK100MHZ
    E3                   IBUF (Prop_ibuf_I_O)         1.482     1.482 r  CLK100MHZ_IBUF_inst/O
                         net (fo=1, routed)           2.025     3.506    CLK100MHZ_IBUF
    BUFGCTRL_X0Y16       BUFG (Prop_bufg_I_O)         0.096     3.602 r  CLK100MHZ_IBUF_BUFG_inst/O
                         net (fo=48, routed)          1.717     5.320    U1/CLK100MHZ_IBUF_BUFG
    SLICE_X5Y84          FDCE                                         r  U1/count_reg[3]/C
  -------------------------------------------------------------------    -------------------
    SLICE_X5Y84          FDCE (Prop_fdce_C_Q)         0.419     5.739 f  U1/count_reg[3]/Q
                         net (fo=2, routed)           0.859     6.598    U1/count[3]
    SLICE_X5Y84          LUT4 (Prop_lut4_I1_O)        0.299     6.897 f  U1/count[26]_i_7/O
                         net (fo=1, routed)           0.775     7.672    U1/count[26]_i_7_n_0
    SLICE_X5Y87          LUT6 (Prop_lut6_I3_O)        0.124     7.796 f  U1/count[26]_i_5/O
                         net (fo=1, routed)           0.480     8.276    U1/count[26]_i_5_n_0
    SLICE_X5Y89          LUT5 (Prop_lut5_I3_O)        0.124     8.400 f  U1/count[26]_i_3/O
                         net (fo=28, routed)          1.354     9.754    U1/p_1_in
    SLICE_X5Y85          LUT2 (Prop_lut2_I1_O)        0.152     9.906 r  U1/count[6]_i_1/O
                         net (fo=1, routed)           0.000     9.906    U1/p_0_in[6]
    SLICE_X5Y85          FDCE                                         r  U1/count_reg[6]/D
  -------------------------------------------------------------------    -------------------

                         (clock sys_clk_pin rise edge)
                                                     10.000    10.000 r  
    E3                                                0.000    10.000 r  CLK100MHZ (IN)
                         net (fo=0)                   0.000    10.000    CLK100MHZ
    E3                   IBUF (Prop_ibuf_I_O)         1.411    11.411 r  CLK100MHZ_IBUF_inst/O
                         net (fo=1, routed)           1.920    13.331    CLK100MHZ_IBUF
    BUFGCTRL_X0Y16       BUFG (Prop_bufg_I_O)         0.091    13.422 r  CLK100MHZ_IBUF_BUFG_inst/O
                         net (fo=48, routed)          1.598    15.021    U1/CLK100MHZ_IBUF_BUFG
    SLICE_X5Y85          FDCE                                         r  U1/count_reg[6]/C
                         clock pessimism              0.276    15.297    
                         clock uncertainty           -0.035    15.261    
    SLICE_X5Y85          FDCE (Setup_fdce_C_D)        0.075    15.336    U1/count_reg[6]
  -------------------------------------------------------------------
                         required time                         15.336    
                         arrival time                          -9.906    
  -------------------------------------------------------------------
                         slack                                  5.430    

Slack (MET) :             5.431ns  (required time - arrival time)
  Source:                 U1/count_reg[3]/C
                            (rising edge-triggered cell FDCE clocked by sys_clk_pin  {rise@0.000ns fall@5.000ns period=10.000ns})
  Destination:            U1/count_reg[8]/D
                            (rising edge-triggered cell FDCE clocked by sys_clk_pin  {rise@0.000ns fall@5.000ns period=10.000ns})
  Path Group:             sys_clk_pin
  Path Type:              Setup (Max at Slow Process Corner)
  Requirement:            10.000ns  (sys_clk_pin rise@10.000ns - sys_clk_pin rise@0.000ns)
  Data Path Delay:        4.585ns  (logic 1.118ns (24.382%)  route 3.467ns (75.618%))
  Logic Levels:           4  (LUT2=1 LUT4=1 LUT5=1 LUT6=1)
  Clock Path Skew:        -0.023ns (DCD - SCD + CPR)
    Destination Clock Delay (DCD):    5.021ns = ( 15.021 - 10.000 ) 
    Source Clock Delay      (SCD):    5.320ns
    Clock Pessimism Removal (CPR):    0.276ns
  Clock Uncertainty:      0.035ns  ((TSJ^2 + TIJ^2)^1/2 + DJ) / 2 + PE
    Total System Jitter     (TSJ):    0.071ns
    Total Input Jitter      (TIJ):    0.000ns
    Discrete Jitter          (DJ):    0.000ns
    Phase Error              (PE):    0.000ns

    Location             Delay type                Incr(ns)  Path(ns)    Netlist Resource(s)
  -------------------------------------------------------------------    -------------------
                         (clock sys_clk_pin rise edge)
                                                      0.000     0.000 r  
    E3                                                0.000     0.000 r  CLK100MHZ (IN)
                         net (fo=0)                   0.000     0.000    CLK100MHZ
    E3                   IBUF (Prop_ibuf_I_O)         1.482     1.482 r  CLK100MHZ_IBUF_inst/O
                         net (fo=1, routed)           2.025     3.506    CLK100MHZ_IBUF
    BUFGCTRL_X0Y16       BUFG (Prop_bufg_I_O)         0.096     3.602 r  CLK100MHZ_IBUF_BUFG_inst/O
                         net (fo=48, routed)          1.717     5.320    U1/CLK100MHZ_IBUF_BUFG
    SLICE_X5Y84          FDCE                                         r  U1/count_reg[3]/C
  -------------------------------------------------------------------    -------------------
    SLICE_X5Y84          FDCE (Prop_fdce_C_Q)         0.419     5.739 f  U1/count_reg[3]/Q
                         net (fo=2, routed)           0.859     6.598    U1/count[3]
    SLICE_X5Y84          LUT4 (Prop_lut4_I1_O)        0.299     6.897 f  U1/count[26]_i_7/O
                         net (fo=1, routed)           0.775     7.672    U1/count[26]_i_7_n_0
    SLICE_X5Y87          LUT6 (Prop_lut6_I3_O)        0.124     7.796 f  U1/count[26]_i_5/O
                         net (fo=1, routed)           0.480     8.276    U1/count[26]_i_5_n_0
    SLICE_X5Y89          LUT5 (Prop_lut5_I3_O)        0.124     8.400 f  U1/count[26]_i_3/O
                         net (fo=28, routed)          1.353     9.753    U1/p_1_in
    SLICE_X5Y85          LUT2 (Prop_lut2_I1_O)        0.152     9.905 r  U1/count[8]_i_1/O
                         net (fo=1, routed)           0.000     9.905    U1/p_0_in[8]
    SLICE_X5Y85          FDCE                                         r  U1/count_reg[8]/D
  -------------------------------------------------------------------    -------------------

                         (clock sys_clk_pin rise edge)
                                                     10.000    10.000 r  
    E3                                                0.000    10.000 r  CLK100MHZ (IN)
                         net (fo=0)                   0.000    10.000    CLK100MHZ
    E3                   IBUF (Prop_ibuf_I_O)         1.411    11.411 r  CLK100MHZ_IBUF_inst/O
                         net (fo=1, routed)           1.920    13.331    CLK100MHZ_IBUF
    BUFGCTRL_X0Y16       BUFG (Prop_bufg_I_O)         0.091    13.422 r  CLK100MHZ_IBUF_BUFG_inst/O
                         net (fo=48, routed)          1.598    15.021    U1/CLK100MHZ_IBUF_BUFG
    SLICE_X5Y85          FDCE                                         r  U1/count_reg[8]/C
                         clock pessimism              0.276    15.297    
                         clock uncertainty           -0.035    15.261    
    SLICE_X5Y85          FDCE (Setup_fdce_C_D)        0.075    15.336    U1/count_reg[8]
  -------------------------------------------------------------------
                         required time                         15.336    
                         arrival time                          -9.905    
  -------------------------------------------------------------------
                         slack                                  5.431    

Slack (MET) :             5.469ns  (required time - arrival time)
  Source:                 U1/count_reg[3]/C
                            (rising edge-triggered cell FDCE clocked by sys_clk_pin  {rise@0.000ns fall@5.000ns period=10.000ns})
  Destination:            U1/count_reg[1]/D
                            (rising edge-triggered cell FDCE clocked by sys_clk_pin  {rise@0.000ns fall@5.000ns period=10.000ns})
  Path Group:             sys_clk_pin
  Path Type:              Setup (Max at Slow Process Corner)
  Requirement:            10.000ns  (sys_clk_pin rise@10.000ns - sys_clk_pin rise@0.000ns)
  Data Path Delay:        4.525ns  (logic 1.090ns (24.091%)  route 3.435ns (75.909%))
  Logic Levels:           4  (LUT2=1 LUT4=1 LUT5=1 LUT6=1)
  Clock Path Skew:        0.000ns (DCD - SCD + CPR)
    Destination Clock Delay (DCD):    5.020ns = ( 15.020 - 10.000 ) 
    Source Clock Delay      (SCD):    5.320ns
    Clock Pessimism Removal (CPR):    0.300ns
  Clock Uncertainty:      0.035ns  ((TSJ^2 + TIJ^2)^1/2 + DJ) / 2 + PE
    Total System Jitter     (TSJ):    0.071ns
    Total Input Jitter      (TIJ):    0.000ns
    Discrete Jitter          (DJ):    0.000ns
    Phase Error              (PE):    0.000ns

    Location             Delay type                Incr(ns)  Path(ns)    Netlist Resource(s)
  -------------------------------------------------------------------    -------------------
                         (clock sys_clk_pin rise edge)
                                                      0.000     0.000 r  
    E3                                                0.000     0.000 r  CLK100MHZ (IN)
                         net (fo=0)                   0.000     0.000    CLK100MHZ
    E3                   IBUF (Prop_ibuf_I_O)         1.482     1.482 r  CLK100MHZ_IBUF_inst/O
                         net (fo=1, routed)           2.025     3.506    CLK100MHZ_IBUF
    BUFGCTRL_X0Y16       BUFG (Prop_bufg_I_O)         0.096     3.602 r  CLK100MHZ_IBUF_BUFG_inst/O
                         net (fo=48, routed)          1.717     5.320    U1/CLK100MHZ_IBUF_BUFG
    SLICE_X5Y84          FDCE                                         r  U1/count_reg[3]/C
  -------------------------------------------------------------------    -------------------
    SLICE_X5Y84          FDCE (Prop_fdce_C_Q)         0.419     5.739 f  U1/count_reg[3]/Q
                         net (fo=2, routed)           0.859     6.598    U1/count[3]
    SLICE_X5Y84          LUT4 (Prop_lut4_I1_O)        0.299     6.897 f  U1/count[26]_i_7/O
                         net (fo=1, routed)           0.775     7.672    U1/count[26]_i_7_n_0
    SLICE_X5Y87          LUT6 (Prop_lut6_I3_O)        0.124     7.796 f  U1/count[26]_i_5/O
                         net (fo=1, routed)           0.480     8.276    U1/count[26]_i_5_n_0
    SLICE_X5Y89          LUT5 (Prop_lut5_I3_O)        0.124     8.400 f  U1/count[26]_i_3/O
                         net (fo=28, routed)          1.321     9.720    U1/p_1_in
    SLICE_X5Y84          LUT2 (Prop_lut2_I1_O)        0.124     9.844 r  U1/count[1]_i_1/O
                         net (fo=1, routed)           0.000     9.844    U1/p_0_in[1]
    SLICE_X5Y84          FDCE                                         r  U1/count_reg[1]/D
  -------------------------------------------------------------------    -------------------

                         (clock sys_clk_pin rise edge)
                                                     10.000    10.000 r  
    E3                                                0.000    10.000 r  CLK100MHZ (IN)
                         net (fo=0)                   0.000    10.000    CLK100MHZ
    E3                   IBUF (Prop_ibuf_I_O)         1.411    11.411 r  CLK100MHZ_IBUF_inst/O
                         net (fo=1, routed)           1.920    13.331    CLK100MHZ_IBUF
    BUFGCTRL_X0Y16       BUFG (Prop_bufg_I_O)         0.091    13.422 r  CLK100MHZ_IBUF_BUFG_inst/O
                         net (fo=48, routed)          1.597    15.020    U1/CLK100MHZ_IBUF_BUFG
    SLICE_X5Y84          FDCE                                         r  U1/count_reg[1]/C
                         clock pessimism              0.300    15.320    
                         clock uncertainty           -0.035    15.284    
    SLICE_X5Y84          FDCE (Setup_fdce_C_D)        0.029    15.313    U1/count_reg[1]
  -------------------------------------------------------------------
                         required time                         15.313    
                         arrival time                          -9.844    
  -------------------------------------------------------------------
                         slack                                  5.469    

Slack (MET) :             5.487ns  (required time - arrival time)
  Source:                 U1/count_reg[3]/C
                            (rising edge-triggered cell FDCE clocked by sys_clk_pin  {rise@0.000ns fall@5.000ns period=10.000ns})
  Destination:            U1/count_reg[3]/D
                            (rising edge-triggered cell FDCE clocked by sys_clk_pin  {rise@0.000ns fall@5.000ns period=10.000ns})
  Path Group:             sys_clk_pin
  Path Type:              Setup (Max at Slow Process Corner)
  Requirement:            10.000ns  (sys_clk_pin rise@10.000ns - sys_clk_pin rise@0.000ns)
  Data Path Delay:        4.553ns  (logic 1.118ns (24.558%)  route 3.435ns (75.442%))
  Logic Levels:           4  (LUT2=1 LUT4=1 LUT5=1 LUT6=1)
  Clock Path Skew:        0.000ns (DCD - SCD + CPR)
    Destination Clock Delay (DCD):    5.020ns = ( 15.020 - 10.000 ) 
    Source Clock Delay      (SCD):    5.320ns
    Clock Pessimism Removal (CPR):    0.300ns
  Clock Uncertainty:      0.035ns  ((TSJ^2 + TIJ^2)^1/2 + DJ) / 2 + PE
    Total System Jitter     (TSJ):    0.071ns
    Total Input Jitter      (TIJ):    0.000ns
    Discrete Jitter          (DJ):    0.000ns
    Phase Error              (PE):    0.000ns

    Location             Delay type                Incr(ns)  Path(ns)    Netlist Resource(s)
  -------------------------------------------------------------------    -------------------
                         (clock sys_clk_pin rise edge)
                                                      0.000     0.000 r  
    E3                                                0.000     0.000 r  CLK100MHZ (IN)
                         net (fo=0)                   0.000     0.000    CLK100MHZ
    E3                   IBUF (Prop_ibuf_I_O)         1.482     1.482 r  CLK100MHZ_IBUF_inst/O
                         net (fo=1, routed)           2.025     3.506    CLK100MHZ_IBUF
    BUFGCTRL_X0Y16       BUFG (Prop_bufg_I_O)         0.096     3.602 r  CLK100MHZ_IBUF_BUFG_inst/O
                         net (fo=48, routed)          1.717     5.320    U1/CLK100MHZ_IBUF_BUFG
    SLICE_X5Y84          FDCE                                         r  U1/count_reg[3]/C
  -------------------------------------------------------------------    -------------------
    SLICE_X5Y84          FDCE (Prop_fdce_C_Q)         0.419     5.739 f  U1/count_reg[3]/Q
                         net (fo=2, routed)           0.859     6.598    U1/count[3]
    SLICE_X5Y84          LUT4 (Prop_lut4_I1_O)        0.299     6.897 f  U1/count[26]_i_7/O
                         net (fo=1, routed)           0.775     7.672    U1/count[26]_i_7_n_0
    SLICE_X5Y87          LUT6 (Prop_lut6_I3_O)        0.124     7.796 f  U1/count[26]_i_5/O
                         net (fo=1, routed)           0.480     8.276    U1/count[26]_i_5_n_0
    SLICE_X5Y89          LUT5 (Prop_lut5_I3_O)        0.124     8.400 f  U1/count[26]_i_3/O
                         net (fo=28, routed)          1.321     9.720    U1/p_1_in
    SLICE_X5Y84          LUT2 (Prop_lut2_I1_O)        0.152     9.872 r  U1/count[3]_i_1/O
                         net (fo=1, routed)           0.000     9.872    U1/p_0_in[3]
    SLICE_X5Y84          FDCE                                         r  U1/count_reg[3]/D
  -------------------------------------------------------------------    -------------------

                         (clock sys_clk_pin rise edge)
                                                     10.000    10.000 r  
    E3                                                0.000    10.000 r  CLK100MHZ (IN)
                         net (fo=0)                   0.000    10.000    CLK100MHZ
    E3                   IBUF (Prop_ibuf_I_O)         1.411    11.411 r  CLK100MHZ_IBUF_inst/O
                         net (fo=1, routed)           1.920    13.331    CLK100MHZ_IBUF
    BUFGCTRL_X0Y16       BUFG (Prop_bufg_I_O)         0.091    13.422 r  CLK100MHZ_IBUF_BUFG_inst/O
                         net (fo=48, routed)          1.597    15.020    U1/CLK100MHZ_IBUF_BUFG
    SLICE_X5Y84          FDCE                                         r  U1/count_reg[3]/C
                         clock pessimism              0.300    15.320    
                         clock uncertainty           -0.035    15.284    
    SLICE_X5Y84          FDCE (Setup_fdce_C_D)        0.075    15.359    U1/count_reg[3]
  -------------------------------------------------------------------
                         required time                         15.359    
                         arrival time                          -9.872    
  -------------------------------------------------------------------
                         slack                                  5.487    

Slack (MET) :             5.721ns  (required time - arrival time)
  Source:                 U1/count_reg[3]/C
                            (rising edge-triggered cell FDCE clocked by sys_clk_pin  {rise@0.000ns fall@5.000ns period=10.000ns})
  Destination:            U1/count_reg[14]/D
                            (rising edge-triggered cell FDCE clocked by sys_clk_pin  {rise@0.000ns fall@5.000ns period=10.000ns})
  Path Group:             sys_clk_pin
  Path Type:              Setup (Max at Slow Process Corner)
  Requirement:            10.000ns  (sys_clk_pin rise@10.000ns - sys_clk_pin rise@0.000ns)
  Data Path Delay:        4.254ns  (logic 1.090ns (25.625%)  route 3.164ns (74.375%))
  Logic Levels:           4  (LUT2=1 LUT4=1 LUT5=1 LUT6=1)
  Clock Path Skew:        -0.021ns (DCD - SCD + CPR)
    Destination Clock Delay (DCD):    5.023ns = ( 15.023 - 10.000 ) 
    Source Clock Delay      (SCD):    5.320ns
    Clock Pessimism Removal (CPR):    0.276ns
  Clock Uncertainty:      0.035ns  ((TSJ^2 + TIJ^2)^1/2 + DJ) / 2 + PE
    Total System Jitter     (TSJ):    0.071ns
    Total Input Jitter      (TIJ):    0.000ns
    Discrete Jitter          (DJ):    0.000ns
    Phase Error              (PE):    0.000ns

    Location             Delay type                Incr(ns)  Path(ns)    Netlist Resource(s)
  -------------------------------------------------------------------    -------------------
                         (clock sys_clk_pin rise edge)
                                                      0.000     0.000 r  
    E3                                                0.000     0.000 r  CLK100MHZ (IN)
                         net (fo=0)                   0.000     0.000    CLK100MHZ
    E3                   IBUF (Prop_ibuf_I_O)         1.482     1.482 r  CLK100MHZ_IBUF_inst/O
                         net (fo=1, routed)           2.025     3.506    CLK100MHZ_IBUF
    BUFGCTRL_X0Y16       BUFG (Prop_bufg_I_O)         0.096     3.602 r  CLK100MHZ_IBUF_BUFG_inst/O
                         net (fo=48, routed)          1.717     5.320    U1/CLK100MHZ_IBUF_BUFG
    SLICE_X5Y84          FDCE                                         r  U1/count_reg[3]/C
  -------------------------------------------------------------------    -------------------
    SLICE_X5Y84          FDCE (Prop_fdce_C_Q)         0.419     5.739 f  U1/count_reg[3]/Q
                         net (fo=2, routed)           0.859     6.598    U1/count[3]
    SLICE_X5Y84          LUT4 (Prop_lut4_I1_O)        0.299     6.897 f  U1/count[26]_i_7/O
                         net (fo=1, routed)           0.775     7.672    U1/count[26]_i_7_n_0
    SLICE_X5Y87          LUT6 (Prop_lut6_I3_O)        0.124     7.796 f  U1/count[26]_i_5/O
                         net (fo=1, routed)           0.480     8.276    U1/count[26]_i_5_n_0
    SLICE_X5Y89          LUT5 (Prop_lut5_I3_O)        0.124     8.400 f  U1/count[26]_i_3/O
                         net (fo=28, routed)          1.050     9.449    U1/p_1_in
    SLICE_X5Y88          LUT2 (Prop_lut2_I1_O)        0.124     9.573 r  U1/count[14]_i_1/O
                         net (fo=1, routed)           0.000     9.573    U1/p_0_in[14]
    SLICE_X5Y88          FDCE                                         r  U1/count_reg[14]/D
  -------------------------------------------------------------------    -------------------

                         (clock sys_clk_pin rise edge)
                                                     10.000    10.000 r  
    E3                                                0.000    10.000 r  CLK100MHZ (IN)
                         net (fo=0)                   0.000    10.000    CLK100MHZ
    E3                   IBUF (Prop_ibuf_I_O)         1.411    11.411 r  CLK100MHZ_IBUF_inst/O
                         net (fo=1, routed)           1.920    13.331    CLK100MHZ_IBUF
    BUFGCTRL_X0Y16       BUFG (Prop_bufg_I_O)         0.091    13.422 r  CLK100MHZ_IBUF_BUFG_inst/O
                         net (fo=48, routed)          1.600    15.023    U1/CLK100MHZ_IBUF_BUFG
    SLICE_X5Y88          FDCE                                         r  U1/count_reg[14]/C
                         clock pessimism              0.276    15.299    
                         clock uncertainty           -0.035    15.263    
    SLICE_X5Y88          FDCE (Setup_fdce_C_D)        0.031    15.294    U1/count_reg[14]
  -------------------------------------------------------------------
                         required time                         15.294    
                         arrival time                          -9.573    
  -------------------------------------------------------------------
                         slack                                  5.721    

Slack (MET) :             5.721ns  (required time - arrival time)
  Source:                 U1/count_reg[3]/C
                            (rising edge-triggered cell FDCE clocked by sys_clk_pin  {rise@0.000ns fall@5.000ns period=10.000ns})
  Destination:            U1/count_reg[13]/D
                            (rising edge-triggered cell FDCE clocked by sys_clk_pin  {rise@0.000ns fall@5.000ns period=10.000ns})
  Path Group:             sys_clk_pin
  Path Type:              Setup (Max at Slow Process Corner)
  Requirement:            10.000ns  (sys_clk_pin rise@10.000ns - sys_clk_pin rise@0.000ns)
  Data Path Delay:        4.252ns  (logic 1.090ns (25.637%)  route 3.162ns (74.363%))
  Logic Levels:           4  (LUT2=1 LUT4=1 LUT5=1 LUT6=1)
  Clock Path Skew:        -0.021ns (DCD - SCD + CPR)
    Destination Clock Delay (DCD):    5.023ns = ( 15.023 - 10.000 ) 
    Source Clock Delay      (SCD):    5.320ns
    Clock Pessimism Removal (CPR):    0.276ns
  Clock Uncertainty:      0.035ns  ((TSJ^2 + TIJ^2)^1/2 + DJ) / 2 + PE
    Total System Jitter     (TSJ):    0.071ns
    Total Input Jitter      (TIJ):    0.000ns
    Discrete Jitter          (DJ):    0.000ns
    Phase Error              (PE):    0.000ns

    Location             Delay type                Incr(ns)  Path(ns)    Netlist Resource(s)
  -------------------------------------------------------------------    -------------------
                         (clock sys_clk_pin rise edge)
                                                      0.000     0.000 r  
    E3                                                0.000     0.000 r  CLK100MHZ (IN)
                         net (fo=0)                   0.000     0.000    CLK100MHZ
    E3                   IBUF (Prop_ibuf_I_O)         1.482     1.482 r  CLK100MHZ_IBUF_inst/O
                         net (fo=1, routed)           2.025     3.506    CLK100MHZ_IBUF
    BUFGCTRL_X0Y16       BUFG (Prop_bufg_I_O)         0.096     3.602 r  CLK100MHZ_IBUF_BUFG_inst/O
                         net (fo=48, routed)          1.717     5.320    U1/CLK100MHZ_IBUF_BUFG
    SLICE_X5Y84          FDCE                                         r  U1/count_reg[3]/C
  -------------------------------------------------------------------    -------------------
    SLICE_X5Y84          FDCE (Prop_fdce_C_Q)         0.419     5.739 f  U1/count_reg[3]/Q
                         net (fo=2, routed)           0.859     6.598    U1/count[3]
    SLICE_X5Y84          LUT4 (Prop_lut4_I1_O)        0.299     6.897 f  U1/count[26]_i_7/O
                         net (fo=1, routed)           0.775     7.672    U1/count[26]_i_7_n_0
    SLICE_X5Y87          LUT6 (Prop_lut6_I3_O)        0.124     7.796 f  U1/count[26]_i_5/O
                         net (fo=1, routed)           0.480     8.276    U1/count[26]_i_5_n_0
    SLICE_X5Y89          LUT5 (Prop_lut5_I3_O)        0.124     8.400 f  U1/count[26]_i_3/O
                         net (fo=28, routed)          1.048     9.447    U1/p_1_in
    SLICE_X5Y88          LUT2 (Prop_lut2_I1_O)        0.124     9.571 r  U1/count[13]_i_1/O
                         net (fo=1, routed)           0.000     9.571    U1/p_0_in[13]
    SLICE_X5Y88          FDCE                                         r  U1/count_reg[13]/D
  -------------------------------------------------------------------    -------------------

                         (clock sys_clk_pin rise edge)
                                                     10.000    10.000 r  
    E3                                                0.000    10.000 r  CLK100MHZ (IN)
                         net (fo=0)                   0.000    10.000    CLK100MHZ
    E3                   IBUF (Prop_ibuf_I_O)         1.411    11.411 r  CLK100MHZ_IBUF_inst/O
                         net (fo=1, routed)           1.920    13.331    CLK100MHZ_IBUF
    BUFGCTRL_X0Y16       BUFG (Prop_bufg_I_O)         0.091    13.422 r  CLK100MHZ_IBUF_BUFG_inst/O
                         net (fo=48, routed)          1.600    15.023    U1/CLK100MHZ_IBUF_BUFG
    SLICE_X5Y88          FDCE                                         r  U1/count_reg[13]/C
                         clock pessimism              0.276    15.299    
                         clock uncertainty           -0.035    15.263    
    SLICE_X5Y88          FDCE (Setup_fdce_C_D)        0.029    15.292    U1/count_reg[13]
  -------------------------------------------------------------------
                         required time                         15.292    
                         arrival time                          -9.571    
  -------------------------------------------------------------------
                         slack                                  5.721    

Slack (MET) :             5.737ns  (required time - arrival time)
  Source:                 U1/count_reg[3]/C
                            (rising edge-triggered cell FDCE clocked by sys_clk_pin  {rise@0.000ns fall@5.000ns period=10.000ns})
  Destination:            U1/count_reg[23]/D
                            (rising edge-triggered cell FDCE clocked by sys_clk_pin  {rise@0.000ns fall@5.000ns period=10.000ns})
  Path Group:             sys_clk_pin
  Path Type:              Setup (Max at Slow Process Corner)
  Requirement:            10.000ns  (sys_clk_pin rise@10.000ns - sys_clk_pin rise@0.000ns)
  Data Path Delay:        4.282ns  (logic 1.118ns (26.112%)  route 3.164ns (73.888%))
  Logic Levels:           4  (LUT2=1 LUT4=1 LUT5=1 LUT6=1)
  Clock Path Skew:        -0.021ns (DCD - SCD + CPR)
    Destination Clock Delay (DCD):    5.023ns = ( 15.023 - 10.000 ) 
    Source Clock Delay      (SCD):    5.320ns
    Clock Pessimism Removal (CPR):    0.276ns
  Clock Uncertainty:      0.035ns  ((TSJ^2 + TIJ^2)^1/2 + DJ) / 2 + PE
    Total System Jitter     (TSJ):    0.071ns
    Total Input Jitter      (TIJ):    0.000ns
    Discrete Jitter          (DJ):    0.000ns
    Phase Error              (PE):    0.000ns

    Location             Delay type                Incr(ns)  Path(ns)    Netlist Resource(s)
  -------------------------------------------------------------------    -------------------
                         (clock sys_clk_pin rise edge)
                                                      0.000     0.000 r  
    E3                                                0.000     0.000 r  CLK100MHZ (IN)
                         net (fo=0)                   0.000     0.000    CLK100MHZ
    E3                   IBUF (Prop_ibuf_I_O)         1.482     1.482 r  CLK100MHZ_IBUF_inst/O
                         net (fo=1, routed)           2.025     3.506    CLK100MHZ_IBUF
    BUFGCTRL_X0Y16       BUFG (Prop_bufg_I_O)         0.096     3.602 r  CLK100MHZ_IBUF_BUFG_inst/O
                         net (fo=48, routed)          1.717     5.320    U1/CLK100MHZ_IBUF_BUFG
    SLICE_X5Y84          FDCE                                         r  U1/count_reg[3]/C
  -------------------------------------------------------------------    -------------------
    SLICE_X5Y84          FDCE (Prop_fdce_C_Q)         0.419     5.739 f  U1/count_reg[3]/Q
                         net (fo=2, routed)           0.859     6.598    U1/count[3]
    SLICE_X5Y84          LUT4 (Prop_lut4_I1_O)        0.299     6.897 f  U1/count[26]_i_7/O
                         net (fo=1, routed)           0.775     7.672    U1/count[26]_i_7_n_0
    SLICE_X5Y87          LUT6 (Prop_lut6_I3_O)        0.124     7.796 f  U1/count[26]_i_5/O
                         net (fo=1, routed)           0.480     8.276    U1/count[26]_i_5_n_0
    SLICE_X5Y89          LUT5 (Prop_lut5_I3_O)        0.124     8.400 f  U1/count[26]_i_3/O
                         net (fo=28, routed)          1.050     9.449    U1/p_1_in
    SLICE_X5Y88          LUT2 (Prop_lut2_I1_O)        0.152     9.601 r  U1/count[23]_i_1/O
                         net (fo=1, routed)           0.000     9.601    U1/p_0_in[23]
    SLICE_X5Y88          FDCE                                         r  U1/count_reg[23]/D
  -------------------------------------------------------------------    -------------------

                         (clock sys_clk_pin rise edge)
                                                     10.000    10.000 r  
    E3                                                0.000    10.000 r  CLK100MHZ (IN)
                         net (fo=0)                   0.000    10.000    CLK100MHZ
    E3                   IBUF (Prop_ibuf_I_O)         1.411    11.411 r  CLK100MHZ_IBUF_inst/O
                         net (fo=1, routed)           1.920    13.331    CLK100MHZ_IBUF
    BUFGCTRL_X0Y16       BUFG (Prop_bufg_I_O)         0.091    13.422 r  CLK100MHZ_IBUF_BUFG_inst/O
                         net (fo=48, routed)          1.600    15.023    U1/CLK100MHZ_IBUF_BUFG
    SLICE_X5Y88          FDCE                                         r  U1/count_reg[23]/C
                         clock pessimism              0.276    15.299    
                         clock uncertainty           -0.035    15.263    
    SLICE_X5Y88          FDCE (Setup_fdce_C_D)        0.075    15.338    U1/count_reg[23]
  -------------------------------------------------------------------
                         required time                         15.338    
                         arrival time                          -9.601    
  -------------------------------------------------------------------
                         slack                                  5.737    





Min Delay Paths
--------------------------------------------------------------------------------------
Slack (MET) :             0.252ns  (arrival time - required time)
  Source:                 x7/clkdiv_reg[3]/C
                            (rising edge-triggered cell FDRE clocked by sys_clk_pin  {rise@0.000ns fall@5.000ns period=10.000ns})
  Destination:            x7/clkdiv_reg[3]/D
                            (rising edge-triggered cell FDRE clocked by sys_clk_pin  {rise@0.000ns fall@5.000ns period=10.000ns})
  Path Group:             sys_clk_pin
  Path Type:              Hold (Min at Fast Process Corner)
  Requirement:            0.000ns  (sys_clk_pin rise@0.000ns - sys_clk_pin rise@0.000ns)
  Data Path Delay:        0.357ns  (logic 0.249ns (69.714%)  route 0.108ns (30.286%))
  Logic Levels:           1  (CARRY4=1)
  Clock Path Skew:        0.000ns (DCD - SCD - CPR)
    Destination Clock Delay (DCD):    2.035ns
    Source Clock Delay      (SCD):    1.518ns
    Clock Pessimism Removal (CPR):    0.516ns

    Location             Delay type                Incr(ns)  Path(ns)    Netlist Resource(s)
  -------------------------------------------------------------------    -------------------
                         (clock sys_clk_pin rise edge)
                                                      0.000     0.000 r  
    E3                                                0.000     0.000 r  CLK100MHZ (IN)
                         net (fo=0)                   0.000     0.000    CLK100MHZ
    E3                   IBUF (Prop_ibuf_I_O)         0.250     0.250 r  CLK100MHZ_IBUF_inst/O
                         net (fo=1, routed)           0.644     0.894    CLK100MHZ_IBUF
    BUFGCTRL_X0Y16       BUFG (Prop_bufg_I_O)         0.026     0.920 r  CLK100MHZ_IBUF_BUFG_inst/O
                         net (fo=48, routed)          0.599     1.518    x7/CLK100MHZ_IBUF_BUFG
    SLICE_X1Y83          FDRE                                         r  x7/clkdiv_reg[3]/C
  -------------------------------------------------------------------    -------------------
    SLICE_X1Y83          FDRE (Prop_fdre_C_Q)         0.141     1.659 r  x7/clkdiv_reg[3]/Q
                         net (fo=1, routed)           0.108     1.768    x7/clkdiv_reg_n_0_[3]
    SLICE_X1Y83          CARRY4 (Prop_carry4_S[3]_O[3])
                                                      0.108     1.876 r  x7/clkdiv_reg[0]_i_1/O[3]
                         net (fo=1, routed)           0.000     1.876    x7/clkdiv_reg[0]_i_1_n_4
    SLICE_X1Y83          FDRE                                         r  x7/clkdiv_reg[3]/D
  -------------------------------------------------------------------    -------------------

                         (clock sys_clk_pin rise edge)
                                                      0.000     0.000 r  
    E3                                                0.000     0.000 r  CLK100MHZ (IN)
                         net (fo=0)                   0.000     0.000    CLK100MHZ
    E3                   IBUF (Prop_ibuf_I_O)         0.438     0.438 r  CLK100MHZ_IBUF_inst/O
                         net (fo=1, routed)           0.699     1.136    CLK100MHZ_IBUF
    BUFGCTRL_X0Y16       BUFG (Prop_bufg_I_O)         0.029     1.165 r  CLK100MHZ_IBUF_BUFG_inst/O
                         net (fo=48, routed)          0.870     2.035    x7/CLK100MHZ_IBUF_BUFG
    SLICE_X1Y83          FDRE                                         r  x7/clkdiv_reg[3]/C
                         clock pessimism             -0.516     1.518    
    SLICE_X1Y83          FDRE (Hold_fdre_C_D)         0.105     1.623    x7/clkdiv_reg[3]
  -------------------------------------------------------------------
                         required time                         -1.623    
                         arrival time                           1.876    
  -------------------------------------------------------------------
                         slack                                  0.252    

Slack (MET) :             0.252ns  (arrival time - required time)
  Source:                 x7/clkdiv_reg[7]/C
                            (rising edge-triggered cell FDRE clocked by sys_clk_pin  {rise@0.000ns fall@5.000ns period=10.000ns})
  Destination:            x7/clkdiv_reg[7]/D
                            (rising edge-triggered cell FDRE clocked by sys_clk_pin  {rise@0.000ns fall@5.000ns period=10.000ns})
  Path Group:             sys_clk_pin
  Path Type:              Hold (Min at Fast Process Corner)
  Requirement:            0.000ns  (sys_clk_pin rise@0.000ns - sys_clk_pin rise@0.000ns)
  Data Path Delay:        0.357ns  (logic 0.249ns (69.714%)  route 0.108ns (30.286%))
  Logic Levels:           1  (CARRY4=1)
  Clock Path Skew:        0.000ns (DCD - SCD - CPR)
    Destination Clock Delay (DCD):    2.036ns
    Source Clock Delay      (SCD):    1.519ns
    Clock Pessimism Removal (CPR):    0.516ns

    Location             Delay type                Incr(ns)  Path(ns)    Netlist Resource(s)
  -------------------------------------------------------------------    -------------------
                         (clock sys_clk_pin rise edge)
                                                      0.000     0.000 r  
    E3                                                0.000     0.000 r  CLK100MHZ (IN)
                         net (fo=0)                   0.000     0.000    CLK100MHZ
    E3                   IBUF (Prop_ibuf_I_O)         0.250     0.250 r  CLK100MHZ_IBUF_inst/O
                         net (fo=1, routed)           0.644     0.894    CLK100MHZ_IBUF
    BUFGCTRL_X0Y16       BUFG (Prop_bufg_I_O)         0.026     0.920 r  CLK100MHZ_IBUF_BUFG_inst/O
                         net (fo=48, routed)          0.600     1.519    x7/CLK100MHZ_IBUF_BUFG
    SLICE_X1Y84          FDRE                                         r  x7/clkdiv_reg[7]/C
  -------------------------------------------------------------------    -------------------
    SLICE_X1Y84          FDRE (Prop_fdre_C_Q)         0.141     1.660 r  x7/clkdiv_reg[7]/Q
                         net (fo=1, routed)           0.108     1.769    x7/clkdiv_reg_n_0_[7]
    SLICE_X1Y84          CARRY4 (Prop_carry4_S[3]_O[3])
                                                      0.108     1.877 r  x7/clkdiv_reg[4]_i_1/O[3]
                         net (fo=1, routed)           0.000     1.877    x7/clkdiv_reg[4]_i_1_n_4
    SLICE_X1Y84          FDRE                                         r  x7/clkdiv_reg[7]/D
  -------------------------------------------------------------------    -------------------

                         (clock sys_clk_pin rise edge)
                                                      0.000     0.000 r  
    E3                                                0.000     0.000 r  CLK100MHZ (IN)
                         net (fo=0)                   0.000     0.000    CLK100MHZ
    E3                   IBUF (Prop_ibuf_I_O)         0.438     0.438 r  CLK100MHZ_IBUF_inst/O
                         net (fo=1, routed)           0.699     1.136    CLK100MHZ_IBUF
    BUFGCTRL_X0Y16       BUFG (Prop_bufg_I_O)         0.029     1.165 r  CLK100MHZ_IBUF_BUFG_inst/O
                         net (fo=48, routed)          0.871     2.036    x7/CLK100MHZ_IBUF_BUFG
    SLICE_X1Y84          FDRE                                         r  x7/clkdiv_reg[7]/C
                         clock pessimism             -0.516     1.519    
    SLICE_X1Y84          FDRE (Hold_fdre_C_D)         0.105     1.624    x7/clkdiv_reg[7]
  -------------------------------------------------------------------
                         required time                         -1.624    
                         arrival time                           1.877    
  -------------------------------------------------------------------
                         slack                                  0.252    

Slack (MET) :             0.252ns  (arrival time - required time)
  Source:                 x7/clkdiv_reg[11]/C
                            (rising edge-triggered cell FDRE clocked by sys_clk_pin  {rise@0.000ns fall@5.000ns period=10.000ns})
  Destination:            x7/clkdiv_reg[11]/D
                            (rising edge-triggered cell FDRE clocked by sys_clk_pin  {rise@0.000ns fall@5.000ns period=10.000ns})
  Path Group:             sys_clk_pin
  Path Type:              Hold (Min at Fast Process Corner)
  Requirement:            0.000ns  (sys_clk_pin rise@0.000ns - sys_clk_pin rise@0.000ns)
  Data Path Delay:        0.357ns  (logic 0.249ns (69.714%)  route 0.108ns (30.286%))
  Logic Levels:           1  (CARRY4=1)
  Clock Path Skew:        0.000ns (DCD - SCD - CPR)
    Destination Clock Delay (DCD):    2.037ns
    Source Clock Delay      (SCD):    1.519ns
    Clock Pessimism Removal (CPR):    0.517ns

    Location             Delay type                Incr(ns)  Path(ns)    Netlist Resource(s)
  -------------------------------------------------------------------    -------------------
                         (clock sys_clk_pin rise edge)
                                                      0.000     0.000 r  
    E3                                                0.000     0.000 r  CLK100MHZ (IN)
                         net (fo=0)                   0.000     0.000    CLK100MHZ
    E3                   IBUF (Prop_ibuf_I_O)         0.250     0.250 r  CLK100MHZ_IBUF_inst/O
                         net (fo=1, routed)           0.644     0.894    CLK100MHZ_IBUF
    BUFGCTRL_X0Y16       BUFG (Prop_bufg_I_O)         0.026     0.920 r  CLK100MHZ_IBUF_BUFG_inst/O
                         net (fo=48, routed)          0.600     1.519    x7/CLK100MHZ_IBUF_BUFG
    SLICE_X1Y85          FDRE                                         r  x7/clkdiv_reg[11]/C
  -------------------------------------------------------------------    -------------------
    SLICE_X1Y85          FDRE (Prop_fdre_C_Q)         0.141     1.660 r  x7/clkdiv_reg[11]/Q
                         net (fo=1, routed)           0.108     1.769    x7/clkdiv_reg_n_0_[11]
    SLICE_X1Y85          CARRY4 (Prop_carry4_S[3]_O[3])
                                                      0.108     1.877 r  x7/clkdiv_reg[8]_i_1/O[3]
                         net (fo=1, routed)           0.000     1.877    x7/clkdiv_reg[8]_i_1_n_4
    SLICE_X1Y85          FDRE                                         r  x7/clkdiv_reg[11]/D
  -------------------------------------------------------------------    -------------------

                         (clock sys_clk_pin rise edge)
                                                      0.000     0.000 r  
    E3                                                0.000     0.000 r  CLK100MHZ (IN)
                         net (fo=0)                   0.000     0.000    CLK100MHZ
    E3                   IBUF (Prop_ibuf_I_O)         0.438     0.438 r  CLK100MHZ_IBUF_inst/O
                         net (fo=1, routed)           0.699     1.136    CLK100MHZ_IBUF
    BUFGCTRL_X0Y16       BUFG (Prop_bufg_I_O)         0.029     1.165 r  CLK100MHZ_IBUF_BUFG_inst/O
                         net (fo=48, routed)          0.872     2.037    x7/CLK100MHZ_IBUF_BUFG
    SLICE_X1Y85          FDRE                                         r  x7/clkdiv_reg[11]/C
                         clock pessimism             -0.517     1.519    
    SLICE_X1Y85          FDRE (Hold_fdre_C_D)         0.105     1.624    x7/clkdiv_reg[11]
  -------------------------------------------------------------------
                         required time                         -1.624    
                         arrival time                           1.877    
  -------------------------------------------------------------------
                         slack                                  0.252    

Slack (MET) :             0.252ns  (arrival time - required time)
  Source:                 x7/clkdiv_reg[15]/C
                            (rising edge-triggered cell FDRE clocked by sys_clk_pin  {rise@0.000ns fall@5.000ns period=10.000ns})
  Destination:            x7/clkdiv_reg[15]/D
                            (rising edge-triggered cell FDRE clocked by sys_clk_pin  {rise@0.000ns fall@5.000ns period=10.000ns})
  Path Group:             sys_clk_pin
  Path Type:              Hold (Min at Fast Process Corner)
  Requirement:            0.000ns  (sys_clk_pin rise@0.000ns - sys_clk_pin rise@0.000ns)
  Data Path Delay:        0.357ns  (logic 0.249ns (69.714%)  route 0.108ns (30.286%))
  Logic Levels:           1  (CARRY4=1)
  Clock Path Skew:        0.000ns (DCD - SCD - CPR)
    Destination Clock Delay (DCD):    2.037ns
    Source Clock Delay      (SCD):    1.519ns
    Clock Pessimism Removal (CPR):    0.517ns

    Location             Delay type                Incr(ns)  Path(ns)    Netlist Resource(s)
  -------------------------------------------------------------------    -------------------
                         (clock sys_clk_pin rise edge)
                                                      0.000     0.000 r  
    E3                                                0.000     0.000 r  CLK100MHZ (IN)
                         net (fo=0)                   0.000     0.000    CLK100MHZ
    E3                   IBUF (Prop_ibuf_I_O)         0.250     0.250 r  CLK100MHZ_IBUF_inst/O
                         net (fo=1, routed)           0.644     0.894    CLK100MHZ_IBUF
    BUFGCTRL_X0Y16       BUFG (Prop_bufg_I_O)         0.026     0.920 r  CLK100MHZ_IBUF_BUFG_inst/O
                         net (fo=48, routed)          0.600     1.519    x7/CLK100MHZ_IBUF_BUFG
    SLICE_X1Y86          FDRE                                         r  x7/clkdiv_reg[15]/C
  -------------------------------------------------------------------    -------------------
    SLICE_X1Y86          FDRE (Prop_fdre_C_Q)         0.141     1.660 r  x7/clkdiv_reg[15]/Q
                         net (fo=1, routed)           0.108     1.769    x7/clkdiv_reg_n_0_[15]
    SLICE_X1Y86          CARRY4 (Prop_carry4_S[3]_O[3])
                                                      0.108     1.877 r  x7/clkdiv_reg[12]_i_1/O[3]
                         net (fo=1, routed)           0.000     1.877    x7/clkdiv_reg[12]_i_1_n_4
    SLICE_X1Y86          FDRE                                         r  x7/clkdiv_reg[15]/D
  -------------------------------------------------------------------    -------------------

                         (clock sys_clk_pin rise edge)
                                                      0.000     0.000 r  
    E3                                                0.000     0.000 r  CLK100MHZ (IN)
                         net (fo=0)                   0.000     0.000    CLK100MHZ
    E3                   IBUF (Prop_ibuf_I_O)         0.438     0.438 r  CLK100MHZ_IBUF_inst/O
                         net (fo=1, routed)           0.699     1.136    CLK100MHZ_IBUF
    BUFGCTRL_X0Y16       BUFG (Prop_bufg_I_O)         0.029     1.165 r  CLK100MHZ_IBUF_BUFG_inst/O
                         net (fo=48, routed)          0.872     2.037    x7/CLK100MHZ_IBUF_BUFG
    SLICE_X1Y86          FDRE                                         r  x7/clkdiv_reg[15]/C
                         clock pessimism             -0.517     1.519    
    SLICE_X1Y86          FDRE (Hold_fdre_C_D)         0.105     1.624    x7/clkdiv_reg[15]
  -------------------------------------------------------------------
                         required time                         -1.624    
                         arrival time                           1.877    
  -------------------------------------------------------------------
                         slack                                  0.252    

Slack (MET) :             0.256ns  (arrival time - required time)
  Source:                 x7/clkdiv_reg[16]/C
                            (rising edge-triggered cell FDRE clocked by sys_clk_pin  {rise@0.000ns fall@5.000ns period=10.000ns})
  Destination:            x7/clkdiv_reg[16]/D
                            (rising edge-triggered cell FDRE clocked by sys_clk_pin  {rise@0.000ns fall@5.000ns period=10.000ns})
  Path Group:             sys_clk_pin
  Path Type:              Hold (Min at Fast Process Corner)
  Requirement:            0.000ns  (sys_clk_pin rise@0.000ns - sys_clk_pin rise@0.000ns)
  Data Path Delay:        0.361ns  (logic 0.256ns (70.880%)  route 0.105ns (29.120%))
  Logic Levels:           1  (CARRY4=1)
  Clock Path Skew:        0.000ns (DCD - SCD - CPR)
    Destination Clock Delay (DCD):    2.038ns
    Source Clock Delay      (SCD):    1.520ns
    Clock Pessimism Removal (CPR):    0.517ns

    Location             Delay type                Incr(ns)  Path(ns)    Netlist Resource(s)
  -------------------------------------------------------------------    -------------------
                         (clock sys_clk_pin rise edge)
                                                      0.000     0.000 r  
    E3                                                0.000     0.000 r  CLK100MHZ (IN)
                         net (fo=0)                   0.000     0.000    CLK100MHZ
    E3                   IBUF (Prop_ibuf_I_O)         0.250     0.250 r  CLK100MHZ_IBUF_inst/O
                         net (fo=1, routed)           0.644     0.894    CLK100MHZ_IBUF
    BUFGCTRL_X0Y16       BUFG (Prop_bufg_I_O)         0.026     0.920 r  CLK100MHZ_IBUF_BUFG_inst/O
                         net (fo=48, routed)          0.601     1.520    x7/CLK100MHZ_IBUF_BUFG
    SLICE_X1Y87          FDRE                                         r  x7/clkdiv_reg[16]/C
  -------------------------------------------------------------------    -------------------
    SLICE_X1Y87          FDRE (Prop_fdre_C_Q)         0.141     1.661 r  x7/clkdiv_reg[16]/Q
                         net (fo=1, routed)           0.105     1.767    x7/clkdiv_reg_n_0_[16]
    SLICE_X1Y87          CARRY4 (Prop_carry4_S[0]_O[0])
                                                      0.115     1.882 r  x7/clkdiv_reg[16]_i_1/O[0]
                         net (fo=1, routed)           0.000     1.882    x7/clkdiv_reg[16]_i_1_n_7
    SLICE_X1Y87          FDRE                                         r  x7/clkdiv_reg[16]/D
  -------------------------------------------------------------------    -------------------

                         (clock sys_clk_pin rise edge)
                                                      0.000     0.000 r  
    E3                                                0.000     0.000 r  CLK100MHZ (IN)
                         net (fo=0)                   0.000     0.000    CLK100MHZ
    E3                   IBUF (Prop_ibuf_I_O)         0.438     0.438 r  CLK100MHZ_IBUF_inst/O
                         net (fo=1, routed)           0.699     1.136    CLK100MHZ_IBUF
    BUFGCTRL_X0Y16       BUFG (Prop_bufg_I_O)         0.029     1.165 r  CLK100MHZ_IBUF_BUFG_inst/O
                         net (fo=48, routed)          0.873     2.038    x7/CLK100MHZ_IBUF_BUFG
    SLICE_X1Y87          FDRE                                         r  x7/clkdiv_reg[16]/C
                         clock pessimism             -0.517     1.520    
    SLICE_X1Y87          FDRE (Hold_fdre_C_D)         0.105     1.625    x7/clkdiv_reg[16]
  -------------------------------------------------------------------
                         required time                         -1.625    
                         arrival time                           1.882    
  -------------------------------------------------------------------
                         slack                                  0.256    

Slack (MET) :             0.256ns  (arrival time - required time)
  Source:                 x7/clkdiv_reg[4]/C
                            (rising edge-triggered cell FDRE clocked by sys_clk_pin  {rise@0.000ns fall@5.000ns period=10.000ns})
  Destination:            x7/clkdiv_reg[4]/D
                            (rising edge-triggered cell FDRE clocked by sys_clk_pin  {rise@0.000ns fall@5.000ns period=10.000ns})
  Path Group:             sys_clk_pin
  Path Type:              Hold (Min at Fast Process Corner)
  Requirement:            0.000ns  (sys_clk_pin rise@0.000ns - sys_clk_pin rise@0.000ns)
  Data Path Delay:        0.361ns  (logic 0.256ns (70.880%)  route 0.105ns (29.120%))
  Logic Levels:           1  (CARRY4=1)
  Clock Path Skew:        0.000ns (DCD - SCD - CPR)
    Destination Clock Delay (DCD):    2.036ns
    Source Clock Delay      (SCD):    1.519ns
    Clock Pessimism Removal (CPR):    0.516ns

    Location             Delay type                Incr(ns)  Path(ns)    Netlist Resource(s)
  -------------------------------------------------------------------    -------------------
                         (clock sys_clk_pin rise edge)
                                                      0.000     0.000 r  
    E3                                                0.000     0.000 r  CLK100MHZ (IN)
                         net (fo=0)                   0.000     0.000    CLK100MHZ
    E3                   IBUF (Prop_ibuf_I_O)         0.250     0.250 r  CLK100MHZ_IBUF_inst/O
                         net (fo=1, routed)           0.644     0.894    CLK100MHZ_IBUF
    BUFGCTRL_X0Y16       BUFG (Prop_bufg_I_O)         0.026     0.920 r  CLK100MHZ_IBUF_BUFG_inst/O
                         net (fo=48, routed)          0.600     1.519    x7/CLK100MHZ_IBUF_BUFG
    SLICE_X1Y84          FDRE                                         r  x7/clkdiv_reg[4]/C
  -------------------------------------------------------------------    -------------------
    SLICE_X1Y84          FDRE (Prop_fdre_C_Q)         0.141     1.660 r  x7/clkdiv_reg[4]/Q
                         net (fo=1, routed)           0.105     1.766    x7/clkdiv_reg_n_0_[4]
    SLICE_X1Y84          CARRY4 (Prop_carry4_S[0]_O[0])
                                                      0.115     1.881 r  x7/clkdiv_reg[4]_i_1/O[0]
                         net (fo=1, routed)           0.000     1.881    x7/clkdiv_reg[4]_i_1_n_7
    SLICE_X1Y84          FDRE                                         r  x7/clkdiv_reg[4]/D
  -------------------------------------------------------------------    -------------------

                         (clock sys_clk_pin rise edge)
                                                      0.000     0.000 r  
    E3                                                0.000     0.000 r  CLK100MHZ (IN)
                         net (fo=0)                   0.000     0.000    CLK100MHZ
    E3                   IBUF (Prop_ibuf_I_O)         0.438     0.438 r  CLK100MHZ_IBUF_inst/O
                         net (fo=1, routed)           0.699     1.136    CLK100MHZ_IBUF
    BUFGCTRL_X0Y16       BUFG (Prop_bufg_I_O)         0.029     1.165 r  CLK100MHZ_IBUF_BUFG_inst/O
                         net (fo=48, routed)          0.871     2.036    x7/CLK100MHZ_IBUF_BUFG
    SLICE_X1Y84          FDRE                                         r  x7/clkdiv_reg[4]/C
                         clock pessimism             -0.516     1.519    
    SLICE_X1Y84          FDRE (Hold_fdre_C_D)         0.105     1.624    x7/clkdiv_reg[4]
  -------------------------------------------------------------------
                         required time                         -1.624    
                         arrival time                           1.881    
  -------------------------------------------------------------------
                         slack                                  0.256    

Slack (MET) :             0.256ns  (arrival time - required time)
  Source:                 x7/clkdiv_reg[12]/C
                            (rising edge-triggered cell FDRE clocked by sys_clk_pin  {rise@0.000ns fall@5.000ns period=10.000ns})
  Destination:            x7/clkdiv_reg[12]/D
                            (rising edge-triggered cell FDRE clocked by sys_clk_pin  {rise@0.000ns fall@5.000ns period=10.000ns})
  Path Group:             sys_clk_pin
  Path Type:              Hold (Min at Fast Process Corner)
  Requirement:            0.000ns  (sys_clk_pin rise@0.000ns - sys_clk_pin rise@0.000ns)
  Data Path Delay:        0.361ns  (logic 0.256ns (70.880%)  route 0.105ns (29.120%))
  Logic Levels:           1  (CARRY4=1)
  Clock Path Skew:        0.000ns (DCD - SCD - CPR)
    Destination Clock Delay (DCD):    2.037ns
    Source Clock Delay      (SCD):    1.519ns
    Clock Pessimism Removal (CPR):    0.517ns

    Location             Delay type                Incr(ns)  Path(ns)    Netlist Resource(s)
  -------------------------------------------------------------------    -------------------
                         (clock sys_clk_pin rise edge)
                                                      0.000     0.000 r  
    E3                                                0.000     0.000 r  CLK100MHZ (IN)
                         net (fo=0)                   0.000     0.000    CLK100MHZ
    E3                   IBUF (Prop_ibuf_I_O)         0.250     0.250 r  CLK100MHZ_IBUF_inst/O
                         net (fo=1, routed)           0.644     0.894    CLK100MHZ_IBUF
    BUFGCTRL_X0Y16       BUFG (Prop_bufg_I_O)         0.026     0.920 r  CLK100MHZ_IBUF_BUFG_inst/O
                         net (fo=48, routed)          0.600     1.519    x7/CLK100MHZ_IBUF_BUFG
    SLICE_X1Y86          FDRE                                         r  x7/clkdiv_reg[12]/C
  -------------------------------------------------------------------    -------------------
    SLICE_X1Y86          FDRE (Prop_fdre_C_Q)         0.141     1.660 r  x7/clkdiv_reg[12]/Q
                         net (fo=1, routed)           0.105     1.766    x7/clkdiv_reg_n_0_[12]
    SLICE_X1Y86          CARRY4 (Prop_carry4_S[0]_O[0])
                                                      0.115     1.881 r  x7/clkdiv_reg[12]_i_1/O[0]
                         net (fo=1, routed)           0.000     1.881    x7/clkdiv_reg[12]_i_1_n_7
    SLICE_X1Y86          FDRE                                         r  x7/clkdiv_reg[12]/D
  -------------------------------------------------------------------    -------------------

                         (clock sys_clk_pin rise edge)
                                                      0.000     0.000 r  
    E3                                                0.000     0.000 r  CLK100MHZ (IN)
                         net (fo=0)                   0.000     0.000    CLK100MHZ
    E3                   IBUF (Prop_ibuf_I_O)         0.438     0.438 r  CLK100MHZ_IBUF_inst/O
                         net (fo=1, routed)           0.699     1.136    CLK100MHZ_IBUF
    BUFGCTRL_X0Y16       BUFG (Prop_bufg_I_O)         0.029     1.165 r  CLK100MHZ_IBUF_BUFG_inst/O
                         net (fo=48, routed)          0.872     2.037    x7/CLK100MHZ_IBUF_BUFG
    SLICE_X1Y86          FDRE                                         r  x7/clkdiv_reg[12]/C
                         clock pessimism             -0.517     1.519    
    SLICE_X1Y86          FDRE (Hold_fdre_C_D)         0.105     1.624    x7/clkdiv_reg[12]
  -------------------------------------------------------------------
                         required time                         -1.624    
                         arrival time                           1.881    
  -------------------------------------------------------------------
                         slack                                  0.256    

Slack (MET) :             0.256ns  (arrival time - required time)
  Source:                 x7/clkdiv_reg[8]/C
                            (rising edge-triggered cell FDRE clocked by sys_clk_pin  {rise@0.000ns fall@5.000ns period=10.000ns})
  Destination:            x7/clkdiv_reg[8]/D
                            (rising edge-triggered cell FDRE clocked by sys_clk_pin  {rise@0.000ns fall@5.000ns period=10.000ns})
  Path Group:             sys_clk_pin
  Path Type:              Hold (Min at Fast Process Corner)
  Requirement:            0.000ns  (sys_clk_pin rise@0.000ns - sys_clk_pin rise@0.000ns)
  Data Path Delay:        0.361ns  (logic 0.256ns (70.880%)  route 0.105ns (29.120%))
  Logic Levels:           1  (CARRY4=1)
  Clock Path Skew:        0.000ns (DCD - SCD - CPR)
    Destination Clock Delay (DCD):    2.037ns
    Source Clock Delay      (SCD):    1.519ns
    Clock Pessimism Removal (CPR):    0.517ns

    Location             Delay type                Incr(ns)  Path(ns)    Netlist Resource(s)
  -------------------------------------------------------------------    -------------------
                         (clock sys_clk_pin rise edge)
                                                      0.000     0.000 r  
    E3                                                0.000     0.000 r  CLK100MHZ (IN)
                         net (fo=0)                   0.000     0.000    CLK100MHZ
    E3                   IBUF (Prop_ibuf_I_O)         0.250     0.250 r  CLK100MHZ_IBUF_inst/O
                         net (fo=1, routed)           0.644     0.894    CLK100MHZ_IBUF
    BUFGCTRL_X0Y16       BUFG (Prop_bufg_I_O)         0.026     0.920 r  CLK100MHZ_IBUF_BUFG_inst/O
                         net (fo=48, routed)          0.600     1.519    x7/CLK100MHZ_IBUF_BUFG
    SLICE_X1Y85          FDRE                                         r  x7/clkdiv_reg[8]/C
  -------------------------------------------------------------------    -------------------
    SLICE_X1Y85          FDRE (Prop_fdre_C_Q)         0.141     1.660 r  x7/clkdiv_reg[8]/Q
                         net (fo=1, routed)           0.105     1.766    x7/clkdiv_reg_n_0_[8]
    SLICE_X1Y85          CARRY4 (Prop_carry4_S[0]_O[0])
                                                      0.115     1.881 r  x7/clkdiv_reg[8]_i_1/O[0]
                         net (fo=1, routed)           0.000     1.881    x7/clkdiv_reg[8]_i_1_n_7
    SLICE_X1Y85          FDRE                                         r  x7/clkdiv_reg[8]/D
  -------------------------------------------------------------------    -------------------

                         (clock sys_clk_pin rise edge)
                                                      0.000     0.000 r  
    E3                                                0.000     0.000 r  CLK100MHZ (IN)
                         net (fo=0)                   0.000     0.000    CLK100MHZ
    E3                   IBUF (Prop_ibuf_I_O)         0.438     0.438 r  CLK100MHZ_IBUF_inst/O
                         net (fo=1, routed)           0.699     1.136    CLK100MHZ_IBUF
    BUFGCTRL_X0Y16       BUFG (Prop_bufg_I_O)         0.029     1.165 r  CLK100MHZ_IBUF_BUFG_inst/O
                         net (fo=48, routed)          0.872     2.037    x7/CLK100MHZ_IBUF_BUFG
    SLICE_X1Y85          FDRE                                         r  x7/clkdiv_reg[8]/C
                         clock pessimism             -0.517     1.519    
    SLICE_X1Y85          FDRE (Hold_fdre_C_D)         0.105     1.624    x7/clkdiv_reg[8]
  -------------------------------------------------------------------
                         required time                         -1.624    
                         arrival time                           1.881    
  -------------------------------------------------------------------
                         slack                                  0.256    

Slack (MET) :             0.256ns  (arrival time - required time)
  Source:                 x7/clkdiv_reg[2]/C
                            (rising edge-triggered cell FDRE clocked by sys_clk_pin  {rise@0.000ns fall@5.000ns period=10.000ns})
  Destination:            x7/clkdiv_reg[2]/D
                            (rising edge-triggered cell FDRE clocked by sys_clk_pin  {rise@0.000ns fall@5.000ns period=10.000ns})
  Path Group:             sys_clk_pin
  Path Type:              Hold (Min at Fast Process Corner)
  Requirement:            0.000ns  (sys_clk_pin rise@0.000ns - sys_clk_pin rise@0.000ns)
  Data Path Delay:        0.361ns  (logic 0.252ns (69.733%)  route 0.109ns (30.267%))
  Logic Levels:           1  (CARRY4=1)
  Clock Path Skew:        0.000ns (DCD - SCD - CPR)
    Destination Clock Delay (DCD):    2.035ns
    Source Clock Delay      (SCD):    1.518ns
    Clock Pessimism Removal (CPR):    0.516ns

    Location             Delay type                Incr(ns)  Path(ns)    Netlist Resource(s)
  -------------------------------------------------------------------    -------------------
                         (clock sys_clk_pin rise edge)
                                                      0.000     0.000 r  
    E3                                                0.000     0.000 r  CLK100MHZ (IN)
                         net (fo=0)                   0.000     0.000    CLK100MHZ
    E3                   IBUF (Prop_ibuf_I_O)         0.250     0.250 r  CLK100MHZ_IBUF_inst/O
                         net (fo=1, routed)           0.644     0.894    CLK100MHZ_IBUF
    BUFGCTRL_X0Y16       BUFG (Prop_bufg_I_O)         0.026     0.920 r  CLK100MHZ_IBUF_BUFG_inst/O
                         net (fo=48, routed)          0.599     1.518    x7/CLK100MHZ_IBUF_BUFG
    SLICE_X1Y83          FDRE                                         r  x7/clkdiv_reg[2]/C
  -------------------------------------------------------------------    -------------------
    SLICE_X1Y83          FDRE (Prop_fdre_C_Q)         0.141     1.659 r  x7/clkdiv_reg[2]/Q
                         net (fo=1, routed)           0.109     1.769    x7/clkdiv_reg_n_0_[2]
    SLICE_X1Y83          CARRY4 (Prop_carry4_S[2]_O[2])
                                                      0.111     1.880 r  x7/clkdiv_reg[0]_i_1/O[2]
                         net (fo=1, routed)           0.000     1.880    x7/clkdiv_reg[0]_i_1_n_5
    SLICE_X1Y83          FDRE                                         r  x7/clkdiv_reg[2]/D
  -------------------------------------------------------------------    -------------------

                         (clock sys_clk_pin rise edge)
                                                      0.000     0.000 r  
    E3                                                0.000     0.000 r  CLK100MHZ (IN)
                         net (fo=0)                   0.000     0.000    CLK100MHZ
    E3                   IBUF (Prop_ibuf_I_O)         0.438     0.438 r  CLK100MHZ_IBUF_inst/O
                         net (fo=1, routed)           0.699     1.136    CLK100MHZ_IBUF
    BUFGCTRL_X0Y16       BUFG (Prop_bufg_I_O)         0.029     1.165 r  CLK100MHZ_IBUF_BUFG_inst/O
                         net (fo=48, routed)          0.870     2.035    x7/CLK100MHZ_IBUF_BUFG
    SLICE_X1Y83          FDRE                                         r  x7/clkdiv_reg[2]/C
                         clock pessimism             -0.516     1.518    
    SLICE_X1Y83          FDRE (Hold_fdre_C_D)         0.105     1.623    x7/clkdiv_reg[2]
  -------------------------------------------------------------------
                         required time                         -1.623    
                         arrival time                           1.880    
  -------------------------------------------------------------------
                         slack                                  0.256    

Slack (MET) :             0.256ns  (arrival time - required time)
  Source:                 x7/clkdiv_reg[6]/C
                            (rising edge-triggered cell FDRE clocked by sys_clk_pin  {rise@0.000ns fall@5.000ns period=10.000ns})
  Destination:            x7/clkdiv_reg[6]/D
                            (rising edge-triggered cell FDRE clocked by sys_clk_pin  {rise@0.000ns fall@5.000ns period=10.000ns})
  Path Group:             sys_clk_pin
  Path Type:              Hold (Min at Fast Process Corner)
  Requirement:            0.000ns  (sys_clk_pin rise@0.000ns - sys_clk_pin rise@0.000ns)
  Data Path Delay:        0.361ns  (logic 0.252ns (69.733%)  route 0.109ns (30.267%))
  Logic Levels:           1  (CARRY4=1)
  Clock Path Skew:        0.000ns (DCD - SCD - CPR)
    Destination Clock Delay (DCD):    2.036ns
    Source Clock Delay      (SCD):    1.519ns
    Clock Pessimism Removal (CPR):    0.516ns

    Location             Delay type                Incr(ns)  Path(ns)    Netlist Resource(s)
  -------------------------------------------------------------------    -------------------
                         (clock sys_clk_pin rise edge)
                                                      0.000     0.000 r  
    E3                                                0.000     0.000 r  CLK100MHZ (IN)
                         net (fo=0)                   0.000     0.000    CLK100MHZ
    E3                   IBUF (Prop_ibuf_I_O)         0.250     0.250 r  CLK100MHZ_IBUF_inst/O
                         net (fo=1, routed)           0.644     0.894    CLK100MHZ_IBUF
    BUFGCTRL_X0Y16       BUFG (Prop_bufg_I_O)         0.026     0.920 r  CLK100MHZ_IBUF_BUFG_inst/O
                         net (fo=48, routed)          0.600     1.519    x7/CLK100MHZ_IBUF_BUFG
    SLICE_X1Y84          FDRE                                         r  x7/clkdiv_reg[6]/C
  -------------------------------------------------------------------    -------------------
    SLICE_X1Y84          FDRE (Prop_fdre_C_Q)         0.141     1.660 r  x7/clkdiv_reg[6]/Q
                         net (fo=1, routed)           0.109     1.770    x7/clkdiv_reg_n_0_[6]
    SLICE_X1Y84          CARRY4 (Prop_carry4_S[2]_O[2])
                                                      0.111     1.881 r  x7/clkdiv_reg[4]_i_1/O[2]
                         net (fo=1, routed)           0.000     1.881    x7/clkdiv_reg[4]_i_1_n_5
    SLICE_X1Y84          FDRE                                         r  x7/clkdiv_reg[6]/D
  -------------------------------------------------------------------    -------------------

                         (clock sys_clk_pin rise edge)
                                                      0.000     0.000 r  
    E3                                                0.000     0.000 r  CLK100MHZ (IN)
                         net (fo=0)                   0.000     0.000    CLK100MHZ
    E3                   IBUF (Prop_ibuf_I_O)         0.438     0.438 r  CLK100MHZ_IBUF_inst/O
                         net (fo=1, routed)           0.699     1.136    CLK100MHZ_IBUF
    BUFGCTRL_X0Y16       BUFG (Prop_bufg_I_O)         0.029     1.165 r  CLK100MHZ_IBUF_BUFG_inst/O
                         net (fo=48, routed)          0.871     2.036    x7/CLK100MHZ_IBUF_BUFG
    SLICE_X1Y84          FDRE                                         r  x7/clkdiv_reg[6]/C
                         clock pessimism             -0.516     1.519    
    SLICE_X1Y84          FDRE (Hold_fdre_C_D)         0.105     1.624    x7/clkdiv_reg[6]
  -------------------------------------------------------------------
                         required time                         -1.624    
                         arrival time                           1.881    
  -------------------------------------------------------------------
                         slack                                  0.256    





Pulse Width Checks
--------------------------------------------------------------------------------------
Clock Name:         sys_clk_pin
Waveform(ns):       { 0.000 5.000 }
Period(ns):         10.000
Sources:            { CLK100MHZ }

Check Type        Corner  Lib Pin  Reference Pin  Required(ns)  Actual(ns)  Slack(ns)  Location        Pin
Min Period        n/a     BUFG/I   n/a            2.155         10.000      7.845      BUFGCTRL_X0Y16  CLK100MHZ_IBUF_BUFG_inst/I
Min Period        n/a     FDRE/C   n/a            1.000         10.000      9.000      SLICE_X3Y87     U1/OneSecond_reg/C
Min Period        n/a     FDCE/C   n/a            1.000         10.000      9.000      SLICE_X4Y84     U1/count_reg[0]/C
Min Period        n/a     FDCE/C   n/a            1.000         10.000      9.000      SLICE_X5Y86     U1/count_reg[10]/C
Min Period        n/a     FDCE/C   n/a            1.000         10.000      9.000      SLICE_X5Y86     U1/count_reg[11]/C
Min Period        n/a     FDCE/C   n/a            1.000         10.000      9.000      SLICE_X5Y85     U1/count_reg[12]/C
Min Period        n/a     FDCE/C   n/a            1.000         10.000      9.000      SLICE_X5Y88     U1/count_reg[13]/C
Min Period        n/a     FDCE/C   n/a            1.000         10.000      9.000      SLICE_X5Y88     U1/count_reg[14]/C
Min Period        n/a     FDCE/C   n/a            1.000         10.000      9.000      SLICE_X5Y86     U1/count_reg[15]/C
Min Period        n/a     FDCE/C   n/a            1.000         10.000      9.000      SLICE_X5Y86     U1/count_reg[16]/C
Low Pulse Width   Fast    FDCE/C   n/a            0.500         5.000       4.500      SLICE_X4Y84     U1/count_reg[0]/C
Low Pulse Width   Fast    FDCE/C   n/a            0.500         5.000       4.500      SLICE_X5Y84     U1/count_reg[1]/C
Low Pulse Width   Fast    FDCE/C   n/a            0.500         5.000       4.500      SLICE_X5Y84     U1/count_reg[2]/C
Low Pulse Width   Fast    FDCE/C   n/a            0.500         5.000       4.500      SLICE_X5Y84     U1/count_reg[3]/C
Low Pulse Width   Fast    FDCE/C   n/a            0.500         5.000       4.500      SLICE_X5Y84     U1/count_reg[4]/C
Low Pulse Width   Fast    FDRE/C   n/a            0.500         5.000       4.500      SLICE_X1Y84     x7/clkdiv_reg[4]/C
Low Pulse Width   Fast    FDRE/C   n/a            0.500         5.000       4.500      SLICE_X1Y84     x7/clkdiv_reg[5]/C
Low Pulse Width   Fast    FDRE/C   n/a            0.500         5.000       4.500      SLICE_X1Y84     x7/clkdiv_reg[6]/C
Low Pulse Width   Fast    FDRE/C   n/a            0.500         5.000       4.500      SLICE_X1Y84     x7/clkdiv_reg[7]/C
Low Pulse Width   Fast    FDRE/C   n/a            0.500         5.000       4.500      SLICE_X3Y87     U1/OneSecond_reg/C
High Pulse Width  Slow    FDCE/C   n/a            0.500         5.000       4.500      SLICE_X4Y84     U1/count_reg[0]/C
High Pulse Width  Slow    FDCE/C   n/a            0.500         5.000       4.500      SLICE_X5Y84     U1/count_reg[1]/C
High Pulse Width  Slow    FDCE/C   n/a            0.500         5.000       4.500      SLICE_X5Y84     U1/count_reg[2]/C
High Pulse Width  Slow    FDCE/C   n/a            0.500         5.000       4.500      SLICE_X5Y84     U1/count_reg[3]/C
High Pulse Width  Slow    FDCE/C   n/a            0.500         5.000       4.500      SLICE_X5Y84     U1/count_reg[4]/C
High Pulse Width  Slow    FDRE/C   n/a            0.500         5.000       4.500      SLICE_X1Y83     x7/clkdiv_reg[0]/C
High Pulse Width  Slow    FDRE/C   n/a            0.500         5.000       4.500      SLICE_X1Y83     x7/clkdiv_reg[1]/C
High Pulse Width  Slow    FDRE/C   n/a            0.500         5.000       4.500      SLICE_X1Y83     x7/clkdiv_reg[2]/C
High Pulse Width  Slow    FDRE/C   n/a            0.500         5.000       4.500      SLICE_X1Y83     x7/clkdiv_reg[3]/C
High Pulse Width  Slow    FDRE/C   n/a            0.500         5.000       4.500      SLICE_X1Y84     x7/clkdiv_reg[4]/C



